Flow report for trig
Wed Nov 21 23:21:30 2018
Quartus II Version 9.1 Build 222 10/21/2009 SJ Full Version


---------------------
; Table of Contents ;
---------------------
  1. Legal Notice
  2. Flow Summary
  3. Flow Settings
  4. Flow Non-Default Global Settings
  5. Flow Elapsed Time
  6. Flow OS Summary
  7. Flow Log



----------------
; Legal Notice ;
----------------
Copyright (C) 1991-2009 Altera Corporation
Your use of Altera Corporation's design tools, logic functions 
and other software and tools, and its AMPP partner logic 
functions, and any output files from any of the foregoing 
(including device programming or simulation files), and any 
associated documentation or information are expressly subject 
to the terms and conditions of the Altera Program License 
Subscription Agreement, Altera MegaCore Function License 
Agreement, or other applicable license agreement, including, 
without limitation, that your use is for the sole purpose of 
programming logic devices manufactured by Altera and sold by 
Altera or its authorized distributors.  Please refer to the 
applicable agreement for further details.



+--------------------------------------------------------------------+
; Flow Summary                                                       ;
+-------------------------+------------------------------------------+
; Flow Status             ; Successful - Wed Nov 21 23:21:30 2018    ;
; Quartus II Version      ; 9.1 Build 222 10/21/2009 SJ Full Version ;
; Revision Name           ; trig                                     ;
; Top-level Entity Name   ; trig                                     ;
; Family                  ; Cyclone                                  ;
; Device                  ; EP1C20F400I7                             ;
; Timing Models           ; Final                                    ;
; Met timing requirements ; Yes                                      ;
; Total logic elements    ; 138 / 20,060 ( < 1 % )                   ;
; Total pins              ; 42 / 301 ( 14 % )                        ;
; Total virtual pins      ; 0                                        ;
; Total memory bits       ; 0 / 294,912 ( 0 % )                      ;
; Total PLLs              ; 0 / 2 ( 0 % )                            ;
+-------------------------+------------------------------------------+


+-----------------------------------------+
; Flow Settings                           ;
+-------------------+---------------------+
; Option            ; Setting             ;
+-------------------+---------------------+
; Start date & time ; 11/21/2018 23:20:55 ;
; Main task         ; Compilation         ;
; Revision Name     ; trig                ;
+-------------------+---------------------+


+--------------------------------------------------------------------------------------------------------------------+
; Flow Non-Default Global Settings                                                                                   ;
+------------------------------------+--------------------------------+---------------+-------------+----------------+
; Assignment Name                    ; Value                          ; Default Value ; Entity Name ; Section Id     ;
+------------------------------------+--------------------------------+---------------+-------------+----------------+
; COMPILER_SIGNATURE_ID              ; 71400337592970.154281725407928 ; --            ; --          ; --             ;
; MAX_CORE_JUNCTION_TEMP             ; 100                            ; --            ; --          ; --             ;
; MIN_CORE_JUNCTION_TEMP             ; 0                              ; --            ; --          ; --             ;
; PARTITION_COLOR                    ; 16764057                       ; --            ; --          ; Top            ;
; PARTITION_NETLIST_TYPE             ; SOURCE                         ; --            ; --          ; Top            ;
; USE_GENERATED_PHYSICAL_CONSTRAINTS ; Off                            ; --            ; --          ; eda_blast_fpga ;
+------------------------------------+--------------------------------+---------------+-------------+----------------+


+-----------------------------------------------------------------------------------------------------------------------------+
; Flow Elapsed Time                                                                                                           ;
+-------------------------+--------------+-------------------------+---------------------+------------------------------------+
; Module Name             ; Elapsed Time ; Average Processors Used ; Peak Virtual Memory ; Total CPU Time (on all processors) ;
+-------------------------+--------------+-------------------------+---------------------+------------------------------------+
; Analysis & Synthesis    ; 00:00:06     ; 1.0                     ; 253 MB              ; 00:00:05                           ;
; Fitter                  ; 00:00:15     ; 1.1                     ; 305 MB              ; 00:00:15                           ;
; Assembler               ; 00:00:05     ; 1.0                     ; 252 MB              ; 00:00:04                           ;
; Classic Timing Analyzer ; 00:00:02     ; 1.0                     ; 197 MB              ; 00:00:02                           ;
; Total                   ; 00:00:28     ; --                      ; --                  ; 00:00:26                           ;
+-------------------------+--------------+-------------------------+---------------------+------------------------------------+


+------------------------------------------------------------------------------------------+
; Flow OS Summary                                                                          ;
+-------------------------+------------------+---------------+------------+----------------+
; Module Name             ; Machine Hostname ; OS Name       ; OS Version ; Processor type ;
+-------------------------+------------------+---------------+------------+----------------+
; Analysis & Synthesis    ; pakpakpak7       ; Windows Vista ; 6.2        ; x86_64         ;
; Fitter                  ; pakpakpak7       ; Windows Vista ; 6.2        ; x86_64         ;
; Assembler               ; pakpakpak7       ; Windows Vista ; 6.2        ; x86_64         ;
; Classic Timing Analyzer ; pakpakpak7       ; Windows Vista ; 6.2        ; x86_64         ;
+-------------------------+------------------+---------------+------------+----------------+


------------
; Flow Log ;
------------
quartus_map --read_settings_files=on --write_settings_files=off trig -c trig
quartus_fit --read_settings_files=off --write_settings_files=off trig -c trig
quartus_asm --read_settings_files=off --write_settings_files=off trig -c trig
quartus_tan --read_settings_files=off --write_settings_files=off trig -c trig --timing_analysis_only



