Added Component: Designator=*(ADA)
Added Component: Designator=*(ADS)
Added Component: Designator=C?(condenser)
Added Component: Designator=R?(resistor)
Added Component: Designator=R?(resistor)
Added Pin To Net: NetName=+ 5V Pin=*-13
Added Net: Name=+ 5V
Added Pin To Net: NetName=-5 V Pin=*-5
Added Net: Name=-5 V
Added Pin To Net: NetName=GND Pin=*-3
Added Pin To Net: NetName=GND Pin=C?-2
Added Net: Name=GND
Added Pin To Net: NetName=Net*_2 Pin=*-2
Added Pin To Net: NetName=Net*_2 Pin=C?-3
Added Pin To Net: NetName=Net*_2 Pin=R?-2
Added Pin To Net: NetName=Net*_2 Pin=R?-3
Added Net: Name=Net*_2
Added Pin To Net: NetName=Net*_10 Pin=*-10
Added Pin To Net: NetName=Net*_10 Pin=*-16
Added Net: Name=Net*_10
Added Pin To Net: NetName=Net*_11 Pin=*-11
Added Pin To Net: NetName=Net*_11 Pin=*-15
Added Pin To Net: NetName=Net*_11 Pin=R?-3
Added Net: Name=Net*_11
Added Pin To Net: NetName=NetR?_2 Pin=R?-2
Added Net: Name=NetR?_2
Added Class: Name=V_4
Added Room: Name=V_4
