Fitter report for trigger
Sun Nov 04 17:27:33 2018
Quartus II Version 9.1 Build 222 10/21/2009 SJ Full Version


---------------------
; Table of Contents ;
---------------------
  1. Legal Notice
  2. Fitter Summary
  3. Fitter Settings
  4. Parallel Compilation
  5. Incremental Compilation Preservation Summary
  6. Incremental Compilation Partition Settings
  7. Incremental Compilation Placement Preservation
  8. Pin-Out File
  9. Fitter Resource Usage Summary
 10. Input Pins
 11. Output Pins
 12. I/O Bank Usage
 13. All Package Pins
 14. Output Pin Default Load For Reported TCO
 15. Fitter Resource Utilization by Entity
 16. Delay Chain Summary
 17. Pad To Core Delay Chain Fanout
 18. Control Signals
 19. Global & Other Fast Signals
 20. Non-Global High Fan-Out Signals
 21. Interconnect Usage Summary
 22. LAB Logic Elements
 23. LAB Signals Sourced
 24. LAB Signals Sourced Out
 25. LAB Distinct Inputs
 26. Fitter Device Options
 27. Estimated Delay Added for Hold Timing
 28. Fitter Messages
 29. Fitter Suppressed Messages



----------------
; Legal Notice ;
----------------
Copyright (C) 1991-2009 Altera Corporation
Your use of Altera Corporation's design tools, logic functions 
and other software and tools, and its AMPP partner logic 
functions, and any output files from any of the foregoing 
(including device programming or simulation files), and any 
associated documentation or information are expressly subject 
to the terms and conditions of the Altera Program License 
Subscription Agreement, Altera MegaCore Function License 
Agreement, or other applicable license agreement, including, 
without limitation, that your use is for the sole purpose of 
programming logic devices manufactured by Altera and sold by 
Altera or its authorized distributors.  Please refer to the 
applicable agreement for further details.



+------------------------------------------------------------------+
; Fitter Summary                                                   ;
+-----------------------+------------------------------------------+
; Fitter Status         ; Successful - Sun Nov 04 17:27:33 2018    ;
; Quartus II Version    ; 9.1 Build 222 10/21/2009 SJ Full Version ;
; Revision Name         ; trigger                                  ;
; Top-level Entity Name ; trigger                                  ;
; Family                ; Cyclone                                  ;
; Device                ; EP1C3T100A8                              ;
; Timing Models         ; Final                                    ;
; Total logic elements  ; 164 / 2,910 ( 6 % )                      ;
; Total pins            ; 48 / 65 ( 74 % )                         ;
; Total virtual pins    ; 0                                        ;
; Total memory bits     ; 0 / 59,904 ( 0 % )                       ;
; Total PLLs            ; 0 / 1 ( 0 % )                            ;
+-----------------------+------------------------------------------+


+----------------------------------------------------------------------------------------------------------------------------------------------+
; Fitter Settings                                                                                                                              ;
+----------------------------------------------------------------------------+--------------------------------+--------------------------------+
; Option                                                                     ; Setting                        ; Default Value                  ;
+----------------------------------------------------------------------------+--------------------------------+--------------------------------+
; Device                                                                     ; EP1C3T100A8                    ;                                ;
; Fit Attempts to Skip                                                       ; 0                              ; 0.0                            ;
; Use smart compilation                                                      ; Off                            ; Off                            ;
; Enable parallel Assembler and TimeQuest Timing Analyzer during compilation ; On                             ; On                             ;
; Enable compact report table                                                ; Off                            ; Off                            ;
; Use TimeQuest Timing Analyzer                                              ; Off                            ; Off                            ;
; Router Timing Optimization Level                                           ; Normal                         ; Normal                         ;
; Placement Effort Multiplier                                                ; 1.0                            ; 1.0                            ;
; Router Effort Multiplier                                                   ; 1.0                            ; 1.0                            ;
; Optimize Hold Timing                                                       ; IO Paths and Minimum TPD Paths ; IO Paths and Minimum TPD Paths ;
; Optimize Multi-Corner Timing                                               ; Off                            ; Off                            ;
; Optimize Timing                                                            ; Normal compilation             ; Normal compilation             ;
; Optimize Timing for ECOs                                                   ; Off                            ; Off                            ;
; Regenerate full fit report during ECO compiles                             ; Off                            ; Off                            ;
; Optimize IOC Register Placement for Timing                                 ; On                             ; On                             ;
; Limit to One Fitting Attempt                                               ; Off                            ; Off                            ;
; Final Placement Optimizations                                              ; Automatically                  ; Automatically                  ;
; Fitter Aggressive Routability Optimizations                                ; Automatically                  ; Automatically                  ;
; Fitter Initial Placement Seed                                              ; 1                              ; 1                              ;
; Slow Slew Rate                                                             ; Off                            ; Off                            ;
; PCI I/O                                                                    ; Off                            ; Off                            ;
; Weak Pull-Up Resistor                                                      ; Off                            ; Off                            ;
; Enable Bus-Hold Circuitry                                                  ; Off                            ; Off                            ;
; Auto Global Memory Control Signals                                         ; Off                            ; Off                            ;
; Auto Packed Registers                                                      ; Auto                           ; Auto                           ;
; Auto Delay Chains                                                          ; On                             ; On                             ;
; Auto Merge PLLs                                                            ; On                             ; On                             ;
; Perform Physical Synthesis for Combinational Logic for Performance         ; Off                            ; Off                            ;
; Perform Register Duplication for Performance                               ; Off                            ; Off                            ;
; Perform Register Retiming for Performance                                  ; Off                            ; Off                            ;
; Perform Asynchronous Signal Pipelining                                     ; Off                            ; Off                            ;
; Fitter Effort                                                              ; Auto Fit                       ; Auto Fit                       ;
; Physical Synthesis Effort Level                                            ; Normal                         ; Normal                         ;
; Logic Cell Insertion - Logic Duplication                                   ; Auto                           ; Auto                           ;
; Auto Register Duplication                                                  ; Auto                           ; Auto                           ;
; Auto Global Clock                                                          ; On                             ; On                             ;
; Auto Global Register Control Signals                                       ; On                             ; On                             ;
; Stop After Congestion Map Generation                                       ; Off                            ; Off                            ;
; Save Intermediate Fitting Results                                          ; Off                            ; Off                            ;
; Force Fitter to Avoid Periphery Placement Warnings                         ; Off                            ; Off                            ;
; Use Best Effort Settings for Compilation                                   ; Off                            ; Off                            ;
+----------------------------------------------------------------------------+--------------------------------+--------------------------------+


+------------------------------------------+
; Parallel Compilation                     ;
+----------------------------+-------------+
; Processors                 ; Number      ;
+----------------------------+-------------+
; Number detected on machine ; 2           ;
; Maximum allowed            ; 2           ;
;                            ;             ;
; Average used               ; 1.08        ;
; Maximum used               ; 2           ;
;                            ;             ;
; Usage by Processor         ; % Time Used ;
;     1 processor            ; 100.0%      ;
;     2 processors           ;   4.0%      ;
+----------------------------+-------------+


+----------------------------------------------+
; Incremental Compilation Preservation Summary ;
+-------------------------+--------------------+
; Type                    ; Value              ;
+-------------------------+--------------------+
; Placement               ;                    ;
;     -- Requested        ; 0 / 215 ( 0.00 % ) ;
;     -- Achieved         ; 0 / 215 ( 0.00 % ) ;
;                         ;                    ;
; Routing (by Connection) ;                    ;
;     -- Requested        ; 0 / 0 ( 0.00 % )   ;
;     -- Achieved         ; 0 / 0 ( 0.00 % )   ;
+-------------------------+--------------------+


+--------------------------------------------------------------------------------------------------------------------------------------------------+
; Incremental Compilation Partition Settings                                                                                                       ;
+----------------+----------------+-------------------+-------------------------+------------------------+------------------------------+----------+
; Partition Name ; Partition Type ; Netlist Type Used ; Preservation Level Used ; Netlist Type Requested ; Preservation Level Requested ; Contents ;
+----------------+----------------+-------------------+-------------------------+------------------------+------------------------------+----------+
; Top            ; User-created   ; Source File       ; N/A                     ; Source File            ; N/A                          ;          ;
+----------------+----------------+-------------------+-------------------------+------------------------+------------------------------+----------+


+--------------------------------------------------------------------------------------------+
; Incremental Compilation Placement Preservation                                             ;
+----------------+---------+-------------------+-------------------------+-------------------+
; Partition Name ; # Nodes ; # Preserved Nodes ; Preservation Level Used ; Netlist Type Used ;
+----------------+---------+-------------------+-------------------------+-------------------+
; Top            ; 215     ; 0                 ; N/A                     ; Source File       ;
+----------------+---------+-------------------+-------------------------+-------------------+


+--------------+
; Pin-Out File ;
+--------------+
The pin-out file can be found in C:/Users/Артем/Desktop/PakQuartus/3/trigger.pin.


+----------------------------------------------------------------------------------------------+
; Fitter Resource Usage Summary                                                                ;
+---------------------------------------------+------------------------------------------------+
; Resource                                    ; Usage                                          ;
+---------------------------------------------+------------------------------------------------+
; Total logic elements                        ; 164 / 2,910 ( 6 % )                            ;
;     -- Combinational with no register       ; 164                                            ;
;     -- Register only                        ; 0                                              ;
;     -- Combinational with a register        ; 0                                              ;
;                                             ;                                                ;
; Logic element usage by number of LUT inputs ;                                                ;
;     -- 4 input functions                    ; 28                                             ;
;     -- 3 input functions                    ; 80                                             ;
;     -- 2 input functions                    ; 46                                             ;
;     -- 1 input functions                    ; 8                                              ;
;     -- 0 input functions                    ; 2                                              ;
;                                             ;                                                ;
; Logic elements by mode                      ;                                                ;
;     -- normal mode                          ; 98                                             ;
;     -- arithmetic mode                      ; 66                                             ;
;     -- qfbk mode                            ; 0                                              ;
;     -- register cascade mode                ; 0                                              ;
;     -- synchronous clear/load mode          ; 0                                              ;
;     -- asynchronous clear/load mode         ; 0                                              ;
;                                             ;                                                ;
; Total registers                             ; 0 / 3,099 ( 0 % )                              ;
; Total LABs                                  ; 49 / 291 ( 17 % )                              ;
; Logic elements in carry chains              ; 73                                             ;
; User inserted logic elements                ; 0                                              ;
; Virtual pins                                ; 0                                              ;
; I/O pins                                    ; 48 / 65 ( 74 % )                               ;
;     -- Clock pins                           ; 2 / 2 ( 100 % )                                ;
; Global signals                              ; 1                                              ;
; M4Ks                                        ; 0 / 13 ( 0 % )                                 ;
; Total memory bits                           ; 0 / 59,904 ( 0 % )                             ;
; Total RAM block bits                        ; 0 / 59,904 ( 0 % )                             ;
; PLLs                                        ; 0 / 1 ( 0 % )                                  ;
; Global clocks                               ; 1 / 8 ( 13 % )                                 ;
; JTAGs                                       ; 0 / 1 ( 0 % )                                  ;
; ASMI Blocks                                 ; 0 / 1 ( 0 % )                                  ;
; CRC blocks                                  ; 0 / 1 ( 0 % )                                  ;
; Average interconnect usage (total/H/V)      ; 2% / 2% / 2%                                   ;
; Peak interconnect usage (total/H/V)         ; 3% / 3% / 4%                                   ;
; Maximum fan-out node                        ; clc                                            ;
; Maximum fan-out                             ; 40                                             ;
; Highest non-global fan-out signal           ; lpm_mult:Mult1|mult_6us:auto_generated|cs1a[0] ;
; Highest non-global fan-out                  ; 11                                             ;
; Total fan-out                               ; 509                                            ;
; Average fan-out                             ; 2.38                                           ;
+---------------------------------------------+------------------------------------------------+


+------------------------------------------------------------------------------------------------------------------------------------------------------------------------------------------------------------------------------------------------------------+
; Input Pins                                                                                                                                                                                                                                                 ;
+------+-------+----------+--------------+--------------+-------------+-----------------------+--------------------+--------+----------------+---------------+-----------------+----------+--------------+--------------+-------------+----------------------+
; Name ; Pin # ; I/O Bank ; X coordinate ; Y coordinate ; Cell number ; Combinational Fan-Out ; Registered Fan-Out ; Global ; Input Register ; Power Up High ; PCI I/O Enabled ; Bus Hold ; Weak Pull Up ; I/O Standard ; Termination ; Location assigned by ;
+------+-------+----------+--------------+--------------+-------------+-----------------------+--------------------+--------+----------------+---------------+-----------------+----------+--------------+--------------+-------------+----------------------+
; A[0] ; 73    ; 3        ; 27           ; 11           ; 0           ; 9                     ; 0                  ; no     ; no             ; no            ; no              ; no       ; Off          ; 3.3-V LVTTL  ; Off         ; Fitter               ;
; A[1] ; 41    ; 4        ; 20           ; 0            ; 1           ; 9                     ; 0                  ; no     ; no             ; no            ; no              ; no       ; Off          ; 3.3-V LVTTL  ; Off         ; Fitter               ;
; A[2] ; 69    ; 3        ; 27           ; 9            ; 1           ; 9                     ; 0                  ; no     ; no             ; no            ; no              ; no       ; Off          ; 3.3-V LVTTL  ; Off         ; Fitter               ;
; A[3] ; 48    ; 4        ; 22           ; 0            ; 0           ; 9                     ; 0                  ; no     ; no             ; no            ; no              ; no       ; Off          ; 3.3-V LVTTL  ; Off         ; Fitter               ;
; A[4] ; 78    ; 2        ; 22           ; 14           ; 0           ; 9                     ; 0                  ; no     ; no             ; no            ; no              ; no       ; Off          ; 3.3-V LVTTL  ; Off         ; Fitter               ;
; A[5] ; 55    ; 3        ; 27           ; 3            ; 1           ; 9                     ; 0                  ; no     ; no             ; no            ; no              ; no       ; Off          ; 3.3-V LVTTL  ; Off         ; Fitter               ;
; A[6] ; 47    ; 4        ; 22           ; 0            ; 1           ; 9                     ; 0                  ; no     ; no             ; no            ; no              ; no       ; Off          ; 3.3-V LVTTL  ; Off         ; Fitter               ;
; A[7] ; 42    ; 4        ; 20           ; 0            ; 0           ; 9                     ; 0                  ; no     ; no             ; no            ; no              ; no       ; Off          ; 3.3-V LVTTL  ; Off         ; Fitter               ;
; B[0] ; 51    ; 3        ; 27           ; 1            ; 1           ; 1                     ; 0                  ; no     ; no             ; no            ; no              ; no       ; Off          ; 3.3-V LVTTL  ; Off         ; Fitter               ;
; B[1] ; 76    ; 2        ; 26           ; 14           ; 0           ; 2                     ; 0                  ; no     ; no             ; no            ; no              ; no       ; Off          ; 3.3-V LVTTL  ; Off         ; Fitter               ;
; B[2] ; 71    ; 3        ; 27           ; 10           ; 1           ; 2                     ; 0                  ; no     ; no             ; no            ; no              ; no       ; Off          ; 3.3-V LVTTL  ; Off         ; Fitter               ;
; B[3] ; 66    ; 3        ; 27           ; 8            ; 3           ; 2                     ; 0                  ; no     ; no             ; no            ; no              ; no       ; Off          ; 3.3-V LVTTL  ; Off         ; Fitter               ;
; B[4] ; 68    ; 3        ; 27           ; 8            ; 0           ; 2                     ; 0                  ; no     ; no             ; no            ; no              ; no       ; Off          ; 3.3-V LVTTL  ; Off         ; Fitter               ;
; B[5] ; 54    ; 3        ; 27           ; 2            ; 0           ; 2                     ; 0                  ; no     ; no             ; no            ; no              ; no       ; Off          ; 3.3-V LVTTL  ; Off         ; Fitter               ;
; B[6] ; 5     ; 1        ; 0            ; 9            ; 0           ; 2                     ; 0                  ; no     ; no             ; no            ; no              ; no       ; Off          ; 3.3-V LVTTL  ; Off         ; Fitter               ;
; B[7] ; 86    ; 2        ; 18           ; 14           ; 1           ; 8                     ; 0                  ; no     ; no             ; no            ; no              ; no       ; Off          ; 3.3-V LVTTL  ; Off         ; Fitter               ;
; C[0] ; 89    ; 2        ; 12           ; 14           ; 2           ; 1                     ; 0                  ; no     ; no             ; no            ; no              ; no       ; Off          ; 3.3-V LVTTL  ; Off         ; Fitter               ;
; C[1] ; 39    ; 4        ; 16           ; 0            ; 0           ; 1                     ; 0                  ; no     ; no             ; no            ; no              ; no       ; Off          ; 3.3-V LVTTL  ; Off         ; Fitter               ;
; C[2] ; 4     ; 1        ; 0            ; 11           ; 0           ; 1                     ; 0                  ; no     ; no             ; no            ; no              ; no       ; Off          ; 3.3-V LVTTL  ; Off         ; Fitter               ;
; C[3] ; 56    ; 3        ; 27           ; 3            ; 0           ; 1                     ; 0                  ; no     ; no             ; no            ; no              ; no       ; Off          ; 3.3-V LVTTL  ; Off         ; Fitter               ;
; C[4] ; 21    ; 1        ; 0            ; 3            ; 1           ; 1                     ; 0                  ; no     ; no             ; no            ; no              ; no       ; Off          ; 3.3-V LVTTL  ; Off         ; Fitter               ;
; C[5] ; 74    ; 3        ; 27           ; 13           ; 1           ; 1                     ; 0                  ; no     ; no             ; no            ; no              ; no       ; Off          ; 3.3-V LVTTL  ; Off         ; Fitter               ;
; C[6] ; 65    ; 3        ; 27           ; 7            ; 0           ; 1                     ; 0                  ; no     ; no             ; no            ; no              ; no       ; Off          ; 3.3-V LVTTL  ; Off         ; Fitter               ;
; C[7] ; 79    ; 2        ; 22           ; 14           ; 1           ; 1                     ; 0                  ; no     ; no             ; no            ; no              ; no       ; Off          ; 3.3-V LVTTL  ; Off         ; Fitter               ;
; a    ; 25    ; 1        ; 0            ; 1            ; 1           ; 1                     ; 0                  ; no     ; no             ; no            ; no              ; no       ; Off          ; 3.3-V LVTTL  ; Off         ; Fitter               ;
; b    ; 35    ; 4        ; 8            ; 0            ; 1           ; 1                     ; 0                  ; no     ; no             ; no            ; no              ; no       ; Off          ; 3.3-V LVTTL  ; Off         ; Fitter               ;
; clc  ; 10    ; 1        ; 0            ; 8            ; 2           ; 40                    ; 0                  ; yes    ; no             ; no            ; no              ; no       ; Off          ; 3.3-V LVTTL  ; Off         ; Fitter               ;
; clcd ; 2     ; 1        ; 0            ; 13           ; 1           ; 1                     ; 0                  ; no     ; no             ; no            ; no              ; no       ; Off          ; 3.3-V LVTTL  ; Off         ; Fitter               ;
; d    ; 1     ; 1        ; 0            ; 13           ; 0           ; 1                     ; 0                  ; no     ; no             ; no            ; no              ; no       ; Off          ; 3.3-V LVTTL  ; Off         ; Fitter               ;
; rst  ; 22    ; 1        ; 0            ; 2            ; 0           ; 0                     ; 0                  ; no     ; no             ; no            ; no              ; no       ; Off          ; 3.3-V LVTTL  ; Off         ; Fitter               ;
+------+-------+----------+--------------+--------------+-------------+-----------------------+--------------------+--------+----------------+---------------+-----------------+----------+--------------+--------------+-------------+----------------------+


+--------------------------------------------------------------------------------------------------------------------------------------------------------------------------------------------------------------------------------------------------------------------------------------------------------------------------------------------------------------+
; Output Pins                                                                                                                                                                                                                                                                                                                                                  ;
+--------------+-------+----------+--------------+--------------+-------------+-----------------+------------------------+---------------+----------------+-----------------+------------+---------------+----------+--------------+--------------+------------------+-------------+----------------------+-------+----------------------+---------------------+
; Name         ; Pin # ; I/O Bank ; X coordinate ; Y coordinate ; Cell number ; Output Register ; Output Enable Register ; Power Up High ; Slow Slew Rate ; PCI I/O Enabled ; Open Drain ; TRI Primitive ; Bus Hold ; Weak Pull Up ; I/O Standard ; Current Strength ; Termination ; Location assigned by ; Load  ; Output Enable Source ; Output Enable Group ;
+--------------+-------+----------+--------------+--------------+-------------+-----------------+------------------------+---------------+----------------+-----------------+------------+---------------+----------+--------------+--------------+------------------+-------------+----------------------+-------+----------------------+---------------------+
; c            ; 72    ; 3        ; 27           ; 10           ; 0           ; no              ; no                     ; no            ; no             ; no              ; no         ; no            ; no       ; Off          ; 3.3-V LVTTL  ; 24mA             ; Off         ; Fitter               ; 10 pF ; -                    ; -                   ;
; data_out[0]  ; 90    ; 2        ; 10           ; 14           ; 0           ; no              ; no                     ; no            ; no             ; no              ; no         ; no            ; no       ; Off          ; 3.3-V LVTTL  ; 24mA             ; Off         ; Fitter               ; 10 pF ; -                    ; -                   ;
; data_out[10] ; 57    ; 3        ; 27           ; 4            ; 1           ; no              ; no                     ; no            ; no             ; no              ; no         ; no            ; no       ; Off          ; 3.3-V LVTTL  ; 24mA             ; Off         ; Fitter               ; 10 pF ; -                    ; -                   ;
; data_out[11] ; 85    ; 2        ; 20           ; 14           ; 1           ; no              ; no                     ; no            ; no             ; no              ; no         ; no            ; no       ; Off          ; 3.3-V LVTTL  ; 24mA             ; Off         ; Fitter               ; 10 pF ; -                    ; -                   ;
; data_out[12] ; 70    ; 3        ; 27           ; 9            ; 0           ; no              ; no                     ; no            ; no             ; no              ; no         ; no            ; no       ; Off          ; 3.3-V LVTTL  ; 24mA             ; Off         ; Fitter               ; 10 pF ; -                    ; -                   ;
; data_out[13] ; 37    ; 4        ; 12           ; 0            ; 2           ; no              ; no                     ; no            ; no             ; no              ; no         ; no            ; no       ; Off          ; 3.3-V LVTTL  ; 24mA             ; Off         ; Fitter               ; 10 pF ; -                    ; -                   ;
; data_out[14] ; 87    ; 2        ; 16           ; 14           ; 0           ; no              ; no                     ; no            ; no             ; no              ; no         ; no            ; no       ; Off          ; 3.3-V LVTTL  ; 24mA             ; Off         ; Fitter               ; 10 pF ; -                    ; -                   ;
; data_out[15] ; 97    ; 2        ; 6            ; 14           ; 0           ; no              ; no                     ; no            ; no             ; no              ; no         ; no            ; no       ; Off          ; 3.3-V LVTTL  ; 24mA             ; Off         ; Fitter               ; 10 pF ; -                    ; -                   ;
; data_out[1]  ; 75    ; 3        ; 27           ; 13           ; 0           ; no              ; no                     ; no            ; no             ; no              ; no         ; no            ; no       ; Off          ; 3.3-V LVTTL  ; 24mA             ; Off         ; Fitter               ; 10 pF ; -                    ; -                   ;
; data_out[2]  ; 77    ; 2        ; 26           ; 14           ; 1           ; no              ; no                     ; no            ; no             ; no              ; no         ; no            ; no       ; Off          ; 3.3-V LVTTL  ; 24mA             ; Off         ; Fitter               ; 10 pF ; -                    ; -                   ;
; data_out[3]  ; 20    ; 1        ; 0            ; 3            ; 0           ; no              ; no                     ; no            ; no             ; no              ; no         ; no            ; no       ; Off          ; 3.3-V LVTTL  ; 24mA             ; Off         ; Fitter               ; 10 pF ; -                    ; -                   ;
; data_out[4]  ; 92    ; 2        ; 8            ; 14           ; 2           ; no              ; no                     ; no            ; no             ; no              ; no         ; no            ; no       ; Off          ; 3.3-V LVTTL  ; 24mA             ; Off         ; Fitter               ; 10 pF ; -                    ; -                   ;
; data_out[5]  ; 100   ; 2        ; 2            ; 14           ; 1           ; no              ; no                     ; no            ; no             ; no              ; no         ; no            ; no       ; Off          ; 3.3-V LVTTL  ; 24mA             ; Off         ; Fitter               ; 10 pF ; -                    ; -                   ;
; data_out[6]  ; 3     ; 1        ; 0            ; 12           ; 0           ; no              ; no                     ; no            ; no             ; no              ; no         ; no            ; no       ; Off          ; 3.3-V LVTTL  ; 24mA             ; Off         ; Fitter               ; 10 pF ; -                    ; -                   ;
; data_out[7]  ; 91    ; 2        ; 8            ; 14           ; 1           ; no              ; no                     ; no            ; no             ; no              ; no         ; no            ; no       ; Off          ; 3.3-V LVTTL  ; 24mA             ; Off         ; Fitter               ; 10 pF ; -                    ; -                   ;
; data_out[8]  ; 88    ; 2        ; 16           ; 14           ; 1           ; no              ; no                     ; no            ; no             ; no              ; no         ; no            ; no       ; Off          ; 3.3-V LVTTL  ; 24mA             ; Off         ; Fitter               ; 10 pF ; -                    ; -                   ;
; data_out[9]  ; 53    ; 3        ; 27           ; 2            ; 1           ; no              ; no                     ; no            ; no             ; no              ; no         ; no            ; no       ; Off          ; 3.3-V LVTTL  ; 24mA             ; Off         ; Fitter               ; 10 pF ; -                    ; -                   ;
; q            ; 99    ; 2        ; 2            ; 14           ; 0           ; no              ; no                     ; no            ; no             ; no              ; no         ; no            ; no       ; Off          ; 3.3-V LVTTL  ; 24mA             ; Off         ; Fitter               ; 10 pF ; -                    ; -                   ;
+--------------+-------+----------+--------------+--------------+-------------+-----------------+------------------------+---------------+----------------+-----------------+------------+---------------+----------+--------------+--------------+------------------+-------------+----------------------+-------+----------------------+---------------------+


+------------------------------------------------------------+
; I/O Bank Usage                                             ;
+----------+------------------+---------------+--------------+
; I/O Bank ; Usage            ; VCCIO Voltage ; VREF Voltage ;
+----------+------------------+---------------+--------------+
; 1        ; 12 / 14 ( 86 % ) ; 3.3V          ; --           ;
; 2        ; 15 / 17 ( 88 % ) ; 3.3V          ; --           ;
; 3        ; 16 / 17 ( 94 % ) ; 3.3V          ; --           ;
; 4        ; 7 / 17 ( 41 % )  ; 3.3V          ; --           ;
+----------+------------------+---------------+--------------+


+------------------------------------------------------------------------------------------------------------------------------------------------------------------------+
; All Package Pins                                                                                                                                                       ;
+----------+------------+----------+------------------------------------------+--------+--------------+---------+------------+-----------------+----------+--------------+
; Location ; Pad Number ; I/O Bank ; Pin Name/Usage                           ; Dir.   ; I/O Standard ; Voltage ; I/O Type   ; User Assignment ; Bus Hold ; Weak Pull Up ;
+----------+------------+----------+------------------------------------------+--------+--------------+---------+------------+-----------------+----------+--------------+
; 1        ; 0          ; 1        ; d                                        ; input  ; 3.3-V LVTTL  ;         ; Row I/O    ; N               ; no       ; Off          ;
; 2        ; 1          ; 1        ; clcd                                     ; input  ; 3.3-V LVTTL  ;         ; Row I/O    ; N               ; no       ; Off          ;
; 3        ; 2          ; 1        ; data_out[6]                              ; output ; 3.3-V LVTTL  ;         ; Row I/O    ; N               ; no       ; Off          ;
; 4        ; 4          ; 1        ; C[2]                                     ; input  ; 3.3-V LVTTL  ;         ; Row I/O    ; N               ; no       ; Off          ;
; 5        ; 8          ; 1        ; B[6]                                     ; input  ; 3.3-V LVTTL  ;         ; Row I/O    ; N               ; no       ; Off          ;
; 6        ; 9          ; 1        ; ~nCSO~ / RESERVED_INPUT_WITH_WEAK_PULLUP ; input  ; 3.3-V LVTTL  ;         ; Row I/O    ; N               ; no       ; On           ;
; 7        ; 10         ; 1        ; ^DATA0                                   ; input  ;              ;         ; --         ;                 ; --       ; --           ;
; 8        ; 11         ; 1        ; ^nCONFIG                                 ;        ;              ;         ; --         ;                 ; --       ; --           ;
; 9        ;            ;          ; VCCA_PLL1                                ; power  ;              ; 1.5V    ; --         ;                 ; --       ; --           ;
; 10       ; 12         ; 1        ; clc                                      ; input  ; 3.3-V LVTTL  ;         ; Row I/O    ; N               ; no       ; Off          ;
; 11       ;            ;          ; GNDA_PLL1                                ; gnd    ;              ;         ; --         ;                 ; --       ; --           ;
; 12       ; 14         ; 1        ; ^nCEO                                    ;        ;              ;         ; --         ;                 ; --       ; --           ;
; 13       ; 15         ; 1        ; ^nCE                                     ;        ;              ;         ; --         ;                 ; --       ; --           ;
; 14       ; 16         ; 1        ; ^MSEL0                                   ;        ;              ;         ; --         ;                 ; --       ; --           ;
; 15       ; 17         ; 1        ; ^MSEL1                                   ;        ;              ;         ; --         ;                 ; --       ; --           ;
; 16       ; 18         ; 1        ; ^DCLK                                    ; bidir  ;              ;         ; --         ;                 ; --       ; --           ;
; 17       ; 19         ; 1        ; ~ASDO~ / RESERVED_INPUT_WITH_WEAK_PULLUP ; input  ; 3.3-V LVTTL  ;         ; Row I/O    ; N               ; no       ; On           ;
; 18       ;            ; 1        ; VCCIO1                                   ; power  ;              ; 3.3V    ; --         ;                 ; --       ; --           ;
; 19       ;            ;          ; GND                                      ; gnd    ;              ;         ; --         ;                 ; --       ; --           ;
; 20       ; 23         ; 1        ; data_out[3]                              ; output ; 3.3-V LVTTL  ;         ; Row I/O    ; N               ; no       ; Off          ;
; 21       ; 24         ; 1        ; C[4]                                     ; input  ; 3.3-V LVTTL  ;         ; Row I/O    ; N               ; no       ; Off          ;
; 22       ; 25         ; 1        ; rst                                      ; input  ; 3.3-V LVTTL  ;         ; Row I/O    ; N               ; no       ; Off          ;
; 23       ; 26         ; 1        ; GND*                                     ;        ;              ;         ; Row I/O    ;                 ; no       ; Off          ;
; 24       ; 27         ; 1        ; GND*                                     ;        ;              ;         ; Row I/O    ;                 ; no       ; Off          ;
; 25       ; 28         ; 1        ; a                                        ; input  ; 3.3-V LVTTL  ;         ; Row I/O    ; N               ; no       ; Off          ;
; 26       ; 29         ; 4        ; GND*                                     ;        ;              ;         ; Column I/O ;                 ; no       ; Off          ;
; 27       ; 30         ; 4        ; GND*                                     ;        ;              ;         ; Column I/O ;                 ; no       ; Off          ;
; 28       ; 33         ; 4        ; GND*                                     ;        ;              ;         ; Column I/O ;                 ; no       ; Off          ;
; 29       ; 34         ; 4        ; GND*                                     ;        ;              ;         ; Column I/O ;                 ; no       ; Off          ;
; 30       ;            ;          ; GND                                      ; gnd    ;              ;         ; --         ;                 ; --       ; --           ;
; 31       ;            ; 4        ; VCCIO4                                   ; power  ;              ; 3.3V    ; --         ;                 ; --       ; --           ;
; 32       ;            ;          ; GND                                      ; gnd    ;              ;         ; --         ;                 ; --       ; --           ;
; 33       ;            ;          ; VCCINT                                   ; power  ;              ; 1.5V    ; --         ;                 ; --       ; --           ;
; 34       ; 35         ; 4        ; GND*                                     ;        ;              ;         ; Column I/O ;                 ; no       ; Off          ;
; 35       ; 36         ; 4        ; b                                        ; input  ; 3.3-V LVTTL  ;         ; Column I/O ; N               ; no       ; Off          ;
; 36       ; 39         ; 4        ; GND*                                     ;        ;              ;         ; Column I/O ;                 ; no       ; Off          ;
; 37       ; 40         ; 4        ; data_out[13]                             ; output ; 3.3-V LVTTL  ;         ; Column I/O ; N               ; no       ; Off          ;
; 38       ; 44         ; 4        ; GND*                                     ;        ;              ;         ; Column I/O ;                 ; no       ; Off          ;
; 39       ; 45         ; 4        ; C[1]                                     ; input  ; 3.3-V LVTTL  ;         ; Column I/O ; N               ; no       ; Off          ;
; 40       ; 46         ; 4        ; GND*                                     ;        ;              ;         ; Column I/O ;                 ; no       ; Off          ;
; 41       ; 49         ; 4        ; A[1]                                     ; input  ; 3.3-V LVTTL  ;         ; Column I/O ; N               ; no       ; Off          ;
; 42       ; 50         ; 4        ; A[7]                                     ; input  ; 3.3-V LVTTL  ;         ; Column I/O ; N               ; no       ; Off          ;
; 43       ;            ;          ; GND                                      ; gnd    ;              ;         ; --         ;                 ; --       ; --           ;
; 44       ;            ;          ; VCCINT                                   ; power  ;              ; 1.5V    ; --         ;                 ; --       ; --           ;
; 45       ;            ;          ; GND                                      ; gnd    ;              ;         ; --         ;                 ; --       ; --           ;
; 46       ;            ; 4        ; VCCIO4                                   ; power  ;              ; 3.3V    ; --         ;                 ; --       ; --           ;
; 47       ; 51         ; 4        ; A[6]                                     ; input  ; 3.3-V LVTTL  ;         ; Column I/O ; N               ; no       ; Off          ;
; 48       ; 52         ; 4        ; A[3]                                     ; input  ; 3.3-V LVTTL  ;         ; Column I/O ; N               ; no       ; Off          ;
; 49       ; 55         ; 4        ; GND*                                     ;        ;              ;         ; Column I/O ;                 ; no       ; Off          ;
; 50       ; 56         ; 4        ; GND*                                     ;        ;              ;         ; Column I/O ;                 ; no       ; Off          ;
; 51       ; 57         ; 3        ; B[0]                                     ; input  ; 3.3-V LVTTL  ;         ; Row I/O    ; N               ; no       ; Off          ;
; 52       ; 58         ; 3        ; GND*                                     ;        ;              ;         ; Row I/O    ;                 ; no       ; Off          ;
; 53       ; 59         ; 3        ; data_out[9]                              ; output ; 3.3-V LVTTL  ;         ; Row I/O    ; N               ; no       ; Off          ;
; 54       ; 60         ; 3        ; B[5]                                     ; input  ; 3.3-V LVTTL  ;         ; Row I/O    ; N               ; no       ; Off          ;
; 55       ; 61         ; 3        ; A[5]                                     ; input  ; 3.3-V LVTTL  ;         ; Row I/O    ; N               ; no       ; Off          ;
; 56       ; 62         ; 3        ; C[3]                                     ; input  ; 3.3-V LVTTL  ;         ; Row I/O    ; N               ; no       ; Off          ;
; 57       ; 63         ; 3        ; data_out[10]                             ; output ; 3.3-V LVTTL  ;         ; Row I/O    ; N               ; no       ; Off          ;
; 58       ;            ;          ; GND                                      ; gnd    ;              ;         ; --         ;                 ; --       ; --           ;
; 59       ;            ; 3        ; VCCIO3                                   ; power  ;              ; 3.3V    ; --         ;                 ; --       ; --           ;
; 60       ; 68         ; 3        ; ^CONF_DONE                               ;        ;              ;         ; --         ;                 ; --       ; --           ;
; 61       ; 69         ; 3        ; ^nSTATUS                                 ;        ;              ;         ; --         ;                 ; --       ; --           ;
; 62       ; 70         ; 3        ; #TCK                                     ; input  ;              ;         ; --         ;                 ; --       ; --           ;
; 63       ; 71         ; 3        ; #TMS                                     ; input  ;              ;         ; --         ;                 ; --       ; --           ;
; 64       ; 72         ; 3        ; #TDO                                     ; output ;              ;         ; --         ;                 ; --       ; --           ;
; 65       ; 73         ; 3        ; C[6]                                     ; input  ; 3.3-V LVTTL  ;         ; Row I/O    ; N               ; no       ; Off          ;
; 66       ; 75         ; 3        ; B[3]                                     ; input  ; 3.3-V LVTTL  ;         ; Row I/O    ; N               ; no       ; Off          ;
; 67       ; 77         ; 3        ; #TDI                                     ; input  ;              ;         ; --         ;                 ; --       ; --           ;
; 68       ; 78         ; 3        ; B[4]                                     ; input  ; 3.3-V LVTTL  ;         ; Row I/O    ; N               ; no       ; Off          ;
; 69       ; 79         ; 3        ; A[2]                                     ; input  ; 3.3-V LVTTL  ;         ; Row I/O    ; N               ; no       ; Off          ;
; 70       ; 80         ; 3        ; data_out[12]                             ; output ; 3.3-V LVTTL  ;         ; Row I/O    ; N               ; no       ; Off          ;
; 71       ; 81         ; 3        ; B[2]                                     ; input  ; 3.3-V LVTTL  ;         ; Row I/O    ; N               ; no       ; Off          ;
; 72       ; 82         ; 3        ; c                                        ; output ; 3.3-V LVTTL  ;         ; Row I/O    ; N               ; no       ; Off          ;
; 73       ; 84         ; 3        ; A[0]                                     ; input  ; 3.3-V LVTTL  ;         ; Row I/O    ; N               ; no       ; Off          ;
; 74       ; 87         ; 3        ; C[5]                                     ; input  ; 3.3-V LVTTL  ;         ; Row I/O    ; N               ; no       ; Off          ;
; 75       ; 88         ; 3        ; data_out[1]                              ; output ; 3.3-V LVTTL  ;         ; Row I/O    ; N               ; no       ; Off          ;
; 76       ; 89         ; 2        ; B[1]                                     ; input  ; 3.3-V LVTTL  ;         ; Column I/O ; N               ; no       ; Off          ;
; 77       ; 90         ; 2        ; data_out[2]                              ; output ; 3.3-V LVTTL  ;         ; Column I/O ; N               ; no       ; Off          ;
; 78       ; 93         ; 2        ; A[4]                                     ; input  ; 3.3-V LVTTL  ;         ; Column I/O ; N               ; no       ; Off          ;
; 79       ; 94         ; 2        ; C[7]                                     ; input  ; 3.3-V LVTTL  ;         ; Column I/O ; N               ; no       ; Off          ;
; 80       ;            ; 2        ; VCCIO2                                   ; power  ;              ; 3.3V    ; --         ;                 ; --       ; --           ;
; 81       ;            ;          ; GND                                      ; gnd    ;              ;         ; --         ;                 ; --       ; --           ;
; 82       ;            ;          ; VCCINT                                   ; power  ;              ; 1.5V    ; --         ;                 ; --       ; --           ;
; 83       ;            ;          ; GND                                      ; gnd    ;              ;         ; --         ;                 ; --       ; --           ;
; 84       ; 95         ; 2        ; GND*                                     ;        ;              ;         ; Column I/O ;                 ; no       ; Off          ;
; 85       ; 96         ; 2        ; data_out[11]                             ; output ; 3.3-V LVTTL  ;         ; Column I/O ; N               ; no       ; Off          ;
; 86       ; 99         ; 2        ; B[7]                                     ; input  ; 3.3-V LVTTL  ;         ; Column I/O ; N               ; no       ; Off          ;
; 87       ; 100        ; 2        ; data_out[14]                             ; output ; 3.3-V LVTTL  ;         ; Column I/O ; N               ; no       ; Off          ;
; 88       ; 101        ; 2        ; data_out[8]                              ; output ; 3.3-V LVTTL  ;         ; Column I/O ; N               ; no       ; Off          ;
; 89       ; 105        ; 2        ; C[0]                                     ; input  ; 3.3-V LVTTL  ;         ; Column I/O ; N               ; no       ; Off          ;
; 90       ; 106        ; 2        ; data_out[0]                              ; output ; 3.3-V LVTTL  ;         ; Column I/O ; N               ; no       ; Off          ;
; 91       ; 109        ; 2        ; data_out[7]                              ; output ; 3.3-V LVTTL  ;         ; Column I/O ; N               ; no       ; Off          ;
; 92       ; 110        ; 2        ; data_out[4]                              ; output ; 3.3-V LVTTL  ;         ; Column I/O ; N               ; no       ; Off          ;
; 93       ;            ;          ; VCCINT                                   ; power  ;              ; 1.5V    ; --         ;                 ; --       ; --           ;
; 94       ;            ;          ; GND                                      ; gnd    ;              ;         ; --         ;                 ; --       ; --           ;
; 95       ;            ; 2        ; VCCIO2                                   ; power  ;              ; 3.3V    ; --         ;                 ; --       ; --           ;
; 96       ;            ;          ; GND                                      ; gnd    ;              ;         ; --         ;                 ; --       ; --           ;
; 97       ; 111        ; 2        ; data_out[15]                             ; output ; 3.3-V LVTTL  ;         ; Column I/O ; N               ; no       ; Off          ;
; 98       ; 112        ; 2        ; GND*                                     ;        ;              ;         ; Column I/O ;                 ; no       ; Off          ;
; 99       ; 115        ; 2        ; q                                        ; output ; 3.3-V LVTTL  ;         ; Column I/O ; N               ; no       ; Off          ;
; 100      ; 116        ; 2        ; data_out[5]                              ; output ; 3.3-V LVTTL  ;         ; Column I/O ; N               ; no       ; Off          ;
+----------+------------+----------+------------------------------------------+--------+--------------+---------+------------+-----------------+----------+--------------+
Note: Pin directions (input, output or bidir) are based on device operating in user mode.


+------------------------------------------------------------------+
; Output Pin Default Load For Reported TCO                         ;
+---------------------+-------+------------------------------------+
; I/O Standard        ; Load  ; Termination Resistance             ;
+---------------------+-------+------------------------------------+
; 3.3-V LVTTL         ; 10 pF ; Not Available                      ;
; 3.3-V LVCMOS        ; 10 pF ; Not Available                      ;
; 2.5 V               ; 10 pF ; Not Available                      ;
; 1.8 V               ; 10 pF ; Not Available                      ;
; 1.5 V               ; 10 pF ; Not Available                      ;
; SSTL-3 Class I      ; 30 pF ; 50 Ohm (Parallel), 25 Ohm (Serial) ;
; SSTL-3 Class II     ; 30 pF ; 25 Ohm (Parallel), 25 Ohm (Serial) ;
; SSTL-2 Class I      ; 30 pF ; 50 Ohm (Parallel), 25 Ohm (Serial) ;
; SSTL-2 Class II     ; 30 pF ; 25 Ohm (Parallel), 25 Ohm (Serial) ;
; Differential SSTL-2 ; 10 pF ; (See SSTL-2)                       ;
; LVDS                ; 4 pF  ; 100 Ohm (Differential)             ;
; RSDS                ; 10 pF ; 100 Ohm (Differential)             ;
+---------------------+-------+------------------------------------+
Note: User assignments will override these defaults. The user specified values are listed in the Output Pins and Bidir Pins tables.


+---------------------------------------------------------------------------------------------------------------------------------------------------------------------------------------------------------------------------------------------------------------+
; Fitter Resource Utilization by Entity                                                                                                                                                                                                                         ;
+---------------------------------+-------------+--------------+-------------+------+------+--------------+--------------+-------------------+------------------+-----------------+------------+-------------------------------------------------+--------------+
; Compilation Hierarchy Node      ; Logic Cells ; LC Registers ; Memory Bits ; M4Ks ; Pins ; Virtual Pins ; LUT-Only LCs ; Register-Only LCs ; LUT/Register LCs ; Carry Chain LCs ; Packed LCs ; Full Hierarchy Name                             ; Library Name ;
+---------------------------------+-------------+--------------+-------------+------+------+--------------+--------------+-------------------+------------------+-----------------+------------+-------------------------------------------------+--------------+
; |trigger                        ; 164 (58)    ; 0            ; 0           ; 0    ; 48   ; 0            ; 164 (58)     ; 0 (0)             ; 0 (0)            ; 73 (16)         ; 0 (0)      ; |trigger                                        ; work         ;
;    |lpm_mult:Mult1|             ; 106 (0)     ; 0            ; 0           ; 0    ; 0    ; 0            ; 106 (0)      ; 0 (0)             ; 0 (0)            ; 57 (0)          ; 0 (0)      ; |trigger|lpm_mult:Mult1                         ;              ;
;       |mult_6us:auto_generated| ; 106 (106)   ; 0            ; 0           ; 0    ; 0    ; 0            ; 106 (106)    ; 0 (0)             ; 0 (0)            ; 57 (57)         ; 0 (0)      ; |trigger|lpm_mult:Mult1|mult_6us:auto_generated ;              ;
+---------------------------------+-------------+--------------+-------------+------+------+--------------+--------------+-------------------+------------------+-----------------+------------+-------------------------------------------------+--------------+
Note: For table entries with two numbers listed, the numbers in parentheses indicate the number of resources of the given type used by the specific entity alone. The numbers listed outside of parentheses indicate the total resources of the given type used by the specific entity and all of its sub-entities in the hierarchy.


+---------------------------------------------------------------------------------------+
; Delay Chain Summary                                                                   ;
+--------------+----------+---------------+---------------+-----------------------+-----+
; Name         ; Pin Type ; Pad to Core 0 ; Pad to Core 1 ; Pad to Input Register ; TCO ;
+--------------+----------+---------------+---------------+-----------------------+-----+
; c            ; Output   ; --            ; --            ; --                    ; --  ;
; rst          ; Input    ; OFF           ; OFF           ; --                    ; --  ;
; data_out[0]  ; Output   ; --            ; --            ; --                    ; --  ;
; data_out[1]  ; Output   ; --            ; --            ; --                    ; --  ;
; data_out[2]  ; Output   ; --            ; --            ; --                    ; --  ;
; data_out[3]  ; Output   ; --            ; --            ; --                    ; --  ;
; data_out[4]  ; Output   ; --            ; --            ; --                    ; --  ;
; data_out[5]  ; Output   ; --            ; --            ; --                    ; --  ;
; data_out[6]  ; Output   ; --            ; --            ; --                    ; --  ;
; data_out[7]  ; Output   ; --            ; --            ; --                    ; --  ;
; data_out[8]  ; Output   ; --            ; --            ; --                    ; --  ;
; data_out[9]  ; Output   ; --            ; --            ; --                    ; --  ;
; data_out[10] ; Output   ; --            ; --            ; --                    ; --  ;
; data_out[11] ; Output   ; --            ; --            ; --                    ; --  ;
; data_out[12] ; Output   ; --            ; --            ; --                    ; --  ;
; data_out[13] ; Output   ; --            ; --            ; --                    ; --  ;
; data_out[14] ; Output   ; --            ; --            ; --                    ; --  ;
; data_out[15] ; Output   ; --            ; --            ; --                    ; --  ;
; q            ; Output   ; --            ; --            ; --                    ; --  ;
; a            ; Input    ; ON            ; ON            ; --                    ; --  ;
; b            ; Input    ; ON            ; ON            ; --                    ; --  ;
; clc          ; Input    ; OFF           ; OFF           ; --                    ; --  ;
; d            ; Input    ; ON            ; ON            ; --                    ; --  ;
; clcd         ; Input    ; OFF           ; OFF           ; --                    ; --  ;
; C[0]         ; Input    ; ON            ; ON            ; --                    ; --  ;
; C[1]         ; Input    ; ON            ; ON            ; --                    ; --  ;
; C[2]         ; Input    ; ON            ; ON            ; --                    ; --  ;
; C[3]         ; Input    ; ON            ; ON            ; --                    ; --  ;
; C[4]         ; Input    ; ON            ; ON            ; --                    ; --  ;
; C[5]         ; Input    ; ON            ; ON            ; --                    ; --  ;
; C[6]         ; Input    ; ON            ; ON            ; --                    ; --  ;
; C[7]         ; Input    ; ON            ; ON            ; --                    ; --  ;
; A[0]         ; Input    ; ON            ; ON            ; --                    ; --  ;
; B[1]         ; Input    ; ON            ; ON            ; --                    ; --  ;
; A[1]         ; Input    ; ON            ; ON            ; --                    ; --  ;
; B[0]         ; Input    ; ON            ; ON            ; --                    ; --  ;
; B[3]         ; Input    ; OFF           ; OFF           ; --                    ; --  ;
; B[2]         ; Input    ; ON            ; ON            ; --                    ; --  ;
; A[2]         ; Input    ; ON            ; ON            ; --                    ; --  ;
; A[3]         ; Input    ; ON            ; ON            ; --                    ; --  ;
; A[4]         ; Input    ; ON            ; ON            ; --                    ; --  ;
; B[5]         ; Input    ; ON            ; ON            ; --                    ; --  ;
; B[4]         ; Input    ; ON            ; ON            ; --                    ; --  ;
; A[5]         ; Input    ; ON            ; ON            ; --                    ; --  ;
; A[6]         ; Input    ; ON            ; ON            ; --                    ; --  ;
; B[7]         ; Input    ; ON            ; ON            ; --                    ; --  ;
; A[7]         ; Input    ; ON            ; ON            ; --                    ; --  ;
; B[6]         ; Input    ; ON            ; ON            ; --                    ; --  ;
+--------------+----------+---------------+---------------+-----------------------+-----+


+-------------------------------------------------------------------------------------+
; Pad To Core Delay Chain Fanout                                                      ;
+-------------------------------------------------------+-------------------+---------+
; Source Pin / Fanout                                   ; Pad To Core Index ; Setting ;
+-------------------------------------------------------+-------------------+---------+
; rst                                                   ;                   ;         ;
; a                                                     ;                   ;         ;
;      - Mult0~0                                        ; 1                 ; ON      ;
; b                                                     ;                   ;         ;
;      - Mult0~0                                        ; 1                 ; ON      ;
; clc                                                   ;                   ;         ;
; d                                                     ;                   ;         ;
;      - q$latch                                        ; 1                 ; ON      ;
; clcd                                                  ;                   ;         ;
;      - q$latch                                        ; 0                 ; OFF     ;
; C[0]                                                  ;                   ;         ;
;      - data_summ[0]                                   ; 1                 ; ON      ;
; C[1]                                                  ;                   ;         ;
;      - data_summ[1]                                   ; 0                 ; ON      ;
; C[2]                                                  ;                   ;         ;
;      - data_summ[2]                                   ; 1                 ; ON      ;
; C[3]                                                  ;                   ;         ;
;      - data_summ[3]                                   ; 0                 ; ON      ;
; C[4]                                                  ;                   ;         ;
;      - data_summ[4]                                   ; 1                 ; ON      ;
; C[5]                                                  ;                   ;         ;
;      - data_summ[5]                                   ; 1                 ; ON      ;
; C[6]                                                  ;                   ;         ;
;      - data_summ[6]                                   ; 0                 ; ON      ;
; C[7]                                                  ;                   ;         ;
;      - data_summ[7]                                   ; 1                 ; ON      ;
; A[0]                                                  ;                   ;         ;
;      - lpm_mult:Mult1|mult_6us:auto_generated|le3a[0] ; 0                 ; ON      ;
;      - lpm_mult:Mult1|mult_6us:auto_generated|le3a[1] ; 0                 ; ON      ;
;      - lpm_mult:Mult1|mult_6us:auto_generated|le4a[0] ; 0                 ; ON      ;
;      - lpm_mult:Mult1|mult_6us:auto_generated|le4a[1] ; 0                 ; ON      ;
;      - lpm_mult:Mult1|mult_6us:auto_generated|le5a[0] ; 0                 ; ON      ;
;      - lpm_mult:Mult1|mult_6us:auto_generated|le5a[1] ; 0                 ; ON      ;
;      - lpm_mult:Mult1|mult_6us:auto_generated|le6a[0] ; 0                 ; ON      ;
;      - lpm_mult:Mult1|mult_6us:auto_generated|le7a[0] ; 0                 ; ON      ;
;      - lpm_mult:Mult1|mult_6us:auto_generated|le6a[1] ; 0                 ; ON      ;
; B[1]                                                  ;                   ;         ;
;      - lpm_mult:Mult1|mult_6us:auto_generated|cs1a[0] ; 1                 ; ON      ;
;      - lpm_mult:Mult1|mult_6us:auto_generated|cs2a[0] ; 1                 ; ON      ;
; A[1]                                                  ;                   ;         ;
;      - lpm_mult:Mult1|mult_6us:auto_generated|le3a[1] ; 1                 ; ON      ;
;      - lpm_mult:Mult1|mult_6us:auto_generated|le4a[1] ; 1                 ; ON      ;
;      - lpm_mult:Mult1|mult_6us:auto_generated|le3a[2] ; 1                 ; ON      ;
;      - lpm_mult:Mult1|mult_6us:auto_generated|le4a[2] ; 1                 ; ON      ;
;      - lpm_mult:Mult1|mult_6us:auto_generated|le5a[1] ; 1                 ; ON      ;
;      - lpm_mult:Mult1|mult_6us:auto_generated|le5a[2] ; 1                 ; ON      ;
;      - lpm_mult:Mult1|mult_6us:auto_generated|le6a[1] ; 1                 ; ON      ;
;      - lpm_mult:Mult1|mult_6us:auto_generated|le7a[1] ; 1                 ; ON      ;
;      - lpm_mult:Mult1|mult_6us:auto_generated|le6a[2] ; 1                 ; ON      ;
; B[0]                                                  ;                   ;         ;
;      - lpm_mult:Mult1|mult_6us:auto_generated|cs2a[0] ; 1                 ; ON      ;
; B[3]                                                  ;                   ;         ;
; B[2]                                                  ;                   ;         ;
;      - lpm_mult:Mult1|mult_6us:auto_generated|cs2a[1] ; 1                 ; ON      ;
;      - lpm_mult:Mult1|mult_6us:auto_generated|cs1a[1] ; 1                 ; ON      ;
; A[2]                                                  ;                   ;         ;
;      - lpm_mult:Mult1|mult_6us:auto_generated|le3a[2] ; 1                 ; ON      ;
;      - lpm_mult:Mult1|mult_6us:auto_generated|le3a[3] ; 1                 ; ON      ;
;      - lpm_mult:Mult1|mult_6us:auto_generated|le4a[2] ; 1                 ; ON      ;
;      - lpm_mult:Mult1|mult_6us:auto_generated|le4a[3] ; 1                 ; ON      ;
;      - lpm_mult:Mult1|mult_6us:auto_generated|le5a[2] ; 1                 ; ON      ;
;      - lpm_mult:Mult1|mult_6us:auto_generated|le5a[3] ; 1                 ; ON      ;
;      - lpm_mult:Mult1|mult_6us:auto_generated|le6a[2] ; 1                 ; ON      ;
;      - lpm_mult:Mult1|mult_6us:auto_generated|le7a[2] ; 1                 ; ON      ;
;      - lpm_mult:Mult1|mult_6us:auto_generated|le6a[3] ; 1                 ; ON      ;
; A[3]                                                  ;                   ;         ;
;      - lpm_mult:Mult1|mult_6us:auto_generated|le3a[3] ; 1                 ; ON      ;
;      - lpm_mult:Mult1|mult_6us:auto_generated|le3a[4] ; 1                 ; ON      ;
;      - lpm_mult:Mult1|mult_6us:auto_generated|le4a[3] ; 1                 ; ON      ;
;      - lpm_mult:Mult1|mult_6us:auto_generated|le4a[4] ; 1                 ; ON      ;
;      - lpm_mult:Mult1|mult_6us:auto_generated|le5a[3] ; 1                 ; ON      ;
;      - lpm_mult:Mult1|mult_6us:auto_generated|le5a[4] ; 1                 ; ON      ;
;      - lpm_mult:Mult1|mult_6us:auto_generated|le6a[3] ; 1                 ; ON      ;
;      - lpm_mult:Mult1|mult_6us:auto_generated|le7a[3] ; 1                 ; ON      ;
;      - lpm_mult:Mult1|mult_6us:auto_generated|le6a[4] ; 1                 ; ON      ;
; A[4]                                                  ;                   ;         ;
;      - lpm_mult:Mult1|mult_6us:auto_generated|le3a[4] ; 1                 ; ON      ;
;      - lpm_mult:Mult1|mult_6us:auto_generated|le3a[5] ; 1                 ; ON      ;
;      - lpm_mult:Mult1|mult_6us:auto_generated|le4a[4] ; 1                 ; ON      ;
;      - lpm_mult:Mult1|mult_6us:auto_generated|le5a[4] ; 1                 ; ON      ;
;      - lpm_mult:Mult1|mult_6us:auto_generated|le6a[4] ; 1                 ; ON      ;
;      - lpm_mult:Mult1|mult_6us:auto_generated|le7a[4] ; 1                 ; ON      ;
;      - lpm_mult:Mult1|mult_6us:auto_generated|le6a[5] ; 1                 ; ON      ;
;      - lpm_mult:Mult1|mult_6us:auto_generated|le4a[5] ; 1                 ; ON      ;
;      - lpm_mult:Mult1|mult_6us:auto_generated|le5a[5] ; 1                 ; ON      ;
; B[5]                                                  ;                   ;         ;
;      - lpm_mult:Mult1|mult_6us:auto_generated|cs1a[2] ; 0                 ; ON      ;
;      - lpm_mult:Mult1|mult_6us:auto_generated|cs2a[2] ; 0                 ; ON      ;
; B[4]                                                  ;                   ;         ;
;      - lpm_mult:Mult1|mult_6us:auto_generated|cs1a[2] ; 0                 ; ON      ;
;      - lpm_mult:Mult1|mult_6us:auto_generated|cs2a[2] ; 0                 ; ON      ;
; A[5]                                                  ;                   ;         ;
;      - lpm_mult:Mult1|mult_6us:auto_generated|le3a[5] ; 1                 ; ON      ;
;      - lpm_mult:Mult1|mult_6us:auto_generated|le3a[6] ; 1                 ; ON      ;
;      - lpm_mult:Mult1|mult_6us:auto_generated|le6a[5] ; 1                 ; ON      ;
;      - lpm_mult:Mult1|mult_6us:auto_generated|le7a[5] ; 1                 ; ON      ;
;      - lpm_mult:Mult1|mult_6us:auto_generated|le6a[6] ; 1                 ; ON      ;
;      - lpm_mult:Mult1|mult_6us:auto_generated|le4a[5] ; 1                 ; ON      ;
;      - lpm_mult:Mult1|mult_6us:auto_generated|le4a[6] ; 1                 ; ON      ;
;      - lpm_mult:Mult1|mult_6us:auto_generated|le5a[5] ; 1                 ; ON      ;
;      - lpm_mult:Mult1|mult_6us:auto_generated|le5a[6] ; 1                 ; ON      ;
; A[6]                                                  ;                   ;         ;
;      - lpm_mult:Mult1|mult_6us:auto_generated|le3a[6] ; 0                 ; ON      ;
;      - lpm_mult:Mult1|mult_6us:auto_generated|le6a[6] ; 0                 ; ON      ;
;      - lpm_mult:Mult1|mult_6us:auto_generated|le6a[7] ; 0                 ; ON      ;
;      - lpm_mult:Mult1|mult_6us:auto_generated|le7a[6] ; 0                 ; ON      ;
;      - lpm_mult:Mult1|mult_6us:auto_generated|le3a[7] ; 0                 ; ON      ;
;      - lpm_mult:Mult1|mult_6us:auto_generated|le4a[6] ; 0                 ; ON      ;
;      - lpm_mult:Mult1|mult_6us:auto_generated|le4a[7] ; 0                 ; ON      ;
;      - lpm_mult:Mult1|mult_6us:auto_generated|le5a[6] ; 0                 ; ON      ;
;      - lpm_mult:Mult1|mult_6us:auto_generated|le5a[7] ; 0                 ; ON      ;
; B[7]                                                  ;                   ;         ;
;      - lpm_mult:Mult1|mult_6us:auto_generated|le7a[0] ; 0                 ; ON      ;
;      - lpm_mult:Mult1|mult_6us:auto_generated|le7a[1] ; 0                 ; ON      ;
;      - lpm_mult:Mult1|mult_6us:auto_generated|le7a[2] ; 0                 ; ON      ;
;      - lpm_mult:Mult1|mult_6us:auto_generated|le7a[3] ; 0                 ; ON      ;
;      - lpm_mult:Mult1|mult_6us:auto_generated|le7a[4] ; 0                 ; ON      ;
;      - lpm_mult:Mult1|mult_6us:auto_generated|le7a[5] ; 0                 ; ON      ;
;      - lpm_mult:Mult1|mult_6us:auto_generated|le7a[6] ; 0                 ; ON      ;
;      - lpm_mult:Mult1|mult_6us:auto_generated|le7a[7] ; 0                 ; ON      ;
; A[7]                                                  ;                   ;         ;
;      - lpm_mult:Mult1|mult_6us:auto_generated|le5a[8] ; 1                 ; ON      ;
;      - lpm_mult:Mult1|mult_6us:auto_generated|le6a[7] ; 1                 ; ON      ;
;      - lpm_mult:Mult1|mult_6us:auto_generated|le6a[8] ; 1                 ; ON      ;
;      - lpm_mult:Mult1|mult_6us:auto_generated|le7a[7] ; 1                 ; ON      ;
;      - lpm_mult:Mult1|mult_6us:auto_generated|le3a[7] ; 1                 ; ON      ;
;      - lpm_mult:Mult1|mult_6us:auto_generated|le3a[8] ; 1                 ; ON      ;
;      - lpm_mult:Mult1|mult_6us:auto_generated|le4a[7] ; 1                 ; ON      ;
;      - lpm_mult:Mult1|mult_6us:auto_generated|le4a[8] ; 1                 ; ON      ;
;      - lpm_mult:Mult1|mult_6us:auto_generated|le5a[7] ; 1                 ; ON      ;
; B[6]                                                  ;                   ;         ;
;      - lpm_mult:Mult1|mult_6us:auto_generated|cs2a[3] ; 0                 ; ON      ;
;      - lpm_mult:Mult1|mult_6us:auto_generated|cs1a[3] ; 0                 ; ON      ;
+-------------------------------------------------------+-------------------+---------+


+---------------------------------------------------------------------------------------------+
; Control Signals                                                                             ;
+------+----------+---------+--------------+--------+----------------------+------------------+
; Name ; Location ; Fan-Out ; Usage        ; Global ; Global Resource Used ; Global Line Name ;
+------+----------+---------+--------------+--------+----------------------+------------------+
; clc  ; PIN_10   ; 40      ; Latch enable ; yes    ; Global Clock         ; GCLK2            ;
; clcd ; PIN_2    ; 1       ; Latch enable ; no     ; --                   ; --               ;
+------+----------+---------+--------------+--------+----------------------+------------------+


+---------------------------------------------------------------------+
; Global & Other Fast Signals                                         ;
+------+----------+---------+----------------------+------------------+
; Name ; Location ; Fan-Out ; Global Resource Used ; Global Line Name ;
+------+----------+---------+----------------------+------------------+
; clc  ; PIN_10   ; 40      ; Global Clock         ; GCLK2            ;
+------+----------+---------+----------------------+------------------+


+---------------------------------------------------------------------+
; Non-Global High Fan-Out Signals                                     ;
+-----------------------------------------------------------+---------+
; Name                                                      ; Fan-Out ;
+-----------------------------------------------------------+---------+
; lpm_mult:Mult1|mult_6us:auto_generated|cs1a[2]            ; 11      ;
; lpm_mult:Mult1|mult_6us:auto_generated|cs1a[1]            ; 11      ;
; lpm_mult:Mult1|mult_6us:auto_generated|cs1a[0]            ; 11      ;
; A[7]                                                      ; 9       ;
; A[6]                                                      ; 9       ;
; A[5]                                                      ; 9       ;
; A[4]                                                      ; 9       ;
; A[3]                                                      ; 9       ;
; A[2]                                                      ; 9       ;
; A[1]                                                      ; 9       ;
; A[0]                                                      ; 9       ;
; lpm_mult:Mult1|mult_6us:auto_generated|cs2a[2]            ; 9       ;
; lpm_mult:Mult1|mult_6us:auto_generated|cs2a[1]            ; 9       ;
; lpm_mult:Mult1|mult_6us:auto_generated|cs2a[0]            ; 9       ;
; B[7]                                                      ; 8       ;
; lpm_mult:Mult1|mult_6us:auto_generated|cs1a[3]            ; 8       ;
; lpm_mult:Mult1|mult_6us:auto_generated|cs2a[3]            ; 8       ;
; lpm_mult:Mult1|mult_6us:auto_generated|op_2~27            ; 5       ;
; lpm_mult:Mult1|mult_6us:auto_generated|op_1~32            ; 5       ;
; lpm_mult:Mult1|mult_6us:auto_generated|op_2~2             ; 5       ;
; lpm_mult:Mult1|mult_6us:auto_generated|op_1~7             ; 5       ;
; lpm_mult:Mult1|mult_6us:auto_generated|op_5~37            ; 5       ;
; lpm_mult:Mult1|mult_6us:auto_generated|op_5~12            ; 5       ;
; Add0~44                                                   ; 5       ;
; Add0~14                                                   ; 5       ;
; lpm_mult:Mult1|mult_6us:auto_generated|le3a[9]            ; 3       ;
; lpm_mult:Mult1|mult_6us:auto_generated|add20_result[3]~17 ; 3       ;
; lpm_mult:Mult1|mult_6us:auto_generated|op_5~62            ; 3       ;
; Add0~74                                                   ; 3       ;
; B[6]                                                      ; 2       ;
; B[4]                                                      ; 2       ;
; B[5]                                                      ; 2       ;
; B[2]                                                      ; 2       ;
; B[3]                                                      ; 2       ;
; B[1]                                                      ; 2       ;
; data_mult[15]                                             ; 2       ;
; data_mult[14]                                             ; 2       ;
; data_mult[13]                                             ; 2       ;
; data_mult[12]                                             ; 2       ;
; data_mult[11]                                             ; 2       ;
; data_mult[10]                                             ; 2       ;
; data_mult[9]                                              ; 2       ;
; data_mult[8]                                              ; 2       ;
; data_summ[7]                                              ; 2       ;
; data_mult[7]                                              ; 2       ;
; data_summ[6]                                              ; 2       ;
; data_mult[6]                                              ; 2       ;
; data_summ[5]                                              ; 2       ;
; data_mult[5]                                              ; 2       ;
; data_summ[4]                                              ; 2       ;
+-----------------------------------------------------------+---------+


+----------------------------------------------------+
; Interconnect Usage Summary                         ;
+----------------------------+-----------------------+
; Interconnect Resource Type ; Usage                 ;
+----------------------------+-----------------------+
; C4s                        ; 173 / 8,840 ( 2 % )   ;
; Direct links               ; 18 / 11,506 ( < 1 % ) ;
; Global clocks              ; 1 / 8 ( 13 % )        ;
; LAB clocks                 ; 17 / 156 ( 11 % )     ;
; LUT chains                 ; 0 / 2,619 ( 0 % )     ;
; Local interconnects        ; 272 / 11,506 ( 2 % )  ;
; M4K buffers                ; 0 / 468 ( 0 % )       ;
; R4s                        ; 160 / 7,520 ( 2 % )   ;
+----------------------------+-----------------------+


+---------------------------------------------------------------------------+
; LAB Logic Elements                                                        ;
+--------------------------------------------+------------------------------+
; Number of Logic Elements  (Average = 3.35) ; Number of LABs  (Total = 49) ;
+--------------------------------------------+------------------------------+
; 1                                          ; 36                           ;
; 2                                          ; 0                            ;
; 3                                          ; 0                            ;
; 4                                          ; 0                            ;
; 5                                          ; 0                            ;
; 6                                          ; 0                            ;
; 7                                          ; 0                            ;
; 8                                          ; 1                            ;
; 9                                          ; 0                            ;
; 10                                         ; 12                           ;
+--------------------------------------------+------------------------------+


+----------------------------------------------------------------------------+
; LAB Signals Sourced                                                        ;
+---------------------------------------------+------------------------------+
; Number of Signals Sourced  (Average = 3.35) ; Number of LABs  (Total = 49) ;
+---------------------------------------------+------------------------------+
; 0                                           ; 0                            ;
; 1                                           ; 36                           ;
; 2                                           ; 0                            ;
; 3                                           ; 0                            ;
; 4                                           ; 0                            ;
; 5                                           ; 0                            ;
; 6                                           ; 0                            ;
; 7                                           ; 0                            ;
; 8                                           ; 1                            ;
; 9                                           ; 0                            ;
; 10                                          ; 12                           ;
+---------------------------------------------+------------------------------+


+--------------------------------------------------------------------------------+
; LAB Signals Sourced Out                                                        ;
+-------------------------------------------------+------------------------------+
; Number of Signals Sourced Out  (Average = 2.88) ; Number of LABs  (Total = 49) ;
+-------------------------------------------------+------------------------------+
; 0                                               ; 0                            ;
; 1                                               ; 36                           ;
; 2                                               ; 0                            ;
; 3                                               ; 0                            ;
; 4                                               ; 0                            ;
; 5                                               ; 0                            ;
; 6                                               ; 1                            ;
; 7                                               ; 3                            ;
; 8                                               ; 6                            ;
; 9                                               ; 0                            ;
; 10                                              ; 3                            ;
+-------------------------------------------------+------------------------------+


+----------------------------------------------------------------------------+
; LAB Distinct Inputs                                                        ;
+---------------------------------------------+------------------------------+
; Number of Distinct Inputs  (Average = 5.12) ; Number of LABs  (Total = 49) ;
+---------------------------------------------+------------------------------+
; 0                                           ; 0                            ;
; 1                                           ; 0                            ;
; 2                                           ; 34                           ;
; 3                                           ; 0                            ;
; 4                                           ; 0                            ;
; 5                                           ; 0                            ;
; 6                                           ; 0                            ;
; 7                                           ; 0                            ;
; 8                                           ; 0                            ;
; 9                                           ; 1                            ;
; 10                                          ; 1                            ;
; 11                                          ; 1                            ;
; 12                                          ; 1                            ;
; 13                                          ; 2                            ;
; 14                                          ; 0                            ;
; 15                                          ; 2                            ;
; 16                                          ; 1                            ;
; 17                                          ; 3                            ;
; 18                                          ; 1                            ;
+---------------------------------------------+------------------------------+


+-------------------------------------------------------------------------+
; Fitter Device Options                                                   ;
+----------------------------------------------+--------------------------+
; Option                                       ; Setting                  ;
+----------------------------------------------+--------------------------+
; Enable user-supplied start-up clock (CLKUSR) ; Off                      ;
; Enable device-wide reset (DEV_CLRn)          ; Off                      ;
; Enable device-wide output enable (DEV_OE)    ; Off                      ;
; Enable INIT_DONE output                      ; Off                      ;
; Configuration scheme                         ; Active Serial            ;
; Error detection CRC                          ; Off                      ;
; ASDO,nCSO                                    ; As input tri-stated      ;
; Reserve all unused pins                      ; As output driving ground ;
; Base pin-out file on sameframe device        ; Off                      ;
+----------------------------------------------+--------------------------+


+------------------------------------------------------------+
; Estimated Delay Added for Hold Timing                      ;
+-----------------+----------------------+-------------------+
; Source Clock(s) ; Destination Clock(s) ; Delay Added in ns ;
+-----------------+----------------------+-------------------+


+-----------------+
; Fitter Messages ;
+-----------------+
Info: *******************************************************************
Info: Running Quartus II Fitter
    Info: Version 9.1 Build 222 10/21/2009 SJ Full Version
    Info: Processing started: Sun Nov 04 17:27:20 2018
Info: Command: quartus_fit --read_settings_files=off --write_settings_files=off trigger -c trigger
Info: Parallel compilation is enabled and will use 2 of the 2 processors detected
Info: Selected device EP1C3T100A8 for design "trigger"
Info: Fitter is performing an Auto Fit compilation, which may decrease Fitter effort to reduce compilation time
Info: Device migration not selected. If you intend to use device migration later, you may need to change the pin assignments as they may be incompatible with other devices
    Info: Device EP1C3T100C8 is compatible
Info: Fitter converted 2 user pins into dedicated programming pins
    Info: Pin ~nCSO~ is reserved at location 6
    Info: Pin ~ASDO~ is reserved at location 17
Critical Warning: No exact pin location assignment(s) for 48 pins of 48 total pins
    Info: Pin c not assigned to an exact location on the device
    Info: Pin rst not assigned to an exact location on the device
    Info: Pin data_out[0] not assigned to an exact location on the device
    Info: Pin data_out[1] not assigned to an exact location on the device
    Info: Pin data_out[2] not assigned to an exact location on the device
    Info: Pin data_out[3] not assigned to an exact location on the device
    Info: Pin data_out[4] not assigned to an exact location on the device
    Info: Pin data_out[5] not assigned to an exact location on the device
    Info: Pin data_out[6] not assigned to an exact location on the device
    Info: Pin data_out[7] not assigned to an exact location on the device
    Info: Pin data_out[8] not assigned to an exact location on the device
    Info: Pin data_out[9] not assigned to an exact location on the device
    Info: Pin data_out[10] not assigned to an exact location on the device
    Info: Pin data_out[11] not assigned to an exact location on the device
    Info: Pin data_out[12] not assigned to an exact location on the device
    Info: Pin data_out[13] not assigned to an exact location on the device
    Info: Pin data_out[14] not assigned to an exact location on the device
    Info: Pin data_out[15] not assigned to an exact location on the device
    Info: Pin q not assigned to an exact location on the device
    Info: Pin a not assigned to an exact location on the device
    Info: Pin b not assigned to an exact location on the device
    Info: Pin clc not assigned to an exact location on the device
    Info: Pin d not assigned to an exact location on the device
    Info: Pin clcd not assigned to an exact location on the device
    Info: Pin C[0] not assigned to an exact location on the device
    Info: Pin C[1] not assigned to an exact location on the device
    Info: Pin C[2] not assigned to an exact location on the device
    Info: Pin C[3] not assigned to an exact location on the device
    Info: Pin C[4] not assigned to an exact location on the device
    Info: Pin C[5] not assigned to an exact location on the device
    Info: Pin C[6] not assigned to an exact location on the device
    Info: Pin C[7] not assigned to an exact location on the device
    Info: Pin A[0] not assigned to an exact location on the device
    Info: Pin B[1] not assigned to an exact location on the device
    Info: Pin A[1] not assigned to an exact location on the device
    Info: Pin B[0] not assigned to an exact location on the device
    Info: Pin B[3] not assigned to an exact location on the device
    Info: Pin B[2] not assigned to an exact location on the device
    Info: Pin A[2] not assigned to an exact location on the device
    Info: Pin A[3] not assigned to an exact location on the device
    Info: Pin A[4] not assigned to an exact location on the device
    Info: Pin B[5] not assigned to an exact location on the device
    Info: Pin B[4] not assigned to an exact location on the device
    Info: Pin A[5] not assigned to an exact location on the device
    Info: Pin A[6] not assigned to an exact location on the device
    Info: Pin B[7] not assigned to an exact location on the device
    Info: Pin A[7] not assigned to an exact location on the device
    Info: Pin B[6] not assigned to an exact location on the device
Info: Timing-driven compilation is using the Classic Timing Analyzer
Info: Timing requirements not specified -- quality metrics such as performance and power consumption may be sacrificed to reduce compilation time.
Info: Completed User Assigned Global Signals Promotion Operation
Info: DQS I/O pins require 0 global routing resources
Info: Automatically promoted some destinations of signal "clc" to use Global clock in PIN 10
    Info: Destination "Add0~5" may be non-global or may not use global clock
    Info: Destination "Add0~11" may be non-global or may not use global clock
    Info: Destination "Add0~17" may be non-global or may not use global clock
    Info: Destination "Add0~23" may be non-global or may not use global clock
    Info: Destination "Add0~29" may be non-global or may not use global clock
    Info: Destination "Add0~35" may be non-global or may not use global clock
    Info: Destination "Add0~41" may be non-global or may not use global clock
    Info: Destination "Add0~47" may be non-global or may not use global clock
    Info: Destination "Add0~53" may be non-global or may not use global clock
    Info: Destination "Add0~59" may be non-global or may not use global clock
    Info: Limited to 10 non-global destinations
Info: Completed Auto Global Promotion Operation
Info: Starting register packing
Info: Fitter is using Normal packing mode for logic elements with Auto setting for Auto Packed Registers logic option
Info: Finished moving registers into I/O cells, LUTs, and RAM blocks
Info: Finished register packing
Info: Statistics of I/O pins that need to be placed that use the same VCCIO and VREF, before I/O pin placement
    Info: Number of I/O pins in group: 47 (unused VREF, 3.3V VCCIO, 29 input, 18 output, 0 bidirectional)
        Info: I/O standards used: 3.3-V LVTTL.
Info: I/O bank details before I/O pin placement
    Info: Statistics of I/O banks
        Info: I/O bank number 1 does not use VREF pins and has undetermined VCCIO pins. 3 total pin(s) used --  11 pins available
        Info: I/O bank number 2 does not use VREF pins and has undetermined VCCIO pins. 0 total pin(s) used --  17 pins available
        Info: I/O bank number 3 does not use VREF pins and has undetermined VCCIO pins. 0 total pin(s) used --  17 pins available
        Info: I/O bank number 4 does not use VREF pins and has undetermined VCCIO pins. 0 total pin(s) used --  17 pins available
Info: Fitter preparation operations ending: elapsed time is 00:00:01
Info: Fitter placement preparation operations beginning
Info: Fitter placement preparation operations ending: elapsed time is 00:00:01
Info: Fitter placement operations beginning
Info: Fitter placement was successful
Info: Fitter placement operations ending: elapsed time is 00:00:05
Info: Fitter routing operations beginning
Info: Average interconnect usage is 2% of the available device resources
    Info: Peak interconnect usage is 3% of the available device resources in the region that extends from location X14_Y0 to location X27_Y14
Info: Fitter routing operations ending: elapsed time is 00:00:02
Info: The Fitter performed an Auto Fit compilation.  Optimizations were skipped to reduce compilation time.
    Info: Optimizations that may affect the design's routability were skipped
    Info: Optimizations that may affect the design's timing were skipped
Info: Completed Fixed Delay Chain Operation
Info: Started post-fitting delay annotation
Info: Delay annotation completed successfully
Info: Completed Auto Delay Chain Operation
Warning: The Reserve All Unused Pins setting has not been specified, and will default to 'As output driving ground'.
Info: Generated suppressed messages file C:/Users/Артем/Desktop/PakQuartus/3/trigger.fit.smsg
Info: Quartus II Fitter was successful. 0 errors, 2 warnings
    Info: Peak virtual memory: 293 megabytes
    Info: Processing ended: Sun Nov 04 17:27:35 2018
    Info: Elapsed time: 00:00:15
    Info: Total CPU time (on all processors): 00:00:09


+----------------------------+
; Fitter Suppressed Messages ;
+----------------------------+
The suppressed messages can be found in C:/Users/Артем/Desktop/PakQuartus/3/trigger.fit.smsg.


