Flow report for trigger
Thu Oct 25 19:50:23 2018
Quartus II 64-Bit Version 9.1 Build 222 10/21/2009 SJ Full Version


---------------------
; Table of Contents ;
---------------------
  1. Legal Notice
  2. Flow Summary
  3. Flow Settings
  4. Flow Non-Default Global Settings
  5. Flow Elapsed Time
  6. Flow OS Summary
  7. Flow Log



----------------
; Legal Notice ;
----------------
Copyright (C) 1991-2009 Altera Corporation
Your use of Altera Corporation's design tools, logic functions 
and other software and tools, and its AMPP partner logic 
functions, and any output files from any of the foregoing 
(including device programming or simulation files), and any 
associated documentation or information are expressly subject 
to the terms and conditions of the Altera Program License 
Subscription Agreement, Altera MegaCore Function License 
Agreement, or other applicable license agreement, including, 
without limitation, that your use is for the sole purpose of 
programming logic devices manufactured by Altera and sold by 
Altera or its authorized distributors.  Please refer to the 
applicable agreement for further details.



+----------------------------------------------------------------------+
; Flow Summary                                                         ;
+---------------------------+------------------------------------------+
; Flow Status               ; Flow Failed - Thu Oct 25 19:50:23 2018   ;
; Quartus II 64-Bit Version ; 9.1 Build 222 10/21/2009 SJ Full Version ;
; Revision Name             ; trigger                                  ;
; Top-level Entity Name     ; trigger                                  ;
; Family                    ; Cyclone                                  ;
; Device                    ; EP1C3T100A8                              ;
; Timing Models             ; Final                                    ;
; Met timing requirements   ; N/A                                      ;
; Total logic elements      ; 138                                      ;
; Total pins                ; 42                                       ;
; Total virtual pins        ; 0                                        ;
; Total memory bits         ; 0                                        ;
; Total PLLs                ; 0                                        ;
+---------------------------+------------------------------------------+


+-----------------------------------------+
; Flow Settings                           ;
+-------------------+---------------------+
; Option            ; Setting             ;
+-------------------+---------------------+
; Start date & time ; 10/25/2018 19:50:09 ;
; Main task         ; Compilation         ;
; Revision Name     ; trigger             ;
+-------------------+---------------------+


+--------------------------------------------------------------------------------------------------------------------+
; Flow Non-Default Global Settings                                                                                   ;
+------------------------------------+--------------------------------+---------------+-------------+----------------+
; Assignment Name                    ; Value                          ; Default Value ; Entity Name ; Section Id     ;
+------------------------------------+--------------------------------+---------------+-------------+----------------+
; COMPILER_SIGNATURE_ID              ; 71400337592970.154047180810624 ; --            ; --          ; --             ;
; MAX_CORE_JUNCTION_TEMP             ; 125                            ; --            ; --          ; --             ;
; MIN_CORE_JUNCTION_TEMP             ; -40                            ; --            ; --          ; --             ;
; PARTITION_COLOR                    ; 16764057                       ; --            ; --          ; Top            ;
; PARTITION_NETLIST_TYPE             ; SOURCE                         ; --            ; --          ; Top            ;
; USE_GENERATED_PHYSICAL_CONSTRAINTS ; Off                            ; --            ; --          ; eda_blast_fpga ;
+------------------------------------+--------------------------------+---------------+-------------+----------------+


+--------------------------------------------------------------------------------------------------------------------------+
; Flow Elapsed Time                                                                                                        ;
+----------------------+--------------+-------------------------+---------------------+------------------------------------+
; Module Name          ; Elapsed Time ; Average Processors Used ; Peak Virtual Memory ; Total CPU Time (on all processors) ;
+----------------------+--------------+-------------------------+---------------------+------------------------------------+
; Analysis & Synthesis ; 00:00:09     ; 1.0                     ; 4442 MB             ; 00:00:08                           ;
; Fitter               ; 00:00:02     ; 1.0                     ; 4419 MB             ; 00:00:02                           ;
; Total                ; 00:00:11     ; --                      ; --                  ; 00:00:10                           ;
+----------------------+--------------+-------------------------+---------------------+------------------------------------+


+---------------------------------------------------------------------------------------+
; Flow OS Summary                                                                       ;
+----------------------+------------------+---------------+------------+----------------+
; Module Name          ; Machine Hostname ; OS Name       ; OS Version ; Processor type ;
+----------------------+------------------+---------------+------------+----------------+
; Analysis & Synthesis ; pakpakpak7       ; Windows Vista ; 6.2        ; x86_64         ;
; Fitter               ; pakpakpak7       ; Windows Vista ; 6.2        ; x86_64         ;
+----------------------+------------------+---------------+------------+----------------+


------------
; Flow Log ;
------------
quartus_map --read_settings_files=on --write_settings_files=off trigger -c trigger
quartus_fit --read_settings_files=off --write_settings_files=off trigger -c trigger



