Analysis & Synthesis report for trigger
Sun Nov 04 17:27:15 2018
Quartus II Version 9.1 Build 222 10/21/2009 SJ Full Version


---------------------
; Table of Contents ;
---------------------
  1. Legal Notice
  2. Analysis & Synthesis Summary
  3. Analysis & Synthesis Settings
  4. Parallel Compilation
  5. Analysis & Synthesis Source Files Read
  6. Analysis & Synthesis Resource Usage Summary
  7. Analysis & Synthesis Resource Utilization by Entity
  8. User-Specified and Inferred Latches
  9. General Register Statistics
 10. Parameter Settings for Inferred Entity Instance: lpm_mult:Mult1
 11. lpm_mult Parameter Settings by Entity Instance
 12. Analysis & Synthesis Messages
 13. Analysis & Synthesis Suppressed Messages



----------------
; Legal Notice ;
----------------
Copyright (C) 1991-2009 Altera Corporation
Your use of Altera Corporation's design tools, logic functions 
and other software and tools, and its AMPP partner logic 
functions, and any output files from any of the foregoing 
(including device programming or simulation files), and any 
associated documentation or information are expressly subject 
to the terms and conditions of the Altera Program License 
Subscription Agreement, Altera MegaCore Function License 
Agreement, or other applicable license agreement, including, 
without limitation, that your use is for the sole purpose of 
programming logic devices manufactured by Altera and sold by 
Altera or its authorized distributors.  Please refer to the 
applicable agreement for further details.



+------------------------------------------------------------------------+
; Analysis & Synthesis Summary                                           ;
+-----------------------------+------------------------------------------+
; Analysis & Synthesis Status ; Successful - Sun Nov 04 17:27:14 2018    ;
; Quartus II Version          ; 9.1 Build 222 10/21/2009 SJ Full Version ;
; Revision Name               ; trigger                                  ;
; Top-level Entity Name       ; trigger                                  ;
; Family                      ; Cyclone                                  ;
; Total logic elements        ; 164                                      ;
; Total pins                  ; 48                                       ;
; Total virtual pins          ; 0                                        ;
; Total memory bits           ; 0                                        ;
; Total PLLs                  ; 0                                        ;
+-----------------------------+------------------------------------------+


+----------------------------------------------------------------------------------------------------------------------+
; Analysis & Synthesis Settings                                                                                        ;
+----------------------------------------------------------------------------+--------------------+--------------------+
; Option                                                                     ; Setting            ; Default Value      ;
+----------------------------------------------------------------------------+--------------------+--------------------+
; Device                                                                     ; EP1C3T100A8        ;                    ;
; Top-level entity name                                                      ; trigger            ; trigger            ;
; Family name                                                                ; Cyclone            ; Stratix II         ;
; Use Generated Physical Constraints File                                    ; Off                ;                    ;
; Use smart compilation                                                      ; Off                ; Off                ;
; Enable parallel Assembler and TimeQuest Timing Analyzer during compilation ; On                 ; On                 ;
; Enable compact report table                                                ; Off                ; Off                ;
; Restructure Multiplexers                                                   ; Auto               ; Auto               ;
; Create Debugging Nodes for IP Cores                                        ; Off                ; Off                ;
; Preserve fewer node names                                                  ; On                 ; On                 ;
; Disable OpenCore Plus hardware evaluation                                  ; Off                ; Off                ;
; Verilog Version                                                            ; Verilog_2001       ; Verilog_2001       ;
; VHDL Version                                                               ; VHDL_1993          ; VHDL_1993          ;
; State Machine Processing                                                   ; Auto               ; Auto               ;
; Safe State Machine                                                         ; Off                ; Off                ;
; Extract Verilog State Machines                                             ; On                 ; On                 ;
; Extract VHDL State Machines                                                ; On                 ; On                 ;
; Ignore Verilog initial constructs                                          ; Off                ; Off                ;
; Iteration limit for constant Verilog loops                                 ; 5000               ; 5000               ;
; Iteration limit for non-constant Verilog loops                             ; 250                ; 250                ;
; Add Pass-Through Logic to Inferred RAMs                                    ; On                 ; On                 ;
; Parallel Synthesis                                                         ; On                 ; On                 ;
; NOT Gate Push-Back                                                         ; On                 ; On                 ;
; Power-Up Don't Care                                                        ; On                 ; On                 ;
; Remove Redundant Logic Cells                                               ; Off                ; Off                ;
; Remove Duplicate Registers                                                 ; On                 ; On                 ;
; Ignore CARRY Buffers                                                       ; Off                ; Off                ;
; Ignore CASCADE Buffers                                                     ; Off                ; Off                ;
; Ignore GLOBAL Buffers                                                      ; Off                ; Off                ;
; Ignore ROW GLOBAL Buffers                                                  ; Off                ; Off                ;
; Ignore LCELL Buffers                                                       ; Off                ; Off                ;
; Ignore SOFT Buffers                                                        ; On                 ; On                 ;
; Limit AHDL Integers to 32 Bits                                             ; Off                ; Off                ;
; Optimization Technique                                                     ; Balanced           ; Balanced           ;
; Carry Chain Length                                                         ; 70                 ; 70                 ;
; Auto Carry Chains                                                          ; On                 ; On                 ;
; Auto Open-Drain Pins                                                       ; On                 ; On                 ;
; Perform WYSIWYG Primitive Resynthesis                                      ; Off                ; Off                ;
; Auto ROM Replacement                                                       ; On                 ; On                 ;
; Auto RAM Replacement                                                       ; On                 ; On                 ;
; Auto Shift Register Replacement                                            ; Auto               ; Auto               ;
; Auto Clock Enable Replacement                                              ; On                 ; On                 ;
; Strict RAM Replacement                                                     ; Off                ; Off                ;
; Allow Synchronous Control Signals                                          ; On                 ; On                 ;
; Force Use of Synchronous Clear Signals                                     ; Off                ; Off                ;
; Auto RAM Block Balancing                                                   ; On                 ; On                 ;
; Auto RAM to Logic Cell Conversion                                          ; Off                ; Off                ;
; Auto Resource Sharing                                                      ; Off                ; Off                ;
; Allow Any RAM Size For Recognition                                         ; Off                ; Off                ;
; Allow Any ROM Size For Recognition                                         ; Off                ; Off                ;
; Allow Any Shift Register Size For Recognition                              ; Off                ; Off                ;
; Use LogicLock Constraints during Resource Balancing                        ; On                 ; On                 ;
; Ignore translate_off and synthesis_off directives                          ; Off                ; Off                ;
; Show Parameter Settings Tables in Synthesis Report                         ; On                 ; On                 ;
; Ignore Maximum Fan-Out Assignments                                         ; Off                ; Off                ;
; Synchronization Register Chain Length                                      ; 2                  ; 2                  ;
; PowerPlay Power Optimization                                               ; Normal compilation ; Normal compilation ;
; HDL message level                                                          ; Level2             ; Level2             ;
; Suppress Register Optimization Related Messages                            ; Off                ; Off                ;
; Number of Removed Registers Reported in Synthesis Report                   ; 5000               ; 5000               ;
; Number of Inverted Registers Reported in Synthesis Report                  ; 100                ; 100                ;
; Clock MUX Protection                                                       ; On                 ; On                 ;
; Block Design Naming                                                        ; Auto               ; Auto               ;
; Synthesis Effort                                                           ; Auto               ; Auto               ;
; Shift Register Replacement - Allow Asynchronous Clear Signal               ; On                 ; On                 ;
; Analysis & Synthesis Message Level                                         ; Medium             ; Medium             ;
; Disable Register Merging Across Hierarchies                                ; Auto               ; Auto               ;
; Resource Aware Inference For Block RAM                                     ; On                 ; On                 ;
+----------------------------------------------------------------------------+--------------------+--------------------+


+------------------------------------------+
; Parallel Compilation                     ;
+----------------------------+-------------+
; Processors                 ; Number      ;
+----------------------------+-------------+
; Number detected on machine ; 2           ;
; Maximum allowed            ; 2           ;
;                            ;             ;
; Average used               ; 1.00        ;
; Maximum used               ; 1           ;
;                            ;             ;
; Usage by Processor         ; % Time Used ;
;     1 processor            ; 100.0%      ;
;     2 processors           ;   0.0%      ;
+----------------------------+-------------+


+-----------------------------------------------------------------------------------------------------------------------------------------------+
; Analysis & Synthesis Source Files Read                                                                                                        ;
+----------------------------------+-----------------+------------------------------+-----------------------------------------------------------+
; File Name with User-Entered Path ; Used in Netlist ; File Type                    ; File Name with Absolute Path                              ;
+----------------------------------+-----------------+------------------------------+-----------------------------------------------------------+
; trigger.sv                       ; yes             ; User SystemVerilog HDL File  ; C:/Users/Артем/Desktop/PakQuartus/3/trigger.sv            ;
; parametr.sv                      ; yes             ; User SystemVerilog HDL File  ; C:/Users/Артем/Desktop/PakQuartus/3/parametr.sv           ;
; lpm_mult.tdf                     ; yes             ; Megafunction                 ; c:/altera/91/quartus/libraries/megafunctions/lpm_mult.tdf ;
; db/mult_6us.tdf                  ; yes             ; Auto-Generated Megafunction  ; C:/Users/Артем/Desktop/PakQuartus/3/db/mult_6us.tdf       ;
+----------------------------------+-----------------+------------------------------+-----------------------------------------------------------+


+-----------------------------------------------------+
; Analysis & Synthesis Resource Usage Summary         ;
+---------------------------------------------+-------+
; Resource                                    ; Usage ;
+---------------------------------------------+-------+
; Total logic elements                        ; 164   ;
;     -- Combinational with no register       ; 164   ;
;     -- Register only                        ; 0     ;
;     -- Combinational with a register        ; 0     ;
;                                             ;       ;
; Logic element usage by number of LUT inputs ;       ;
;     -- 4 input functions                    ; 28    ;
;     -- 3 input functions                    ; 80    ;
;     -- 2 input functions                    ; 46    ;
;     -- 1 input functions                    ; 8     ;
;     -- 0 input functions                    ; 2     ;
;                                             ;       ;
; Logic elements by mode                      ;       ;
;     -- normal mode                          ; 98    ;
;     -- arithmetic mode                      ; 66    ;
;     -- qfbk mode                            ; 0     ;
;     -- register cascade mode                ; 0     ;
;     -- synchronous clear/load mode          ; 0     ;
;     -- asynchronous clear/load mode         ; 0     ;
;                                             ;       ;
; Total registers                             ; 0     ;
; Total logic cells in carry chains           ; 73    ;
; I/O pins                                    ; 48    ;
; Maximum fan-out node                        ; clc   ;
; Maximum fan-out                             ; 40    ;
; Total fan-out                               ; 470   ;
; Average fan-out                             ; 2.22  ;
+---------------------------------------------+-------+


+--------------------------------------------------------------------------------------------------------------------------------------------------------------------------------------------------------------------------------------------------------+
; Analysis & Synthesis Resource Utilization by Entity                                                                                                                                                                                                    ;
+---------------------------------+-------------+--------------+-------------+------+--------------+--------------+-------------------+------------------+-----------------+------------+-------------------------------------------------+--------------+
; Compilation Hierarchy Node      ; Logic Cells ; LC Registers ; Memory Bits ; Pins ; Virtual Pins ; LUT-Only LCs ; Register-Only LCs ; LUT/Register LCs ; Carry Chain LCs ; Packed LCs ; Full Hierarchy Name                             ; Library Name ;
+---------------------------------+-------------+--------------+-------------+------+--------------+--------------+-------------------+------------------+-----------------+------------+-------------------------------------------------+--------------+
; |trigger                        ; 164 (58)    ; 0            ; 0           ; 48   ; 0            ; 164 (58)     ; 0 (0)             ; 0 (0)            ; 73 (16)         ; 0 (0)      ; |trigger                                        ; work         ;
;    |lpm_mult:Mult1|             ; 106 (0)     ; 0            ; 0           ; 0    ; 0            ; 106 (0)      ; 0 (0)             ; 0 (0)            ; 57 (0)          ; 0 (0)      ; |trigger|lpm_mult:Mult1                         ;              ;
;       |mult_6us:auto_generated| ; 106 (106)   ; 0            ; 0           ; 0    ; 0            ; 106 (106)    ; 0 (0)             ; 0 (0)            ; 57 (57)         ; 0 (0)      ; |trigger|lpm_mult:Mult1|mult_6us:auto_generated ;              ;
+---------------------------------+-------------+--------------+-------------+------+--------------+--------------+-------------------+------------------+-----------------+------------+-------------------------------------------------+--------------+
Note: For table entries with two numbers listed, the numbers in parentheses indicate the number of resources of the given type used by the specific entity alone. The numbers listed outside of parentheses indicate the total resources of the given type used by the specific entity and all of its sub-entities in the hierarchy.


+----------------------------------------------------------------------------------------------------+
; User-Specified and Inferred Latches                                                                ;
+-----------------------------------------------------+---------------------+------------------------+
; Latch Name                                          ; Latch Enable Signal ; Free of Timing Hazards ;
+-----------------------------------------------------+---------------------+------------------------+
; q$latch                                             ; clcd                ; yes                    ;
; data_summ[0]                                        ; clc                 ; yes                    ;
; data_mult[0]                                        ; clc                 ; yes                    ;
; data_mult[1]                                        ; clc                 ; yes                    ;
; data_summ[1]                                        ; clc                 ; yes                    ;
; data_mult[2]                                        ; clc                 ; yes                    ;
; data_summ[2]                                        ; clc                 ; yes                    ;
; data_mult[3]                                        ; clc                 ; yes                    ;
; data_summ[3]                                        ; clc                 ; yes                    ;
; data_mult[4]                                        ; clc                 ; yes                    ;
; data_summ[4]                                        ; clc                 ; yes                    ;
; data_mult[5]                                        ; clc                 ; yes                    ;
; data_summ[5]                                        ; clc                 ; yes                    ;
; data_mult[6]                                        ; clc                 ; yes                    ;
; data_summ[6]                                        ; clc                 ; yes                    ;
; data_mult[7]                                        ; clc                 ; yes                    ;
; data_summ[7]                                        ; clc                 ; yes                    ;
; data_mult[8]                                        ; clc                 ; yes                    ;
; data_mult[9]                                        ; clc                 ; yes                    ;
; data_mult[10]                                       ; clc                 ; yes                    ;
; data_mult[11]                                       ; clc                 ; yes                    ;
; data_mult[12]                                       ; clc                 ; yes                    ;
; data_mult[13]                                       ; clc                 ; yes                    ;
; data_mult[14]                                       ; clc                 ; yes                    ;
; data_mult[15]                                       ; clc                 ; yes                    ;
; Number of user-specified and inferred latches = 25  ;                     ;                        ;
+-----------------------------------------------------+---------------------+------------------------+
Note: All latches listed above may not be present at the end of synthesis due to various synthesis optimizations.


+------------------------------------------------------+
; General Register Statistics                          ;
+----------------------------------------------+-------+
; Statistic                                    ; Value ;
+----------------------------------------------+-------+
; Total registers                              ; 0     ;
; Number of registers using Synchronous Clear  ; 0     ;
; Number of registers using Synchronous Load   ; 0     ;
; Number of registers using Asynchronous Clear ; 0     ;
; Number of registers using Asynchronous Load  ; 0     ;
; Number of registers using Clock Enable       ; 0     ;
; Number of registers using Preset             ; 0     ;
+----------------------------------------------+-------+


+---------------------------------------------------------------------------------+
; Parameter Settings for Inferred Entity Instance: lpm_mult:Mult1                 ;
+------------------------------------------------+----------+---------------------+
; Parameter Name                                 ; Value    ; Type                ;
+------------------------------------------------+----------+---------------------+
; AUTO_CARRY_CHAINS                              ; ON       ; AUTO_CARRY          ;
; IGNORE_CARRY_BUFFERS                           ; OFF      ; IGNORE_CARRY        ;
; AUTO_CASCADE_CHAINS                            ; ON       ; AUTO_CASCADE        ;
; IGNORE_CASCADE_BUFFERS                         ; OFF      ; IGNORE_CASCADE      ;
; LPM_WIDTHA                                     ; 8        ; Untyped             ;
; LPM_WIDTHB                                     ; 8        ; Untyped             ;
; LPM_WIDTHP                                     ; 16       ; Untyped             ;
; LPM_WIDTHR                                     ; 16       ; Untyped             ;
; LPM_WIDTHS                                     ; 1        ; Untyped             ;
; LPM_REPRESENTATION                             ; UNSIGNED ; Untyped             ;
; LPM_PIPELINE                                   ; 0        ; Untyped             ;
; LATENCY                                        ; 0        ; Untyped             ;
; INPUT_A_IS_CONSTANT                            ; NO       ; Untyped             ;
; INPUT_B_IS_CONSTANT                            ; NO       ; Untyped             ;
; USE_EAB                                        ; OFF      ; Untyped             ;
; MAXIMIZE_SPEED                                 ; 5        ; Untyped             ;
; DEVICE_FAMILY                                  ; Cyclone  ; Untyped             ;
; CARRY_CHAIN                                    ; MANUAL   ; Untyped             ;
; APEX20K_TECHNOLOGY_MAPPER                      ; LUT      ; TECH_MAPPER_APEX20K ;
; DEDICATED_MULTIPLIER_CIRCUITRY                 ; AUTO     ; Untyped             ;
; DEDICATED_MULTIPLIER_MIN_INPUT_WIDTH_FOR_AUTO  ; 0        ; Untyped             ;
; DEDICATED_MULTIPLIER_MIN_OUTPUT_WIDTH_FOR_AUTO ; 0        ; Untyped             ;
; CBXI_PARAMETER                                 ; mult_6us ; Untyped             ;
; INPUT_A_FIXED_VALUE                            ; Bx       ; Untyped             ;
; INPUT_B_FIXED_VALUE                            ; Bx       ; Untyped             ;
; USE_AHDL_IMPLEMENTATION                        ; OFF      ; Untyped             ;
+------------------------------------------------+----------+---------------------+
Note: In order to hide this table in the UI and the text report file, please set the "Show Parameter Settings Tables in Synthesis Report" option in "Analysis and Synthesis Settings -> More Settings" to "Off".


+--------------------------------------------------------+
; lpm_mult Parameter Settings by Entity Instance         ;
+---------------------------------------+----------------+
; Name                                  ; Value          ;
+---------------------------------------+----------------+
; Number of entity instances            ; 1              ;
; Entity Instance                       ; lpm_mult:Mult1 ;
;     -- LPM_WIDTHA                     ; 8              ;
;     -- LPM_WIDTHB                     ; 8              ;
;     -- LPM_WIDTHP                     ; 16             ;
;     -- LPM_REPRESENTATION             ; UNSIGNED       ;
;     -- INPUT_A_IS_CONSTANT            ; NO             ;
;     -- INPUT_B_IS_CONSTANT            ; NO             ;
;     -- USE_EAB                        ; OFF            ;
;     -- DEDICATED_MULTIPLIER_CIRCUITRY ; AUTO           ;
;     -- INPUT_A_FIXED_VALUE            ; Bx             ;
;     -- INPUT_B_FIXED_VALUE            ; Bx             ;
+---------------------------------------+----------------+


+-------------------------------+
; Analysis & Synthesis Messages ;
+-------------------------------+
Info: *******************************************************************
Info: Running Quartus II Analysis & Synthesis
    Info: Version 9.1 Build 222 10/21/2009 SJ Full Version
    Info: Processing started: Sun Nov 04 17:27:01 2018
Info: Command: quartus_map --read_settings_files=on --write_settings_files=off trigger -c trigger
Info: Parallel compilation is enabled and will use 2 of the 2 processors detected
Warning: Can't analyze file -- file parametr.v is missing
Info: Found 1 design units, including 1 entities, in source file trigger.sv
    Info: Found entity 1: trigger
Info: Found 1 design units, including 0 entities, in source file parametr.sv
    Info: Found design unit 1: parametr (SystemVerilog)
Info: Elaborating entity "trigger" for the top level hierarchy
Warning (10240): Verilog HDL Always Construct warning at trigger.sv(30): inferring latch(es) for variable "q", which holds its previous value in one or more paths through the always construct
Warning (10235): Verilog HDL Always Construct warning at trigger.sv(41): variable "A" is read inside the Always Construct but isn't in the Always Construct's Event Control
Warning (10235): Verilog HDL Always Construct warning at trigger.sv(41): variable "B" is read inside the Always Construct but isn't in the Always Construct's Event Control
Warning (10235): Verilog HDL Always Construct warning at trigger.sv(42): variable "C" is read inside the Always Construct but isn't in the Always Construct's Event Control
Warning (10235): Verilog HDL Always Construct warning at trigger.sv(43): variable "data_mult" is read inside the Always Construct but isn't in the Always Construct's Event Control
Warning (10235): Verilog HDL Always Construct warning at trigger.sv(43): variable "data_summ" is read inside the Always Construct but isn't in the Always Construct's Event Control
Warning (10240): Verilog HDL Always Construct warning at trigger.sv(37): inferring latch(es) for variable "data_mult", which holds its previous value in one or more paths through the always construct
Warning (10240): Verilog HDL Always Construct warning at trigger.sv(37): inferring latch(es) for variable "data_summ", which holds its previous value in one or more paths through the always construct
Info (10041): Inferred latch for "data_summ[0]" at trigger.sv(37)
Info (10041): Inferred latch for "data_summ[1]" at trigger.sv(37)
Info (10041): Inferred latch for "data_summ[2]" at trigger.sv(37)
Info (10041): Inferred latch for "data_summ[3]" at trigger.sv(37)
Info (10041): Inferred latch for "data_summ[4]" at trigger.sv(37)
Info (10041): Inferred latch for "data_summ[5]" at trigger.sv(37)
Info (10041): Inferred latch for "data_summ[6]" at trigger.sv(37)
Info (10041): Inferred latch for "data_summ[7]" at trigger.sv(37)
Info (10041): Inferred latch for "data_summ[8]" at trigger.sv(37)
Info (10041): Inferred latch for "data_summ[9]" at trigger.sv(37)
Info (10041): Inferred latch for "data_summ[10]" at trigger.sv(37)
Info (10041): Inferred latch for "data_summ[11]" at trigger.sv(37)
Info (10041): Inferred latch for "data_summ[12]" at trigger.sv(37)
Info (10041): Inferred latch for "data_summ[13]" at trigger.sv(37)
Info (10041): Inferred latch for "data_summ[14]" at trigger.sv(37)
Info (10041): Inferred latch for "data_summ[15]" at trigger.sv(37)
Info (10041): Inferred latch for "data_mult[0]" at trigger.sv(37)
Info (10041): Inferred latch for "data_mult[1]" at trigger.sv(37)
Info (10041): Inferred latch for "data_mult[2]" at trigger.sv(37)
Info (10041): Inferred latch for "data_mult[3]" at trigger.sv(37)
Info (10041): Inferred latch for "data_mult[4]" at trigger.sv(37)
Info (10041): Inferred latch for "data_mult[5]" at trigger.sv(37)
Info (10041): Inferred latch for "data_mult[6]" at trigger.sv(37)
Info (10041): Inferred latch for "data_mult[7]" at trigger.sv(37)
Info (10041): Inferred latch for "data_mult[8]" at trigger.sv(37)
Info (10041): Inferred latch for "data_mult[9]" at trigger.sv(37)
Info (10041): Inferred latch for "data_mult[10]" at trigger.sv(37)
Info (10041): Inferred latch for "data_mult[11]" at trigger.sv(37)
Info (10041): Inferred latch for "data_mult[12]" at trigger.sv(37)
Info (10041): Inferred latch for "data_mult[13]" at trigger.sv(37)
Info (10041): Inferred latch for "data_mult[14]" at trigger.sv(37)
Info (10041): Inferred latch for "data_mult[15]" at trigger.sv(37)
Info (10041): Inferred latch for "q" at trigger.sv(30)
Info: Inferred 1 megafunctions from design logic
    Info: Inferred multiplier megafunction ("lpm_mult") from the following logic: "Mult1"
Info: Elaborated megafunction instantiation "lpm_mult:Mult1"
Info: Instantiated megafunction "lpm_mult:Mult1" with the following parameter:
    Info: Parameter "LPM_WIDTHA" = "8"
    Info: Parameter "LPM_WIDTHB" = "8"
    Info: Parameter "LPM_WIDTHP" = "16"
    Info: Parameter "LPM_WIDTHR" = "16"
    Info: Parameter "LPM_WIDTHS" = "1"
    Info: Parameter "LPM_REPRESENTATION" = "UNSIGNED"
    Info: Parameter "INPUT_A_IS_CONSTANT" = "NO"
    Info: Parameter "INPUT_B_IS_CONSTANT" = "NO"
    Info: Parameter "MAXIMIZE_SPEED" = "5"
Info: Found 1 design units, including 1 entities, in source file db/mult_6us.tdf
    Info: Found entity 1: mult_6us
Info: Ignored 140 buffer(s)
    Info: Ignored 140 SOFT buffer(s)
Info: Found the following redundant logic cells in design
    Info (17048): Logic cell "lpm_mult:Mult1|mult_6us:auto_generated|le3a[9]"
    Info (17048): Logic cell "lpm_mult:Mult1|mult_6us:auto_generated|le5a[9]"
    Info (17048): Logic cell "lpm_mult:Mult1|mult_6us:auto_generated|le6a[9]"
    Info (17048): Logic cell "lpm_mult:Mult1|mult_6us:auto_generated|le7a[8]"
    Info (17048): Logic cell "lpm_mult:Mult1|mult_6us:auto_generated|le4a[9]"
Info: Generated suppressed messages file C:/Users/Артем/Desktop/PakQuartus/3/trigger.map.smsg
Warning: Design contains 1 input pin(s) that do not drive logic
    Warning (15610): No output dependent on input pin "rst"
Info: Implemented 212 device resources after synthesis - the final resource count might be different
    Info: Implemented 30 input pins
    Info: Implemented 18 output pins
    Info: Implemented 164 logic cells
Info: Quartus II Analysis & Synthesis was successful. 0 errors, 11 warnings
    Info: Peak virtual memory: 249 megabytes
    Info: Processing ended: Sun Nov 04 17:27:16 2018
    Info: Elapsed time: 00:00:15
    Info: Total CPU time (on all processors): 00:00:07


+------------------------------------------+
; Analysis & Synthesis Suppressed Messages ;
+------------------------------------------+
The suppressed messages can be found in C:/Users/Артем/Desktop/PakQuartus/3/trigger.map.smsg.


