Analysis & Synthesis report for filter_v5
Mon Oct 22 21:05:19 2018
Quartus II Version 9.1 Build 222 10/21/2009 SJ Full Version


---------------------
; Table of Contents ;
---------------------
  1. Legal Notice
  2. Analysis & Synthesis Summary
  3. Analysis & Synthesis Settings
  4. Parallel Compilation
  5. Analysis & Synthesis Source Files Read
  6. Analysis & Synthesis Resource Usage Summary
  7. Analysis & Synthesis Resource Utilization by Entity
  8. Analysis & Synthesis RAM Summary
  9. General Register Statistics
 10. Inverted Register Statistics
 11. Multiplexer Restructuring Statistics (Restructuring Performed)
 12. Source assignments for altshift_taps:inMem_rtl_0|shift_taps_m3m:auto_generated|altsyncram_lc81:altsyncram2
 13. Parameter Settings for Inferred Entity Instance: altshift_taps:inMem_rtl_0
 14. altshift_taps Parameter Settings by Entity Instance
 15. Analysis & Synthesis Messages



----------------
; Legal Notice ;
----------------
Copyright (C) 1991-2009 Altera Corporation
Your use of Altera Corporation's design tools, logic functions 
and other software and tools, and its AMPP partner logic 
functions, and any output files from any of the foregoing 
(including device programming or simulation files), and any 
associated documentation or information are expressly subject 
to the terms and conditions of the Altera Program License 
Subscription Agreement, Altera MegaCore Function License 
Agreement, or other applicable license agreement, including, 
without limitation, that your use is for the sole purpose of 
programming logic devices manufactured by Altera and sold by 
Altera or its authorized distributors.  Please refer to the 
applicable agreement for further details.



+-------------------------------------------------------------------------------+
; Analysis & Synthesis Summary                                                  ;
+------------------------------------+------------------------------------------+
; Analysis & Synthesis Status        ; Successful - Mon Oct 22 21:05:19 2018    ;
; Quartus II Version                 ; 9.1 Build 222 10/21/2009 SJ Full Version ;
; Revision Name                      ; filter_v5                                ;
; Top-level Entity Name              ; filter_v5                                ;
; Family                             ; Cyclone III                              ;
; Total logic elements               ; 169                                      ;
;     Total combinational functions  ; 137                                      ;
;     Dedicated logic registers      ; 89                                       ;
; Total registers                    ; 89                                       ;
; Total pins                         ; 17                                       ;
; Total virtual pins                 ; 0                                        ;
; Total memory bits                  ; 32                                       ;
; Embedded Multiplier 9-bit elements ; 0                                        ;
; Total PLLs                         ; 0                                        ;
+------------------------------------+------------------------------------------+


+----------------------------------------------------------------------------------------------------------------------+
; Analysis & Synthesis Settings                                                                                        ;
+----------------------------------------------------------------------------+--------------------+--------------------+
; Option                                                                     ; Setting            ; Default Value      ;
+----------------------------------------------------------------------------+--------------------+--------------------+
; Top-level entity name                                                      ; filter_v5          ; filter_v5          ;
; Family name                                                                ; Cyclone III        ; Stratix II         ;
; Use Generated Physical Constraints File                                    ; Off                ;                    ;
; Use smart compilation                                                      ; Off                ; Off                ;
; Enable parallel Assembler and TimeQuest Timing Analyzer during compilation ; On                 ; On                 ;
; Enable compact report table                                                ; Off                ; Off                ;
; Restructure Multiplexers                                                   ; Auto               ; Auto               ;
; Create Debugging Nodes for IP Cores                                        ; Off                ; Off                ;
; Preserve fewer node names                                                  ; On                 ; On                 ;
; Disable OpenCore Plus hardware evaluation                                  ; Off                ; Off                ;
; Verilog Version                                                            ; Verilog_2001       ; Verilog_2001       ;
; VHDL Version                                                               ; VHDL_1993          ; VHDL_1993          ;
; State Machine Processing                                                   ; Auto               ; Auto               ;
; Safe State Machine                                                         ; Off                ; Off                ;
; Extract Verilog State Machines                                             ; On                 ; On                 ;
; Extract VHDL State Machines                                                ; On                 ; On                 ;
; Ignore Verilog initial constructs                                          ; Off                ; Off                ;
; Iteration limit for constant Verilog loops                                 ; 5000               ; 5000               ;
; Iteration limit for non-constant Verilog loops                             ; 250                ; 250                ;
; Add Pass-Through Logic to Inferred RAMs                                    ; On                 ; On                 ;
; Parallel Synthesis                                                         ; On                 ; On                 ;
; DSP Block Balancing                                                        ; Auto               ; Auto               ;
; NOT Gate Push-Back                                                         ; On                 ; On                 ;
; Power-Up Don't Care                                                        ; On                 ; On                 ;
; Remove Redundant Logic Cells                                               ; Off                ; Off                ;
; Remove Duplicate Registers                                                 ; On                 ; On                 ;
; Ignore CARRY Buffers                                                       ; Off                ; Off                ;
; Ignore CASCADE Buffers                                                     ; Off                ; Off                ;
; Ignore GLOBAL Buffers                                                      ; Off                ; Off                ;
; Ignore ROW GLOBAL Buffers                                                  ; Off                ; Off                ;
; Ignore LCELL Buffers                                                       ; Off                ; Off                ;
; Ignore SOFT Buffers                                                        ; On                 ; On                 ;
; Limit AHDL Integers to 32 Bits                                             ; Off                ; Off                ;
; Optimization Technique                                                     ; Balanced           ; Balanced           ;
; Carry Chain Length                                                         ; 70                 ; 70                 ;
; Auto Carry Chains                                                          ; On                 ; On                 ;
; Auto Open-Drain Pins                                                       ; On                 ; On                 ;
; Perform WYSIWYG Primitive Resynthesis                                      ; Off                ; Off                ;
; Auto ROM Replacement                                                       ; On                 ; On                 ;
; Auto RAM Replacement                                                       ; On                 ; On                 ;
; Auto DSP Block Replacement                                                 ; On                 ; On                 ;
; Auto Shift Register Replacement                                            ; Auto               ; Auto               ;
; Auto Clock Enable Replacement                                              ; On                 ; On                 ;
; Strict RAM Replacement                                                     ; Off                ; Off                ;
; Allow Synchronous Control Signals                                          ; On                 ; On                 ;
; Force Use of Synchronous Clear Signals                                     ; Off                ; Off                ;
; Auto RAM Block Balancing                                                   ; On                 ; On                 ;
; Auto RAM to Logic Cell Conversion                                          ; Off                ; Off                ;
; Auto Resource Sharing                                                      ; Off                ; Off                ;
; Allow Any RAM Size For Recognition                                         ; Off                ; Off                ;
; Allow Any ROM Size For Recognition                                         ; Off                ; Off                ;
; Allow Any Shift Register Size For Recognition                              ; Off                ; Off                ;
; Use LogicLock Constraints during Resource Balancing                        ; On                 ; On                 ;
; Ignore translate_off and synthesis_off directives                          ; Off                ; Off                ;
; Timing-Driven Synthesis                                                    ; On                 ; On                 ;
; Show Parameter Settings Tables in Synthesis Report                         ; On                 ; On                 ;
; Ignore Maximum Fan-Out Assignments                                         ; Off                ; Off                ;
; Synchronization Register Chain Length                                      ; 2                  ; 2                  ;
; PowerPlay Power Optimization                                               ; Normal compilation ; Normal compilation ;
; HDL message level                                                          ; Level2             ; Level2             ;
; Suppress Register Optimization Related Messages                            ; Off                ; Off                ;
; Number of Removed Registers Reported in Synthesis Report                   ; 100                ; 100                ;
; Number of Inverted Registers Reported in Synthesis Report                  ; 100                ; 100                ;
; Clock MUX Protection                                                       ; On                 ; On                 ;
; Auto Gated Clock Conversion                                                ; Off                ; Off                ;
; Block Design Naming                                                        ; Auto               ; Auto               ;
; SDC constraint protection                                                  ; Off                ; Off                ;
; Synthesis Effort                                                           ; Auto               ; Auto               ;
; Shift Register Replacement - Allow Asynchronous Clear Signal               ; On                 ; On                 ;
; Analysis & Synthesis Message Level                                         ; Medium             ; Medium             ;
; Disable Register Merging Across Hierarchies                                ; Auto               ; Auto               ;
; Resource Aware Inference For Block RAM                                     ; On                 ; On                 ;
+----------------------------------------------------------------------------+--------------------+--------------------+


+------------------------------------------+
; Parallel Compilation                     ;
+----------------------------+-------------+
; Processors                 ; Number      ;
+----------------------------+-------------+
; Number detected on machine ; 2           ;
; Maximum allowed            ; 2           ;
;                            ;             ;
; Average used               ; 1.00        ;
; Maximum used               ; 1           ;
;                            ;             ;
; Usage by Processor         ; % Time Used ;
;     1 processor            ; 100.0%      ;
;     2 processors           ;   0.0%      ;
+----------------------------+-------------+


+--------------------------------------------------------------------------------------------------------------------------------------------------------------------------+
; Analysis & Synthesis Source Files Read                                                                                                                                   ;
+----------------------------------+-----------------+------------------------------+--------------------------------------------------------------------------------------+
; File Name with User-Entered Path ; Used in Netlist ; File Type                    ; File Name with Absolute Path                                                         ;
+----------------------------------+-----------------+------------------------------+--------------------------------------------------------------------------------------+
; filter_v5.v                      ; yes             ; User Verilog HDL File        ; D:/GitHub/schoolProjectwc/trunk/Quartus/Romahin A.S/filter_v5/filter_v5.v            ;
; altshift_taps.tdf                ; yes             ; Megafunction                 ; d:/programms/quartus/quartus/libraries/megafunctions/altshift_taps.tdf               ;
; db/shift_taps_m3m.tdf            ; yes             ; Auto-Generated Megafunction  ; D:/GitHub/schoolProjectwc/trunk/Quartus/Romahin A.S/filter_v5/db/shift_taps_m3m.tdf  ;
; db/altsyncram_lc81.tdf           ; yes             ; Auto-Generated Megafunction  ; D:/GitHub/schoolProjectwc/trunk/Quartus/Romahin A.S/filter_v5/db/altsyncram_lc81.tdf ;
; db/cntr_rnf.tdf                  ; yes             ; Auto-Generated Megafunction  ; D:/GitHub/schoolProjectwc/trunk/Quartus/Romahin A.S/filter_v5/db/cntr_rnf.tdf        ;
+----------------------------------+-----------------+------------------------------+--------------------------------------------------------------------------------------+


+---------------------------------------------------------+
; Analysis & Synthesis Resource Usage Summary             ;
+---------------------------------------------+-----------+
; Resource                                    ; Usage     ;
+---------------------------------------------+-----------+
; Estimated Total logic elements              ; 169       ;
;                                             ;           ;
; Total combinational functions               ; 137       ;
; Logic element usage by number of LUT inputs ;           ;
;     -- 4 input functions                    ; 37        ;
;     -- 3 input functions                    ; 60        ;
;     -- <=2 input functions                  ; 40        ;
;                                             ;           ;
; Logic elements by mode                      ;           ;
;     -- normal mode                          ; 66        ;
;     -- arithmetic mode                      ; 71        ;
;                                             ;           ;
; Total registers                             ; 89        ;
;     -- Dedicated logic registers            ; 89        ;
;     -- I/O registers                        ; 0         ;
;                                             ;           ;
; I/O pins                                    ; 17        ;
; Total memory bits                           ; 32        ;
; Maximum fan-out node                        ; clk~input ;
; Maximum fan-out                             ; 105       ;
; Total fan-out                               ; 664       ;
; Average fan-out                             ; 2.41      ;
+---------------------------------------------+-----------+


+--------------------------------------------------------------------------------------------------------------------------------------------------------------------------------------------------------------------------------------------------------------------+
; Analysis & Synthesis Resource Utilization by Entity                                                                                                                                                                                                                ;
+----------------------------------------+-------------------+--------------+-------------+--------------+---------+-----------+------+--------------+------------------------------------------------------------------------------------------------+--------------+
; Compilation Hierarchy Node             ; LC Combinationals ; LC Registers ; Memory Bits ; DSP Elements ; DSP 9x9 ; DSP 18x18 ; Pins ; Virtual Pins ; Full Hierarchy Name                                                                            ; Library Name ;
+----------------------------------------+-------------------+--------------+-------------+--------------+---------+-----------+------+--------------+------------------------------------------------------------------------------------------------+--------------+
; |filter_v5                             ; 137 (136)         ; 89 (88)      ; 32          ; 0            ; 0       ; 0         ; 17   ; 0            ; |filter_v5                                                                                     ; work         ;
;    |altshift_taps:inMem_rtl_0|         ; 1 (0)             ; 1 (0)        ; 32          ; 0            ; 0       ; 0         ; 0    ; 0            ; |filter_v5|altshift_taps:inMem_rtl_0                                                           ;              ;
;       |shift_taps_m3m:auto_generated|  ; 1 (0)             ; 1 (0)        ; 32          ; 0            ; 0       ; 0         ; 0    ; 0            ; |filter_v5|altshift_taps:inMem_rtl_0|shift_taps_m3m:auto_generated                             ;              ;
;          |altsyncram_lc81:altsyncram2| ; 0 (0)             ; 0 (0)        ; 32          ; 0            ; 0       ; 0         ; 0    ; 0            ; |filter_v5|altshift_taps:inMem_rtl_0|shift_taps_m3m:auto_generated|altsyncram_lc81:altsyncram2 ;              ;
;          |cntr_rnf:cntr1|              ; 1 (1)             ; 1 (1)        ; 0           ; 0            ; 0       ; 0         ; 0    ; 0            ; |filter_v5|altshift_taps:inMem_rtl_0|shift_taps_m3m:auto_generated|cntr_rnf:cntr1              ;              ;
+----------------------------------------+-------------------+--------------+-------------+--------------+---------+-----------+------+--------------+------------------------------------------------------------------------------------------------+--------------+
Note: For table entries with two numbers listed, the numbers in parentheses indicate the number of resources of the given type used by the specific entity alone. The numbers listed outside of parentheses indicate the total resources of the given type used by the specific entity and all of its sub-entities in the hierarchy.


+----------------------------------------------------------------------------------------------------------------------------------------------------------------------------------------------------+
; Analysis & Synthesis RAM Summary                                                                                                                                                                   ;
+------------------------------------------------------------------------------------------------+------+------------------+--------------+--------------+--------------+--------------+------+------+
; Name                                                                                           ; Type ; Mode             ; Port A Depth ; Port A Width ; Port B Depth ; Port B Width ; Size ; MIF  ;
+------------------------------------------------------------------------------------------------+------+------------------+--------------+--------------+--------------+--------------+------+------+
; altshift_taps:inMem_rtl_0|shift_taps_m3m:auto_generated|altsyncram_lc81:altsyncram2|ALTSYNCRAM ; AUTO ; Simple Dual Port ; 2            ; 16           ; 2            ; 16           ; 32   ; None ;
+------------------------------------------------------------------------------------------------+------+------------------+--------------+--------------+--------------+--------------+------+------+


+------------------------------------------------------+
; General Register Statistics                          ;
+----------------------------------------------+-------+
; Statistic                                    ; Value ;
+----------------------------------------------+-------+
; Total registers                              ; 89    ;
; Number of registers using Synchronous Clear  ; 0     ;
; Number of registers using Synchronous Load   ; 0     ;
; Number of registers using Asynchronous Clear ; 0     ;
; Number of registers using Asynchronous Load  ; 0     ;
; Number of registers using Clock Enable       ; 8     ;
; Number of registers using Preset             ; 0     ;
+----------------------------------------------+-------+


+--------------------------------------------------+
; Inverted Register Statistics                     ;
+----------------------------------------+---------+
; Inverted Register                      ; Fan out ;
+----------------------------------------+---------+
; n[0]                                   ; 3       ;
; Total number of inverted registers = 1 ;         ;
+----------------------------------------+---------+


+------------------------------------------------------------------------------------------------------------------------------------------+
; Multiplexer Restructuring Statistics (Restructuring Performed)                                                                           ;
+--------------------+-----------+---------------+----------------------+------------------------+------------+----------------------------+
; Multiplexer Inputs ; Bus Width ; Baseline Area ; Area if Restructured ; Saving if Restructured ; Registered ; Example Multiplexer Output ;
+--------------------+-----------+---------------+----------------------+------------------------+------------+----------------------------+
; 3:1                ; 8 bits    ; 16 LEs        ; 8 LEs                ; 8 LEs                  ; Yes        ; |filter_v5|p[0][7]         ;
; 3:1                ; 8 bits    ; 16 LEs        ; 16 LEs               ; 0 LEs                  ; No         ; |filter_v5|s               ;
; 4:1                ; 8 bits    ; 16 LEs        ; 16 LEs               ; 0 LEs                  ; No         ; |filter_v5|d               ;
+--------------------+-----------+---------------+----------------------+------------------------+------------+----------------------------+


+------------------------------------------------------------------------------------------------------------+
; Source assignments for altshift_taps:inMem_rtl_0|shift_taps_m3m:auto_generated|altsyncram_lc81:altsyncram2 ;
+---------------------------------+--------------------+------+----------------------------------------------+
; Assignment                      ; Value              ; From ; To                                           ;
+---------------------------------+--------------------+------+----------------------------------------------+
; OPTIMIZE_POWER_DURING_SYNTHESIS ; NORMAL_COMPILATION ; -    ; -                                            ;
+---------------------------------+--------------------+------+----------------------------------------------+


+----------------------------------------------------------------------------+
; Parameter Settings for Inferred Entity Instance: altshift_taps:inMem_rtl_0 ;
+----------------+----------------+------------------------------------------+
; Parameter Name ; Value          ; Type                                     ;
+----------------+----------------+------------------------------------------+
; WIDTH_BYTEENA  ; 1              ; Untyped                                  ;
; NUMBER_OF_TAPS ; 2              ; Untyped                                  ;
; TAP_DISTANCE   ; 4              ; Untyped                                  ;
; WIDTH          ; 8              ; Untyped                                  ;
; POWER_UP_STATE ; CLEARED        ; Untyped                                  ;
; CBXI_PARAMETER ; shift_taps_m3m ; Untyped                                  ;
+----------------+----------------+------------------------------------------+
Note: In order to hide this table in the UI and the text report file, please set the "Show Parameter Settings Tables in Synthesis Report" option in "Analysis and Synthesis Settings -> More Settings" to "Off".


+--------------------------------------------------------+
; altshift_taps Parameter Settings by Entity Instance    ;
+----------------------------+---------------------------+
; Name                       ; Value                     ;
+----------------------------+---------------------------+
; Number of entity instances ; 1                         ;
; Entity Instance            ; altshift_taps:inMem_rtl_0 ;
;     -- NUMBER_OF_TAPS      ; 2                         ;
;     -- TAP_DISTANCE        ; 4                         ;
;     -- WIDTH               ; 8                         ;
+----------------------------+---------------------------+


+-------------------------------+
; Analysis & Synthesis Messages ;
+-------------------------------+
Info: *******************************************************************
Info: Running Quartus II Analysis & Synthesis
    Info: Version 9.1 Build 222 10/21/2009 SJ Full Version
    Info: Processing started: Mon Oct 22 21:05:15 2018
Info: Command: quartus_map --read_settings_files=on --write_settings_files=off filter_v5 -c filter_v5
Info: Parallel compilation is enabled and will use 2 of the 2 processors detected
Info: Found 1 design units, including 1 entities, in source file filter_v5.v
    Info: Found entity 1: filter_v5
Info: Elaborating entity "filter_v5" for the top level hierarchy
Warning (10230): Verilog HDL assignment warning at filter_v5.v(48): truncated value with size 32 to match size of target (8)
Warning (10230): Verilog HDL assignment warning at filter_v5.v(54): truncated value with size 32 to match size of target (8)
Info: Inferred 1 megafunctions from design logic
    Info: Inferred altshift_taps megafunction from the following design logic: "inMem[1][0]~0"
        Info: Parameter NUMBER_OF_TAPS set to 2
        Info: Parameter TAP_DISTANCE set to 4
        Info: Parameter WIDTH set to 8
Info: Elaborated megafunction instantiation "altshift_taps:inMem_rtl_0"
Info: Instantiated megafunction "altshift_taps:inMem_rtl_0" with the following parameter:
    Info: Parameter "NUMBER_OF_TAPS" = "2"
    Info: Parameter "TAP_DISTANCE" = "4"
    Info: Parameter "WIDTH" = "8"
Info: Found 1 design units, including 1 entities, in source file db/shift_taps_m3m.tdf
    Info: Found entity 1: shift_taps_m3m
Info: Found 1 design units, including 1 entities, in source file db/altsyncram_lc81.tdf
    Info: Found entity 1: altsyncram_lc81
Info: Found 1 design units, including 1 entities, in source file db/cntr_rnf.tdf
    Info: Found entity 1: cntr_rnf
Info: Timing-Driven Synthesis is running
Info: Implemented 218 device resources after synthesis - the final resource count might be different
    Info: Implemented 9 input pins
    Info: Implemented 8 output pins
    Info: Implemented 185 logic cells
    Info: Implemented 16 RAM segments
Info: Quartus II Analysis & Synthesis was successful. 0 errors, 2 warnings
    Info: Peak virtual memory: 212 megabytes
    Info: Processing ended: Mon Oct 22 21:05:19 2018
    Info: Elapsed time: 00:00:04
    Info: Total CPU time (on all processors): 00:00:02


