Fitter report for registr
Tue Oct 23 00:32:48 2018
Quartus II 64-Bit Version 9.1 Build 350 03/24/2010 Service Pack 2 SJ Full Version


---------------------
; Table of Contents ;
---------------------
  1. Legal Notice
  2. Fitter Summary
  3. Fitter Settings
  4. Parallel Compilation
  5. Incremental Compilation Preservation Summary
  6. Incremental Compilation Partition Settings
  7. Incremental Compilation Placement Preservation
  8. Pin-Out File
  9. Fitter Resource Usage Summary
 10. Input Pins
 11. Output Pins
 12. I/O Bank Usage
 13. All Package Pins
 14. Output Pin Default Load For Reported TCO
 15. Fitter Resource Utilization by Entity
 16. Delay Chain Summary
 17. Pad To Core Delay Chain Fanout
 18. Control Signals
 19. Global & Other Fast Signals
 20. Non-Global High Fan-Out Signals
 21. Fitter DSP Block Usage Summary
 22. DSP Block Details
 23. Interconnect Usage Summary
 24. LAB Logic Elements
 25. LAB-wide Signals
 26. LAB Signals Sourced
 27. LAB Signals Sourced Out
 28. LAB Distinct Inputs
 29. Fitter Device Options
 30. Operating Settings and Conditions
 31. Estimated Delay Added for Hold Timing
 32. Fitter Messages
 33. Fitter Suppressed Messages



----------------
; Legal Notice ;
----------------
Copyright (C) 1991-2010 Altera Corporation
Your use of Altera Corporation's design tools, logic functions 
and other software and tools, and its AMPP partner logic 
functions, and any output files from any of the foregoing 
(including device programming or simulation files), and any 
associated documentation or information are expressly subject 
to the terms and conditions of the Altera Program License 
Subscription Agreement, Altera MegaCore Function License 
Agreement, or other applicable license agreement, including, 
without limitation, that your use is for the sole purpose of 
programming logic devices manufactured by Altera and sold by 
Altera or its authorized distributors.  Please refer to the 
applicable agreement for further details.



+------------------------------------------------------------------------------------+
; Fitter Summary                                                                     ;
+------------------------------------+-----------------------------------------------+
; Fitter Status                      ; Successful - Tue Oct 23 00:32:48 2018         ;
; Quartus II 64-Bit Version          ; 9.1 Build 350 03/24/2010 SP 2 SJ Full Version ;
; Revision Name                      ; registr                                       ;
; Top-level Entity Name              ; registr                                       ;
; Family                             ; Cyclone II                                    ;
; Device                             ; EP2C5T144C6                                   ;
; Timing Models                      ; Final                                         ;
; Total logic elements               ; 9 / 4,608 ( < 1 % )                           ;
;     Total combinational functions  ; 9 / 4,608 ( < 1 % )                           ;
;     Dedicated logic registers      ; 8 / 4,608 ( < 1 % )                           ;
; Total registers                    ; 8                                             ;
; Total pins                         ; 33 / 89 ( 37 % )                              ;
; Total virtual pins                 ; 0                                             ;
; Total memory bits                  ; 0 / 119,808 ( 0 % )                           ;
; Embedded Multiplier 9-bit elements ; 1 / 26 ( 4 % )                                ;
; Total PLLs                         ; 0 / 2 ( 0 % )                                 ;
+------------------------------------+-----------------------------------------------+


+----------------------------------------------------------------------------------------------------------------------------------------------+
; Fitter Settings                                                                                                                              ;
+----------------------------------------------------------------------------+--------------------------------+--------------------------------+
; Option                                                                     ; Setting                        ; Default Value                  ;
+----------------------------------------------------------------------------+--------------------------------+--------------------------------+
; Device                                                                     ; EP2C5T144C6                    ;                                ;
; Minimum Core Junction Temperature                                          ; 0                              ;                                ;
; Maximum Core Junction Temperature                                          ; 85                             ;                                ;
; Fit Attempts to Skip                                                       ; 0                              ; 0.0                            ;
; Use smart compilation                                                      ; Off                            ; Off                            ;
; Enable parallel Assembler and TimeQuest Timing Analyzer during compilation ; On                             ; On                             ;
; Enable compact report table                                                ; Off                            ; Off                            ;
; Use TimeQuest Timing Analyzer                                              ; Off                            ; Off                            ;
; Router Timing Optimization Level                                           ; Normal                         ; Normal                         ;
; Placement Effort Multiplier                                                ; 1.0                            ; 1.0                            ;
; Router Effort Multiplier                                                   ; 1.0                            ; 1.0                            ;
; Always Enable Input Buffers                                                ; Off                            ; Off                            ;
; Optimize Hold Timing                                                       ; IO Paths and Minimum TPD Paths ; IO Paths and Minimum TPD Paths ;
; Optimize Multi-Corner Timing                                               ; Off                            ; Off                            ;
; PowerPlay Power Optimization                                               ; Normal compilation             ; Normal compilation             ;
; Optimize Timing                                                            ; Normal compilation             ; Normal compilation             ;
; Optimize Timing for ECOs                                                   ; Off                            ; Off                            ;
; Regenerate full fit report during ECO compiles                             ; Off                            ; Off                            ;
; Optimize IOC Register Placement for Timing                                 ; On                             ; On                             ;
; Limit to One Fitting Attempt                                               ; Off                            ; Off                            ;
; Final Placement Optimizations                                              ; Automatically                  ; Automatically                  ;
; Fitter Aggressive Routability Optimizations                                ; Automatically                  ; Automatically                  ;
; Fitter Initial Placement Seed                                              ; 1                              ; 1                              ;
; PCI I/O                                                                    ; Off                            ; Off                            ;
; Weak Pull-Up Resistor                                                      ; Off                            ; Off                            ;
; Enable Bus-Hold Circuitry                                                  ; Off                            ; Off                            ;
; Auto Global Memory Control Signals                                         ; Off                            ; Off                            ;
; Auto Packed Registers                                                      ; Auto                           ; Auto                           ;
; Auto Delay Chains                                                          ; On                             ; On                             ;
; Auto Merge PLLs                                                            ; On                             ; On                             ;
; Ignore PLL Mode When Merging PLLs                                          ; Off                            ; Off                            ;
; Perform Physical Synthesis for Combinational Logic for Fitting             ; Off                            ; Off                            ;
; Perform Physical Synthesis for Combinational Logic for Performance         ; Off                            ; Off                            ;
; Perform Register Duplication for Performance                               ; Off                            ; Off                            ;
; Perform Logic to Memory Mapping for Fitting                                ; Off                            ; Off                            ;
; Perform Register Retiming for Performance                                  ; Off                            ; Off                            ;
; Perform Asynchronous Signal Pipelining                                     ; Off                            ; Off                            ;
; Fitter Effort                                                              ; Auto Fit                       ; Auto Fit                       ;
; Physical Synthesis Effort Level                                            ; Normal                         ; Normal                         ;
; Auto Global Clock                                                          ; On                             ; On                             ;
; Auto Global Register Control Signals                                       ; On                             ; On                             ;
; Stop After Congestion Map Generation                                       ; Off                            ; Off                            ;
; Save Intermediate Fitting Results                                          ; Off                            ; Off                            ;
; Force Fitter to Avoid Periphery Placement Warnings                         ; Off                            ; Off                            ;
; Use Best Effort Settings for Compilation                                   ; Off                            ; Off                            ;
+----------------------------------------------------------------------------+--------------------------------+--------------------------------+


+------------------------------------------+
; Parallel Compilation                     ;
+----------------------------+-------------+
; Processors                 ; Number      ;
+----------------------------+-------------+
; Number detected on machine ; 4           ;
; Maximum allowed            ; 4           ;
;                            ;             ;
; Average used               ; 1.00        ;
; Maximum used               ; 4           ;
;                            ;             ;
; Usage by Processor         ; % Time Used ;
;     1 processor            ; 100.0%      ;
;     2-4 processors         ; < 0.1%      ;
+----------------------------+-------------+


+----------------------------------------------+
; Incremental Compilation Preservation Summary ;
+-------------------------+--------------------+
; Type                    ; Value              ;
+-------------------------+--------------------+
; Placement               ;                    ;
;     -- Requested        ; 0 / 56 ( 0.00 % )  ;
;     -- Achieved         ; 0 / 56 ( 0.00 % )  ;
;                         ;                    ;
; Routing (by Connection) ;                    ;
;     -- Requested        ; 0 / 0 ( 0.00 % )   ;
;     -- Achieved         ; 0 / 0 ( 0.00 % )   ;
+-------------------------+--------------------+


+--------------------------------------------------------------------------------------------------------------------------------------------------+
; Incremental Compilation Partition Settings                                                                                                       ;
+----------------+----------------+-------------------+-------------------------+------------------------+------------------------------+----------+
; Partition Name ; Partition Type ; Netlist Type Used ; Preservation Level Used ; Netlist Type Requested ; Preservation Level Requested ; Contents ;
+----------------+----------------+-------------------+-------------------------+------------------------+------------------------------+----------+
; Top            ; User-created   ; Source File       ; N/A                     ; Source File            ; N/A                          ;          ;
+----------------+----------------+-------------------+-------------------------+------------------------+------------------------------+----------+


+--------------------------------------------------------------------------------------------+
; Incremental Compilation Placement Preservation                                             ;
+----------------+---------+-------------------+-------------------------+-------------------+
; Partition Name ; # Nodes ; # Preserved Nodes ; Preservation Level Used ; Netlist Type Used ;
+----------------+---------+-------------------+-------------------------+-------------------+
; Top            ; 56      ; 0                 ; N/A                     ; Source File       ;
+----------------+---------+-------------------+-------------------------+-------------------+


+--------------+
; Pin-Out File ;
+--------------+
The pin-out file can be found in C:/altera/91sp2/quartus/work2/registr/registr.pin.


+------------------------------------------------------------------------------------------------+
; Fitter Resource Usage Summary                                                                  ;
+---------------------------------------------+--------------------------------------------------+
; Resource                                    ; Usage                                            ;
+---------------------------------------------+--------------------------------------------------+
; Total logic elements                        ; 9 / 4,608 ( < 1 % )                              ;
;     -- Combinational with no register       ; 1                                                ;
;     -- Register only                        ; 0                                                ;
;     -- Combinational with a register        ; 8                                                ;
;                                             ;                                                  ;
; Logic element usage by number of LUT inputs ;                                                  ;
;     -- 4 input functions                    ; 0                                                ;
;     -- 3 input functions                    ; 7                                                ;
;     -- <=2 input functions                  ; 2                                                ;
;     -- Register only                        ; 0                                                ;
;                                             ;                                                  ;
; Logic elements by mode                      ;                                                  ;
;     -- normal mode                          ; 2                                                ;
;     -- arithmetic mode                      ; 7                                                ;
;                                             ;                                                  ;
; Total registers*                            ; 8 / 4,851 ( < 1 % )                              ;
;     -- Dedicated logic registers            ; 8 / 4,608 ( < 1 % )                              ;
;     -- I/O registers                        ; 0 / 243 ( 0 % )                                  ;
;                                             ;                                                  ;
; Total LABs:  partially or completely used   ; 2 / 288 ( < 1 % )                                ;
; User inserted logic elements                ; 0                                                ;
; Virtual pins                                ; 0                                                ;
; I/O pins                                    ; 33 / 89 ( 37 % )                                 ;
;     -- Clock pins                           ; 2 / 4 ( 50 % )                                   ;
; Global signals                              ; 1                                                ;
; M4Ks                                        ; 0 / 26 ( 0 % )                                   ;
; Total block memory bits                     ; 0 / 119,808 ( 0 % )                              ;
; Total block memory implementation bits      ; 0 / 119,808 ( 0 % )                              ;
; Embedded Multiplier 9-bit elements          ; 1 / 26 ( 4 % )                                   ;
; PLLs                                        ; 0 / 2 ( 0 % )                                    ;
; Global clocks                               ; 1 / 8 ( 13 % )                                   ;
; JTAGs                                       ; 0 / 1 ( 0 % )                                    ;
; ASMI blocks                                 ; 0 / 1 ( 0 % )                                    ;
; CRC blocks                                  ; 0 / 1 ( 0 % )                                    ;
; Average interconnect usage (total/H/V)      ; 0% / 0% / 0%                                     ;
; Peak interconnect usage (total/H/V)         ; 0% / 1% / 0%                                     ;
; Maximum fan-out node                        ; lpm_mult:Mult0|mult_o5t:auto_generated|mac_mult1 ;
; Maximum fan-out                             ; 18                                               ;
; Highest non-global fan-out signal           ; ~GND                                             ;
; Highest non-global fan-out                  ; 2                                                ;
; Total fan-out                               ; 66                                               ;
; Average fan-out                             ; 1.18                                             ;
+---------------------------------------------+--------------------------------------------------+
*  Register count does not include registers inside RAM blocks or DSP blocks.



+------------------------------------------------------------------------------------------------------------------------------------------------------------------------------------------------------------------------------------------------------------+
; Input Pins                                                                                                                                                                                                                                                 ;
+------+-------+----------+--------------+--------------+-------------+-----------------------+--------------------+--------+----------------+---------------+-----------------+----------+--------------+--------------+-------------+----------------------+
; Name ; Pin # ; I/O Bank ; X coordinate ; Y coordinate ; Cell number ; Combinational Fan-Out ; Registered Fan-Out ; Global ; Input Register ; Power Up High ; PCI I/O Enabled ; Bus Hold ; Weak Pull Up ; I/O Standard ; Termination ; Location assigned by ;
+------+-------+----------+--------------+--------------+-------------+-----------------------+--------------------+--------+----------------+---------------+-----------------+----------+--------------+--------------+-------------+----------------------+
; A[0] ; 25    ; 1        ; 0            ; 5            ; 1           ; 1                     ; 0                  ; no     ; no             ; no            ; no              ; no       ; Off          ; 3.3-V LVTTL  ; Off         ; Fitter               ;
; A[1] ; 59    ; 4        ; 14           ; 0            ; 1           ; 1                     ; 0                  ; no     ; no             ; no            ; no              ; no       ; Off          ; 3.3-V LVTTL  ; Off         ; Fitter               ;
; A[2] ; 118   ; 2        ; 21           ; 14           ; 0           ; 1                     ; 0                  ; no     ; no             ; no            ; no              ; no       ; Off          ; 3.3-V LVTTL  ; Off         ; Fitter               ;
; A[3] ; 120   ; 2        ; 19           ; 14           ; 0           ; 1                     ; 0                  ; no     ; no             ; no            ; no              ; no       ; Off          ; 3.3-V LVTTL  ; Off         ; Fitter               ;
; A[4] ; 40    ; 4        ; 1            ; 0            ; 2           ; 1                     ; 0                  ; no     ; no             ; no            ; no              ; no       ; Off          ; 3.3-V LVTTL  ; Off         ; Fitter               ;
; A[5] ; 31    ; 1        ; 0            ; 2            ; 3           ; 1                     ; 0                  ; no     ; no             ; no            ; no              ; no       ; Off          ; 3.3-V LVTTL  ; Off         ; Fitter               ;
; A[6] ; 114   ; 2        ; 26           ; 14           ; 2           ; 1                     ; 0                  ; no     ; no             ; no            ; no              ; no       ; Off          ; 3.3-V LVTTL  ; Off         ; Fitter               ;
; A[7] ; 112   ; 2        ; 26           ; 14           ; 0           ; 1                     ; 0                  ; no     ; no             ; no            ; no              ; no       ; Off          ; 3.3-V LVTTL  ; Off         ; Fitter               ;
; B[0] ; 121   ; 2        ; 19           ; 14           ; 1           ; 1                     ; 0                  ; no     ; no             ; no            ; no              ; no       ; Off          ; 3.3-V LVTTL  ; Off         ; Fitter               ;
; B[1] ; 126   ; 2        ; 14           ; 14           ; 1           ; 1                     ; 0                  ; no     ; no             ; no            ; no              ; no       ; Off          ; 3.3-V LVTTL  ; Off         ; Fitter               ;
; B[2] ; 133   ; 2        ; 7            ; 14           ; 0           ; 1                     ; 0                  ; no     ; no             ; no            ; no              ; no       ; Off          ; 3.3-V LVTTL  ; Off         ; Fitter               ;
; B[3] ; 137   ; 2        ; 3            ; 14           ; 2           ; 1                     ; 0                  ; no     ; no             ; no            ; no              ; no       ; Off          ; 3.3-V LVTTL  ; Off         ; Fitter               ;
; B[4] ; 4     ; 1        ; 0            ; 13           ; 3           ; 1                     ; 0                  ; no     ; no             ; no            ; no              ; no       ; Off          ; 3.3-V LVTTL  ; Off         ; Fitter               ;
; B[5] ; 136   ; 2        ; 3            ; 14           ; 1           ; 1                     ; 0                  ; no     ; no             ; no            ; no              ; no       ; Off          ; 3.3-V LVTTL  ; Off         ; Fitter               ;
; B[6] ; 125   ; 2        ; 14           ; 14           ; 0           ; 1                     ; 0                  ; no     ; no             ; no            ; no              ; no       ; Off          ; 3.3-V LVTTL  ; Off         ; Fitter               ;
; B[7] ; 132   ; 2        ; 9            ; 14           ; 2           ; 1                     ; 0                  ; no     ; no             ; no            ; no              ; no       ; Off          ; 3.3-V LVTTL  ; Off         ; Fitter               ;
; C[0] ; 18    ; 1        ; 0            ; 6            ; 1           ; 1                     ; 0                  ; no     ; no             ; no            ; no              ; no       ; Off          ; 3.3-V LVTTL  ; Off         ; Fitter               ;
; C[1] ; 21    ; 1        ; 0            ; 6            ; 2           ; 1                     ; 0                  ; no     ; no             ; no            ; no              ; no       ; Off          ; 3.3-V LVTTL  ; Off         ; Fitter               ;
; C[2] ; 22    ; 1        ; 0            ; 6            ; 3           ; 1                     ; 0                  ; no     ; no             ; no            ; no              ; no       ; Off          ; 3.3-V LVTTL  ; Off         ; Fitter               ;
; C[3] ; 8     ; 1        ; 0            ; 11           ; 2           ; 1                     ; 0                  ; no     ; no             ; no            ; no              ; no       ; Off          ; 3.3-V LVTTL  ; Off         ; Fitter               ;
; C[4] ; 87    ; 3        ; 28           ; 6            ; 0           ; 1                     ; 0                  ; no     ; no             ; no            ; no              ; no       ; Off          ; 3.3-V LVTTL  ; Off         ; Fitter               ;
; C[5] ; 129   ; 2        ; 12           ; 14           ; 0           ; 1                     ; 0                  ; no     ; no             ; no            ; no              ; no       ; Off          ; 3.3-V LVTTL  ; Off         ; Fitter               ;
; C[6] ; 24    ; 1        ; 0            ; 5            ; 0           ; 1                     ; 0                  ; no     ; no             ; no            ; no              ; no       ; Off          ; 3.3-V LVTTL  ; Off         ; Fitter               ;
; C[7] ; 26    ; 1        ; 0            ; 5            ; 2           ; 1                     ; 0                  ; no     ; no             ; no            ; no              ; no       ; Off          ; 3.3-V LVTTL  ; Off         ; Fitter               ;
; clk  ; 17    ; 1        ; 0            ; 6            ; 0           ; 1                     ; 0                  ; yes    ; no             ; no            ; no              ; no       ; Off          ; 3.3-V LVTTL  ; Off         ; Fitter               ;
+------+-------+----------+--------------+--------------+-------------+-----------------------+--------------------+--------+----------------+---------------+-----------------+----------+--------------+--------------+-------------+----------------------+


+-------------------------------------------------------------------------------------------------------------------------------------------------------------------------------------------------------------------------------------------------------------------------------------------------------------------------------------------+
; Output Pins                                                                                                                                                                                                                                                                                                                               ;
+-------------+-------+----------+--------------+--------------+-------------+-----------------+------------------------+---------------+-----------------+------------+---------------+----------+--------------+--------------+------------------+-------------+----------------------+------+----------------------+---------------------+
; Name        ; Pin # ; I/O Bank ; X coordinate ; Y coordinate ; Cell number ; Output Register ; Output Enable Register ; Power Up High ; PCI I/O Enabled ; Open Drain ; TRI Primitive ; Bus Hold ; Weak Pull Up ; I/O Standard ; Current Strength ; Termination ; Location assigned by ; Load ; Output Enable Source ; Output Enable Group ;
+-------------+-------+----------+--------------+--------------+-------------+-----------------+------------------------+---------------+-----------------+------------+---------------+----------+--------------+--------------+------------------+-------------+----------------------+------+----------------------+---------------------+
; DATA_OUT[0] ; 58    ; 4        ; 12           ; 0            ; 0           ; no              ; no                     ; no            ; no              ; no         ; no            ; no       ; Off          ; 3.3-V LVTTL  ; 24mA             ; Off         ; Fitter               ; 0 pF ; -                    ; -                   ;
; DATA_OUT[1] ; 32    ; 1        ; 0            ; 2            ; 4           ; no              ; no                     ; no            ; no              ; no         ; no            ; no       ; Off          ; 3.3-V LVTTL  ; 24mA             ; Off         ; Fitter               ; 0 pF ; -                    ; -                   ;
; DATA_OUT[2] ; 27    ; 1        ; 0            ; 5            ; 3           ; no              ; no                     ; no            ; no              ; no         ; no            ; no       ; Off          ; 3.3-V LVTTL  ; 24mA             ; Off         ; Fitter               ; 0 pF ; -                    ; -                   ;
; DATA_OUT[3] ; 72    ; 4        ; 26           ; 0            ; 0           ; no              ; no                     ; no            ; no              ; no         ; no            ; no       ; Off          ; 3.3-V LVTTL  ; 24mA             ; Off         ; Fitter               ; 0 pF ; -                    ; -                   ;
; DATA_OUT[4] ; 28    ; 1        ; 0            ; 4            ; 3           ; no              ; no                     ; no            ; no              ; no         ; no            ; no       ; Off          ; 3.3-V LVTTL  ; 24mA             ; Off         ; Fitter               ; 0 pF ; -                    ; -                   ;
; DATA_OUT[5] ; 122   ; 2        ; 19           ; 14           ; 2           ; no              ; no                     ; no            ; no              ; no         ; no            ; no       ; Off          ; 3.3-V LVTTL  ; 24mA             ; Off         ; Fitter               ; 0 pF ; -                    ; -                   ;
; DATA_OUT[6] ; 30    ; 1        ; 0            ; 2            ; 2           ; no              ; no                     ; no            ; no              ; no         ; no            ; no       ; Off          ; 3.3-V LVTTL  ; 24mA             ; Off         ; Fitter               ; 0 pF ; -                    ; -                   ;
; DATA_OUT[7] ; 134   ; 2        ; 7            ; 14           ; 1           ; no              ; no                     ; no            ; no              ; no         ; no            ; no       ; Off          ; 3.3-V LVTTL  ; 24mA             ; Off         ; Fitter               ; 0 pF ; -                    ; -                   ;
+-------------+-------+----------+--------------+--------------+-------------+-----------------+------------------------+---------------+-----------------+------------+---------------+----------+--------------+--------------+------------------+-------------+----------------------+------+----------------------+---------------------+


+------------------------------------------------------------+
; I/O Bank Usage                                             ;
+----------+------------------+---------------+--------------+
; I/O Bank ; Usage            ; VCCIO Voltage ; VREF Voltage ;
+----------+------------------+---------------+--------------+
; 1        ; 16 / 19 ( 84 % ) ; 3.3V          ; --           ;
; 2        ; 14 / 23 ( 61 % ) ; 3.3V          ; --           ;
; 3        ; 2 / 23 ( 9 % )   ; 3.3V          ; --           ;
; 4        ; 4 / 24 ( 17 % )  ; 3.3V          ; --           ;
+----------+------------------+---------------+--------------+


+------------------------------------------------------------------------------------------------------------------------------------------------------------------------+
; All Package Pins                                                                                                                                                       ;
+----------+------------+----------+------------------------------------------+--------+--------------+---------+------------+-----------------+----------+--------------+
; Location ; Pad Number ; I/O Bank ; Pin Name/Usage                           ; Dir.   ; I/O Standard ; Voltage ; I/O Type   ; User Assignment ; Bus Hold ; Weak Pull Up ;
+----------+------------+----------+------------------------------------------+--------+--------------+---------+------------+-----------------+----------+--------------+
; 1        ; 0          ; 1        ; ~ASDO~ / RESERVED_INPUT_WITH_WEAK_PULLUP ; input  ; 3.3-V LVTTL  ;         ; Row I/O    ; N               ; no       ; On           ;
; 2        ; 1          ; 1        ; ~nCSO~ / RESERVED_INPUT_WITH_WEAK_PULLUP ; input  ; 3.3-V LVTTL  ;         ; Row I/O    ; N               ; no       ; On           ;
; 3        ; 2          ; 1        ; GND*                                     ;        ;              ;         ; Row I/O    ;                 ; no       ; Off          ;
; 4        ; 3          ; 1        ; B[4]                                     ; input  ; 3.3-V LVTTL  ;         ; Row I/O    ; N               ; no       ; Off          ;
; 5        ;            ; 1        ; VCCIO1                                   ; power  ;              ; 3.3V    ; --         ;                 ; --       ; --           ;
; 6        ;            ;          ; GND                                      ; gnd    ;              ;         ; --         ;                 ; --       ; --           ;
; 7        ; 10         ; 1        ; GND*                                     ;        ;              ;         ; Row I/O    ;                 ; no       ; Off          ;
; 8        ; 11         ; 1        ; C[3]                                     ; input  ; 3.3-V LVTTL  ;         ; Row I/O    ; N               ; no       ; Off          ;
; 9        ; 12         ; 1        ; GND*                                     ;        ;              ;         ; Row I/O    ;                 ; no       ; Off          ;
; 10       ; 13         ; 1        ; #TDO                                     ; output ;              ;         ; --         ;                 ; --       ; --           ;
; 11       ; 14         ; 1        ; #TMS                                     ; input  ;              ;         ; --         ;                 ; --       ; --           ;
; 12       ; 15         ; 1        ; #TCK                                     ; input  ;              ;         ; --         ;                 ; --       ; --           ;
; 13       ; 16         ; 1        ; #TDI                                     ; input  ;              ;         ; --         ;                 ; --       ; --           ;
; 14       ; 17         ; 1        ; ^DATA0                                   ; input  ;              ;         ; --         ;                 ; --       ; --           ;
; 15       ; 18         ; 1        ; ^DCLK                                    ;        ;              ;         ; --         ;                 ; --       ; --           ;
; 16       ; 19         ; 1        ; ^nCE                                     ;        ;              ;         ; --         ;                 ; --       ; --           ;
; 17       ; 20         ; 1        ; clk                                      ; input  ; 3.3-V LVTTL  ;         ; Row I/O    ; N               ; no       ; Off          ;
; 18       ; 21         ; 1        ; C[0]                                     ; input  ; 3.3-V LVTTL  ;         ; Row I/O    ; N               ; no       ; Off          ;
; 19       ;            ;          ; GND                                      ; gnd    ;              ;         ; --         ;                 ; --       ; --           ;
; 20       ; 22         ; 1        ; ^nCONFIG                                 ;        ;              ;         ; --         ;                 ; --       ; --           ;
; 21       ; 23         ; 1        ; C[1]                                     ; input  ; 3.3-V LVTTL  ;         ; Row I/O    ; N               ; no       ; Off          ;
; 22       ; 24         ; 1        ; C[2]                                     ; input  ; 3.3-V LVTTL  ;         ; Row I/O    ; N               ; no       ; Off          ;
; 23       ;            ; 1        ; VCCIO1                                   ; power  ;              ; 3.3V    ; --         ;                 ; --       ; --           ;
; 24       ; 25         ; 1        ; C[6]                                     ; input  ; 3.3-V LVTTL  ;         ; Row I/O    ; N               ; no       ; Off          ;
; 25       ; 26         ; 1        ; A[0]                                     ; input  ; 3.3-V LVTTL  ;         ; Row I/O    ; N               ; no       ; Off          ;
; 26       ; 27         ; 1        ; C[7]                                     ; input  ; 3.3-V LVTTL  ;         ; Row I/O    ; N               ; no       ; Off          ;
; 27       ; 28         ; 1        ; DATA_OUT[2]                              ; output ; 3.3-V LVTTL  ;         ; Row I/O    ; N               ; no       ; Off          ;
; 28       ; 32         ; 1        ; DATA_OUT[4]                              ; output ; 3.3-V LVTTL  ;         ; Row I/O    ; N               ; no       ; Off          ;
; 29       ;            ; 1        ; VCCIO1                                   ; power  ;              ; 3.3V    ; --         ;                 ; --       ; --           ;
; 30       ; 40         ; 1        ; DATA_OUT[6]                              ; output ; 3.3-V LVTTL  ;         ; Row I/O    ; N               ; no       ; Off          ;
; 31       ; 41         ; 1        ; A[5]                                     ; input  ; 3.3-V LVTTL  ;         ; Row I/O    ; N               ; no       ; Off          ;
; 32       ; 42         ; 1        ; DATA_OUT[1]                              ; output ; 3.3-V LVTTL  ;         ; Row I/O    ; N               ; no       ; Off          ;
; 33       ;            ;          ; GND                                      ; gnd    ;              ;         ; --         ;                 ; --       ; --           ;
; 34       ;            ;          ; GND_PLL1                                 ; gnd    ;              ;         ; --         ;                 ; --       ; --           ;
; 35       ;            ;          ; VCCD_PLL1                                ; power  ;              ; 1.2V    ; --         ;                 ; --       ; --           ;
; 36       ;            ;          ; GND_PLL1                                 ; gnd    ;              ;         ; --         ;                 ; --       ; --           ;
; 37       ;            ;          ; VCCA_PLL1                                ; power  ;              ; 1.2V    ; --         ;                 ; --       ; --           ;
; 38       ;            ;          ; GNDA_PLL1                                ; gnd    ;              ;         ; --         ;                 ; --       ; --           ;
; 39       ;            ;          ; GND                                      ; gnd    ;              ;         ; --         ;                 ; --       ; --           ;
; 40       ; 43         ; 4        ; A[4]                                     ; input  ; 3.3-V LVTTL  ;         ; Column I/O ; N               ; no       ; Off          ;
; 41       ; 44         ; 4        ; GND*                                     ;        ;              ;         ; Column I/O ;                 ; no       ; Off          ;
; 42       ; 45         ; 4        ; GND*                                     ;        ;              ;         ; Column I/O ;                 ; no       ; Off          ;
; 43       ; 46         ; 4        ; GND*                                     ;        ;              ;         ; Column I/O ;                 ; no       ; Off          ;
; 44       ; 47         ; 4        ; GND*                                     ;        ;              ;         ; Column I/O ;                 ; no       ; Off          ;
; 45       ; 48         ; 4        ; GND*                                     ;        ;              ;         ; Column I/O ;                 ; no       ; Off          ;
; 46       ;            ; 4        ; VCCIO4                                   ; power  ;              ; 3.3V    ; --         ;                 ; --       ; --           ;
; 47       ; 49         ; 4        ; GND*                                     ;        ;              ;         ; Column I/O ;                 ; no       ; Off          ;
; 48       ; 50         ; 4        ; GND*                                     ;        ;              ;         ; Column I/O ;                 ; no       ; Off          ;
; 49       ;            ;          ; GND                                      ; gnd    ;              ;         ; --         ;                 ; --       ; --           ;
; 50       ;            ;          ; VCCINT                                   ; power  ;              ; 1.2V    ; --         ;                 ; --       ; --           ;
; 51       ; 52         ; 4        ; GND*                                     ;        ;              ;         ; Column I/O ;                 ; no       ; Off          ;
; 52       ; 53         ; 4        ; GND*                                     ;        ;              ;         ; Column I/O ;                 ; no       ; Off          ;
; 53       ; 57         ; 4        ; GND*                                     ;        ;              ;         ; Column I/O ;                 ; no       ; Off          ;
; 54       ;            ; 4        ; VCCIO4                                   ; power  ;              ; 3.3V    ; --         ;                 ; --       ; --           ;
; 55       ; 58         ; 4        ; GND*                                     ;        ;              ;         ; Column I/O ;                 ; no       ; Off          ;
; 56       ;            ;          ; GND                                      ; gnd    ;              ;         ; --         ;                 ; --       ; --           ;
; 57       ; 59         ; 4        ; GND*                                     ;        ;              ;         ; Column I/O ;                 ; no       ; Off          ;
; 58       ; 60         ; 4        ; DATA_OUT[0]                              ; output ; 3.3-V LVTTL  ;         ; Column I/O ; N               ; no       ; Off          ;
; 59       ; 63         ; 4        ; A[1]                                     ; input  ; 3.3-V LVTTL  ;         ; Column I/O ; N               ; no       ; Off          ;
; 60       ; 64         ; 4        ; GND*                                     ;        ;              ;         ; Column I/O ;                 ; no       ; Off          ;
; 61       ;            ;          ; GND                                      ; gnd    ;              ;         ; --         ;                 ; --       ; --           ;
; 62       ;            ;          ; VCCINT                                   ; power  ;              ; 1.2V    ; --         ;                 ; --       ; --           ;
; 63       ; 72         ; 4        ; GND*                                     ;        ;              ;         ; Column I/O ;                 ; no       ; Off          ;
; 64       ; 75         ; 4        ; GND*                                     ;        ;              ;         ; Column I/O ;                 ; no       ; Off          ;
; 65       ; 76         ; 4        ; GND*                                     ;        ;              ;         ; Column I/O ;                 ; no       ; Off          ;
; 66       ;            ; 4        ; VCCIO4                                   ; power  ;              ; 3.3V    ; --         ;                 ; --       ; --           ;
; 67       ; 79         ; 4        ; GND*                                     ;        ;              ;         ; Column I/O ;                 ; no       ; Off          ;
; 68       ;            ;          ; GND                                      ; gnd    ;              ;         ; --         ;                 ; --       ; --           ;
; 69       ; 80         ; 4        ; GND*                                     ;        ;              ;         ; Column I/O ;                 ; no       ; Off          ;
; 70       ; 81         ; 4        ; GND*                                     ;        ;              ;         ; Column I/O ;                 ; no       ; Off          ;
; 71       ; 82         ; 4        ; GND*                                     ;        ;              ;         ; Column I/O ;                 ; no       ; Off          ;
; 72       ; 83         ; 4        ; DATA_OUT[3]                              ; output ; 3.3-V LVTTL  ;         ; Column I/O ; N               ; no       ; Off          ;
; 73       ; 84         ; 3        ; GND*                                     ;        ;              ;         ; Row I/O    ;                 ; no       ; Off          ;
; 74       ; 85         ; 3        ; GND*                                     ;        ;              ;         ; Row I/O    ;                 ; no       ; Off          ;
; 75       ; 86         ; 3        ; GND*                                     ;        ;              ;         ; Row I/O    ;                 ; no       ; Off          ;
; 76       ; 87         ; 3        ; ~LVDS41p/nCEO~                           ; output ; 3.3-V LVTTL  ;         ; Row I/O    ; N               ; no       ; Off          ;
; 77       ;            ; 3        ; VCCIO3                                   ; power  ;              ; 3.3V    ; --         ;                 ; --       ; --           ;
; 78       ;            ;          ; GND                                      ; gnd    ;              ;         ; --         ;                 ; --       ; --           ;
; 79       ; 95         ; 3        ; GND*                                     ;        ;              ;         ; Row I/O    ;                 ; no       ; Off          ;
; 80       ; 97         ; 3        ; GND*                                     ;        ;              ;         ; Row I/O    ;                 ; no       ; Off          ;
; 81       ; 98         ; 3        ; GND*                                     ;        ;              ;         ; Row I/O    ;                 ; no       ; Off          ;
; 82       ; 99         ; 3        ; ^nSTATUS                                 ;        ;              ;         ; --         ;                 ; --       ; --           ;
; 83       ; 100        ; 3        ; ^CONF_DONE                               ;        ;              ;         ; --         ;                 ; --       ; --           ;
; 84       ; 101        ; 3        ; ^MSEL1                                   ;        ;              ;         ; --         ;                 ; --       ; --           ;
; 85       ; 102        ; 3        ; ^MSEL0                                   ;        ;              ;         ; --         ;                 ; --       ; --           ;
; 86       ; 103        ; 3        ; GND*                                     ;        ;              ;         ; Row I/O    ;                 ; no       ; Off          ;
; 87       ; 104        ; 3        ; C[4]                                     ; input  ; 3.3-V LVTTL  ;         ; Row I/O    ; N               ; no       ; Off          ;
; 88       ; 105        ; 3        ; GND+                                     ;        ;              ;         ; Row I/O    ;                 ; --       ; --           ;
; 89       ; 106        ; 3        ; GND+                                     ;        ;              ;         ; Row I/O    ;                 ; --       ; --           ;
; 90       ; 107        ; 3        ; GND+                                     ;        ;              ;         ; Row I/O    ;                 ; --       ; --           ;
; 91       ; 108        ; 3        ; GND+                                     ;        ;              ;         ; Row I/O    ;                 ; --       ; --           ;
; 92       ; 109        ; 3        ; GND*                                     ;        ;              ;         ; Row I/O    ;                 ; no       ; Off          ;
; 93       ; 110        ; 3        ; GND*                                     ;        ;              ;         ; Row I/O    ;                 ; no       ; Off          ;
; 94       ; 111        ; 3        ; GND*                                     ;        ;              ;         ; Row I/O    ;                 ; no       ; Off          ;
; 95       ;            ; 3        ; VCCIO3                                   ; power  ;              ; 3.3V    ; --         ;                 ; --       ; --           ;
; 96       ; 112        ; 3        ; GND*                                     ;        ;              ;         ; Row I/O    ;                 ; no       ; Off          ;
; 97       ; 113        ; 3        ; GND*                                     ;        ;              ;         ; Row I/O    ;                 ; no       ; Off          ;
; 98       ;            ;          ; GND                                      ; gnd    ;              ;         ; --         ;                 ; --       ; --           ;
; 99       ; 119        ; 3        ; GND*                                     ;        ;              ;         ; Row I/O    ;                 ; no       ; Off          ;
; 100      ; 120        ; 3        ; GND*                                     ;        ;              ;         ; Row I/O    ;                 ; no       ; Off          ;
; 101      ; 121        ; 3        ; GND*                                     ;        ;              ;         ; Row I/O    ;                 ; no       ; Off          ;
; 102      ;            ; 3        ; VCCIO3                                   ; power  ;              ; 3.3V    ; --         ;                 ; --       ; --           ;
; 103      ; 125        ; 3        ; GND*                                     ;        ;              ;         ; Row I/O    ;                 ; no       ; Off          ;
; 104      ; 126        ; 3        ; GND*                                     ;        ;              ;         ; Row I/O    ;                 ; no       ; Off          ;
; 105      ;            ;          ; GND                                      ; gnd    ;              ;         ; --         ;                 ; --       ; --           ;
; 106      ;            ;          ; GND_PLL2                                 ; gnd    ;              ;         ; --         ;                 ; --       ; --           ;
; 107      ;            ;          ; VCCD_PLL2                                ; power  ;              ; 1.2V    ; --         ;                 ; --       ; --           ;
; 108      ;            ;          ; GND_PLL2                                 ; gnd    ;              ;         ; --         ;                 ; --       ; --           ;
; 109      ;            ;          ; VCCA_PLL2                                ; power  ;              ; 1.2V    ; --         ;                 ; --       ; --           ;
; 110      ;            ;          ; GNDA_PLL2                                ; gnd    ;              ;         ; --         ;                 ; --       ; --           ;
; 111      ;            ;          ; GND                                      ; gnd    ;              ;         ; --         ;                 ; --       ; --           ;
; 112      ; 127        ; 2        ; A[7]                                     ; input  ; 3.3-V LVTTL  ;         ; Column I/O ; N               ; no       ; Off          ;
; 113      ; 128        ; 2        ; GND*                                     ;        ;              ;         ; Column I/O ;                 ; no       ; Off          ;
; 114      ; 129        ; 2        ; A[6]                                     ; input  ; 3.3-V LVTTL  ;         ; Column I/O ; N               ; no       ; Off          ;
; 115      ; 130        ; 2        ; GND*                                     ;        ;              ;         ; Column I/O ;                 ; no       ; Off          ;
; 116      ;            ; 2        ; VCCIO2                                   ; power  ;              ; 3.3V    ; --         ;                 ; --       ; --           ;
; 117      ;            ;          ; GND                                      ; gnd    ;              ;         ; --         ;                 ; --       ; --           ;
; 118      ; 134        ; 2        ; A[2]                                     ; input  ; 3.3-V LVTTL  ;         ; Column I/O ; N               ; no       ; Off          ;
; 119      ; 135        ; 2        ; GND*                                     ;        ;              ;         ; Column I/O ;                 ; no       ; Off          ;
; 120      ; 137        ; 2        ; A[3]                                     ; input  ; 3.3-V LVTTL  ;         ; Column I/O ; N               ; no       ; Off          ;
; 121      ; 138        ; 2        ; B[0]                                     ; input  ; 3.3-V LVTTL  ;         ; Column I/O ; N               ; no       ; Off          ;
; 122      ; 139        ; 2        ; DATA_OUT[5]                              ; output ; 3.3-V LVTTL  ;         ; Column I/O ; N               ; no       ; Off          ;
; 123      ;            ;          ; GND                                      ; gnd    ;              ;         ; --         ;                 ; --       ; --           ;
; 124      ;            ;          ; VCCINT                                   ; power  ;              ; 1.2V    ; --         ;                 ; --       ; --           ;
; 125      ; 144        ; 2        ; B[6]                                     ; input  ; 3.3-V LVTTL  ;         ; Column I/O ; N               ; no       ; Off          ;
; 126      ; 145        ; 2        ; B[1]                                     ; input  ; 3.3-V LVTTL  ;         ; Column I/O ; N               ; no       ; Off          ;
; 127      ;            ; 2        ; VCCIO2                                   ; power  ;              ; 3.3V    ; --         ;                 ; --       ; --           ;
; 128      ;            ;          ; GND                                      ; gnd    ;              ;         ; --         ;                 ; --       ; --           ;
; 129      ; 148        ; 2        ; C[5]                                     ; input  ; 3.3-V LVTTL  ;         ; Column I/O ; N               ; no       ; Off          ;
; 130      ;            ;          ; GND                                      ; gnd    ;              ;         ; --         ;                 ; --       ; --           ;
; 131      ;            ;          ; VCCINT                                   ; power  ;              ; 1.2V    ; --         ;                 ; --       ; --           ;
; 132      ; 153        ; 2        ; B[7]                                     ; input  ; 3.3-V LVTTL  ;         ; Column I/O ; N               ; no       ; Off          ;
; 133      ; 154        ; 2        ; B[2]                                     ; input  ; 3.3-V LVTTL  ;         ; Column I/O ; N               ; no       ; Off          ;
; 134      ; 155        ; 2        ; DATA_OUT[7]                              ; output ; 3.3-V LVTTL  ;         ; Column I/O ; N               ; no       ; Off          ;
; 135      ; 162        ; 2        ; GND*                                     ;        ;              ;         ; Column I/O ;                 ; no       ; Off          ;
; 136      ; 163        ; 2        ; B[5]                                     ; input  ; 3.3-V LVTTL  ;         ; Column I/O ; N               ; no       ; Off          ;
; 137      ; 164        ; 2        ; B[3]                                     ; input  ; 3.3-V LVTTL  ;         ; Column I/O ; N               ; no       ; Off          ;
; 138      ;            ; 2        ; VCCIO2                                   ; power  ;              ; 3.3V    ; --         ;                 ; --       ; --           ;
; 139      ; 165        ; 2        ; GND*                                     ;        ;              ;         ; Column I/O ;                 ; no       ; Off          ;
; 140      ;            ;          ; GND                                      ; gnd    ;              ;         ; --         ;                 ; --       ; --           ;
; 141      ; 166        ; 2        ; GND*                                     ;        ;              ;         ; Column I/O ;                 ; no       ; Off          ;
; 142      ; 167        ; 2        ; GND*                                     ;        ;              ;         ; Column I/O ;                 ; no       ; Off          ;
; 143      ; 168        ; 2        ; GND*                                     ;        ;              ;         ; Column I/O ;                 ; no       ; Off          ;
; 144      ; 169        ; 2        ; GND*                                     ;        ;              ;         ; Column I/O ;                 ; no       ; Off          ;
+----------+------------+----------+------------------------------------------+--------+--------------+---------+------------+-----------------+----------+--------------+
Note: Pin directions (input, output or bidir) are based on device operating in user mode.


+-------------------------------------------------------------------------------+
; Output Pin Default Load For Reported TCO                                      ;
+----------------------------------+-------+------------------------------------+
; I/O Standard                     ; Load  ; Termination Resistance             ;
+----------------------------------+-------+------------------------------------+
; 3.3-V LVTTL                      ; 0 pF  ; Not Available                      ;
; 3.3-V LVCMOS                     ; 0 pF  ; Not Available                      ;
; 2.5 V                            ; 0 pF  ; Not Available                      ;
; 1.8 V                            ; 0 pF  ; Not Available                      ;
; 1.5 V                            ; 0 pF  ; Not Available                      ;
; 3.3-V PCI                        ; 10 pF ; 25 Ohm (Parallel)                  ;
; 3.3-V PCI-X                      ; 10 pF ; 25 Ohm (Parallel)                  ;
; SSTL-2 Class I                   ; 0 pF  ; 50 Ohm (Parallel), 25 Ohm (Serial) ;
; SSTL-2 Class II                  ; 0 pF  ; 25 Ohm (Parallel), 25 Ohm (Serial) ;
; SSTL-18 Class I                  ; 0 pF  ; 50 Ohm (Parallel), 25 Ohm (Serial) ;
; SSTL-18 Class II                 ; 0 pF  ; 25 Ohm (Parallel), 25 Ohm (Serial) ;
; 1.5-V HSTL Class I               ; 0 pF  ; 50 Ohm (Parallel)                  ;
; 1.5-V HSTL Class II              ; 0 pF  ; 25 Ohm (Parallel)                  ;
; 1.8-V HSTL Class I               ; 0 pF  ; 50 Ohm (Parallel)                  ;
; 1.8-V HSTL Class II              ; 0 pF  ; 25 Ohm (Parallel)                  ;
; Differential SSTL-2              ; 0 pF  ; (See SSTL-2)                       ;
; Differential 2.5-V SSTL Class II ; 0 pF  ; (See SSTL-2 Class II)              ;
; Differential 1.8-V SSTL Class I  ; 0 pF  ; (See 1.8-V SSTL Class I)           ;
; Differential 1.8-V SSTL Class II ; 0 pF  ; (See 1.8-V SSTL Class II)          ;
; Differential 1.5-V HSTL Class I  ; 0 pF  ; (See 1.5-V HSTL Class I)           ;
; Differential 1.5-V HSTL Class II ; 0 pF  ; (See 1.5-V HSTL Class II)          ;
; Differential 1.8-V HSTL Class I  ; 0 pF  ; (See 1.8-V HSTL Class I)           ;
; Differential 1.8-V HSTL Class II ; 0 pF  ; (See 1.8-V HSTL Class II)          ;
; LVDS                             ; 0 pF  ; 100 Ohm (Differential)             ;
; mini-LVDS                        ; 0 pF  ; 100 Ohm (Differential)             ;
; RSDS                             ; 0 pF  ; 100 Ohm (Differential)             ;
; Simple RSDS                      ; 0 pF  ; Not Available                      ;
; Differential LVPECL              ; 0 pF  ; 100 Ohm (Differential)             ;
+----------------------------------+-------+------------------------------------+
Note: User assignments will override these defaults. The user specified values are listed in the Output Pins and Bidir Pins tables.


+--------------------------------------------------------------------------------------------------------------------------------------------------------------------------------------------------------------------------------------------------------------------------------------------------+
; Fitter Resource Utilization by Entity                                                                                                                                                                                                                                                            ;
+---------------------------------+-------------+---------------------------+---------------+-------------+------+--------------+---------+-----------+------+--------------+--------------+-------------------+------------------+-------------------------------------------------+--------------+
; Compilation Hierarchy Node      ; Logic Cells ; Dedicated Logic Registers ; I/O Registers ; Memory Bits ; M4Ks ; DSP Elements ; DSP 9x9 ; DSP 18x18 ; Pins ; Virtual Pins ; LUT-Only LCs ; Register-Only LCs ; LUT/Register LCs ; Full Hierarchy Name                             ; Library Name ;
+---------------------------------+-------------+---------------------------+---------------+-------------+------+--------------+---------+-----------+------+--------------+--------------+-------------------+------------------+-------------------------------------------------+--------------+
; |registr                        ; 9 (9)       ; 8 (8)                     ; 0 (0)         ; 0           ; 0    ; 1            ; 1       ; 0         ; 33   ; 0            ; 1 (1)        ; 0 (0)             ; 8 (8)            ; |registr                                        ; work         ;
;    |lpm_mult:Mult0|             ; 0 (0)       ; 0 (0)                     ; 0 (0)         ; 0           ; 0    ; 1            ; 1       ; 0         ; 0    ; 0            ; 0 (0)        ; 0 (0)             ; 0 (0)            ; |registr|lpm_mult:Mult0                         ;              ;
;       |mult_o5t:auto_generated| ; 0 (0)       ; 0 (0)                     ; 0 (0)         ; 0           ; 0    ; 1            ; 1       ; 0         ; 0    ; 0            ; 0 (0)        ; 0 (0)             ; 0 (0)            ; |registr|lpm_mult:Mult0|mult_o5t:auto_generated ; work         ;
+---------------------------------+-------------+---------------------------+---------------+-------------+------+--------------+---------+-----------+------+--------------+--------------+-------------------+------------------+-------------------------------------------------+--------------+
Note: For table entries with two numbers listed, the numbers in parentheses indicate the number of resources of the given type used by the specific entity alone. The numbers listed outside of parentheses indicate the total resources of the given type used by the specific entity and all of its sub-entities in the hierarchy.


+--------------------------------------------------------------------------------------+
; Delay Chain Summary                                                                  ;
+-------------+----------+---------------+---------------+-----------------------+-----+
; Name        ; Pin Type ; Pad to Core 0 ; Pad to Core 1 ; Pad to Input Register ; TCO ;
+-------------+----------+---------------+---------------+-----------------------+-----+
; DATA_OUT[0] ; Output   ; --            ; --            ; --                    ; --  ;
; DATA_OUT[1] ; Output   ; --            ; --            ; --                    ; --  ;
; DATA_OUT[2] ; Output   ; --            ; --            ; --                    ; --  ;
; DATA_OUT[3] ; Output   ; --            ; --            ; --                    ; --  ;
; DATA_OUT[4] ; Output   ; --            ; --            ; --                    ; --  ;
; DATA_OUT[5] ; Output   ; --            ; --            ; --                    ; --  ;
; DATA_OUT[6] ; Output   ; --            ; --            ; --                    ; --  ;
; DATA_OUT[7] ; Output   ; --            ; --            ; --                    ; --  ;
; clk         ; Input    ; (0) 299 ps    ; (0) 299 ps    ; --                    ; --  ;
; C[0]        ; Input    ; (0) 299 ps    ; (0) 299 ps    ; --                    ; --  ;
; C[1]        ; Input    ; (0) 299 ps    ; (0) 299 ps    ; --                    ; --  ;
; C[2]        ; Input    ; (0) 299 ps    ; (0) 299 ps    ; --                    ; --  ;
; C[3]        ; Input    ; (6) 4075 ps   ; (6) 4075 ps   ; --                    ; --  ;
; C[4]        ; Input    ; (6) 4075 ps   ; (6) 4075 ps   ; --                    ; --  ;
; C[5]        ; Input    ; (6) 4114 ps   ; (6) 4114 ps   ; --                    ; --  ;
; C[6]        ; Input    ; (6) 4075 ps   ; (6) 4075 ps   ; --                    ; --  ;
; C[7]        ; Input    ; (6) 4075 ps   ; (6) 4075 ps   ; --                    ; --  ;
; A[0]        ; Input    ; (6) 4075 ps   ; (6) 4075 ps   ; --                    ; --  ;
; A[1]        ; Input    ; (6) 4114 ps   ; (6) 4114 ps   ; --                    ; --  ;
; A[2]        ; Input    ; (6) 4114 ps   ; (6) 4114 ps   ; --                    ; --  ;
; A[3]        ; Input    ; (6) 4114 ps   ; (6) 4114 ps   ; --                    ; --  ;
; A[4]        ; Input    ; (6) 4114 ps   ; (6) 4114 ps   ; --                    ; --  ;
; A[5]        ; Input    ; (6) 4075 ps   ; (6) 4075 ps   ; --                    ; --  ;
; A[6]        ; Input    ; (6) 4114 ps   ; (6) 4114 ps   ; --                    ; --  ;
; A[7]        ; Input    ; (6) 4114 ps   ; (6) 4114 ps   ; --                    ; --  ;
; B[0]        ; Input    ; (6) 4114 ps   ; (6) 4114 ps   ; --                    ; --  ;
; B[1]        ; Input    ; (6) 4114 ps   ; (6) 4114 ps   ; --                    ; --  ;
; B[2]        ; Input    ; (6) 4114 ps   ; (6) 4114 ps   ; --                    ; --  ;
; B[3]        ; Input    ; (6) 4114 ps   ; (6) 4114 ps   ; --                    ; --  ;
; B[4]        ; Input    ; (6) 4075 ps   ; (6) 4075 ps   ; --                    ; --  ;
; B[5]        ; Input    ; (6) 4114 ps   ; (6) 4114 ps   ; --                    ; --  ;
; B[6]        ; Input    ; (6) 4114 ps   ; (6) 4114 ps   ; --                    ; --  ;
; B[7]        ; Input    ; (6) 4114 ps   ; (6) 4114 ps   ; --                    ; --  ;
+-------------+----------+---------------+---------------+-----------------------+-----+


+---------------------------------------------------------------------------------------+
; Pad To Core Delay Chain Fanout                                                        ;
+---------------------------------------------------------+-------------------+---------+
; Source Pin / Fanout                                     ; Pad To Core Index ; Setting ;
+---------------------------------------------------------+-------------------+---------+
; clk                                                     ;                   ;         ;
; C[0]                                                    ;                   ;         ;
; C[1]                                                    ;                   ;         ;
; C[2]                                                    ;                   ;         ;
; C[3]                                                    ;                   ;         ;
;      - DATA_OUT[3]~14                                   ; 1                 ; 6       ;
; C[4]                                                    ;                   ;         ;
;      - DATA_OUT[4]~16                                   ; 0                 ; 6       ;
; C[5]                                                    ;                   ;         ;
;      - DATA_OUT[5]~18                                   ; 1                 ; 6       ;
; C[6]                                                    ;                   ;         ;
;      - DATA_OUT[6]~20                                   ; 0                 ; 6       ;
; C[7]                                                    ;                   ;         ;
;      - DATA_OUT[7]~22                                   ; 0                 ; 6       ;
; A[0]                                                    ;                   ;         ;
;      - lpm_mult:Mult0|mult_o5t:auto_generated|mac_mult1 ; 0                 ; 6       ;
; A[1]                                                    ;                   ;         ;
;      - lpm_mult:Mult0|mult_o5t:auto_generated|mac_mult1 ; 0                 ; 6       ;
; A[2]                                                    ;                   ;         ;
;      - lpm_mult:Mult0|mult_o5t:auto_generated|mac_mult1 ; 0                 ; 6       ;
; A[3]                                                    ;                   ;         ;
;      - lpm_mult:Mult0|mult_o5t:auto_generated|mac_mult1 ; 0                 ; 6       ;
; A[4]                                                    ;                   ;         ;
;      - lpm_mult:Mult0|mult_o5t:auto_generated|mac_mult1 ; 1                 ; 6       ;
; A[5]                                                    ;                   ;         ;
;      - lpm_mult:Mult0|mult_o5t:auto_generated|mac_mult1 ; 0                 ; 6       ;
; A[6]                                                    ;                   ;         ;
;      - lpm_mult:Mult0|mult_o5t:auto_generated|mac_mult1 ; 0                 ; 6       ;
; A[7]                                                    ;                   ;         ;
;      - lpm_mult:Mult0|mult_o5t:auto_generated|mac_mult1 ; 0                 ; 6       ;
; B[0]                                                    ;                   ;         ;
;      - lpm_mult:Mult0|mult_o5t:auto_generated|mac_mult1 ; 1                 ; 6       ;
; B[1]                                                    ;                   ;         ;
;      - lpm_mult:Mult0|mult_o5t:auto_generated|mac_mult1 ; 0                 ; 6       ;
; B[2]                                                    ;                   ;         ;
;      - lpm_mult:Mult0|mult_o5t:auto_generated|mac_mult1 ; 0                 ; 6       ;
; B[3]                                                    ;                   ;         ;
;      - lpm_mult:Mult0|mult_o5t:auto_generated|mac_mult1 ; 0                 ; 6       ;
; B[4]                                                    ;                   ;         ;
;      - lpm_mult:Mult0|mult_o5t:auto_generated|mac_mult1 ; 0                 ; 6       ;
; B[5]                                                    ;                   ;         ;
;      - lpm_mult:Mult0|mult_o5t:auto_generated|mac_mult1 ; 0                 ; 6       ;
; B[6]                                                    ;                   ;         ;
;      - lpm_mult:Mult0|mult_o5t:auto_generated|mac_mult1 ; 0                 ; 6       ;
; B[7]                                                    ;                   ;         ;
;      - lpm_mult:Mult0|mult_o5t:auto_generated|mac_mult1 ; 0                 ; 6       ;
+---------------------------------------------------------+-------------------+---------+


+------------------------------------------------------------------------------------------------------------------+
; Control Signals                                                                                                  ;
+------+----------+---------+-------+--------+----------------------+------------------+---------------------------+
; Name ; Location ; Fan-Out ; Usage ; Global ; Global Resource Used ; Global Line Name ; Enable Signal Source Name ;
+------+----------+---------+-------+--------+----------------------+------------------+---------------------------+
; clk  ; PIN_17   ; 8       ; Clock ; yes    ; Global Clock         ; GCLK2            ; --                        ;
+------+----------+---------+-------+--------+----------------------+------------------+---------------------------+


+-------------------------------------------------------------------------------------------------+
; Global & Other Fast Signals                                                                     ;
+------+----------+---------+----------------------+------------------+---------------------------+
; Name ; Location ; Fan-Out ; Global Resource Used ; Global Line Name ; Enable Signal Source Name ;
+------+----------+---------+----------------------+------------------+---------------------------+
; clk  ; PIN_17   ; 8       ; Global Clock         ; GCLK2            ; --                        ;
+------+----------+---------+----------------------+------------------+---------------------------+


+----------------------------------------------------------------------+
; Non-Global High Fan-Out Signals                                      ;
+------------------------------------------------------------+---------+
; Name                                                       ; Fan-Out ;
+------------------------------------------------------------+---------+
; ~GND                                                       ; 2       ;
; B[7]                                                       ; 1       ;
; B[6]                                                       ; 1       ;
; B[5]                                                       ; 1       ;
; B[4]                                                       ; 1       ;
; B[3]                                                       ; 1       ;
; B[2]                                                       ; 1       ;
; B[1]                                                       ; 1       ;
; B[0]                                                       ; 1       ;
; A[7]                                                       ; 1       ;
; A[6]                                                       ; 1       ;
; A[5]                                                       ; 1       ;
; A[4]                                                       ; 1       ;
; A[3]                                                       ; 1       ;
; A[2]                                                       ; 1       ;
; A[1]                                                       ; 1       ;
; A[0]                                                       ; 1       ;
; C[7]                                                       ; 1       ;
; C[6]                                                       ; 1       ;
; C[5]                                                       ; 1       ;
; C[4]                                                       ; 1       ;
; C[3]                                                       ; 1       ;
; C[2]                                                       ; 1       ;
; C[1]                                                       ; 1       ;
; C[0]                                                       ; 1       ;
; lpm_mult:Mult0|mult_o5t:auto_generated|mac_mult1~1         ; 1       ;
; lpm_mult:Mult0|mult_o5t:auto_generated|mac_mult1~0         ; 1       ;
; lpm_mult:Mult0|mult_o5t:auto_generated|mac_mult1~DATAOUT15 ; 1       ;
; lpm_mult:Mult0|mult_o5t:auto_generated|mac_mult1~DATAOUT14 ; 1       ;
; lpm_mult:Mult0|mult_o5t:auto_generated|mac_mult1~DATAOUT13 ; 1       ;
; lpm_mult:Mult0|mult_o5t:auto_generated|mac_mult1~DATAOUT12 ; 1       ;
; lpm_mult:Mult0|mult_o5t:auto_generated|mac_mult1~DATAOUT11 ; 1       ;
; lpm_mult:Mult0|mult_o5t:auto_generated|mac_mult1~DATAOUT10 ; 1       ;
; lpm_mult:Mult0|mult_o5t:auto_generated|mac_mult1~DATAOUT9  ; 1       ;
; lpm_mult:Mult0|mult_o5t:auto_generated|mac_mult1~DATAOUT8  ; 1       ;
; lpm_mult:Mult0|mult_o5t:auto_generated|mac_mult1~DATAOUT7  ; 1       ;
; lpm_mult:Mult0|mult_o5t:auto_generated|mac_mult1~DATAOUT6  ; 1       ;
; lpm_mult:Mult0|mult_o5t:auto_generated|mac_mult1~DATAOUT5  ; 1       ;
; lpm_mult:Mult0|mult_o5t:auto_generated|mac_mult1~DATAOUT4  ; 1       ;
; lpm_mult:Mult0|mult_o5t:auto_generated|mac_mult1~DATAOUT3  ; 1       ;
; lpm_mult:Mult0|mult_o5t:auto_generated|mac_mult1~DATAOUT2  ; 1       ;
; lpm_mult:Mult0|mult_o5t:auto_generated|mac_mult1~DATAOUT1  ; 1       ;
; lpm_mult:Mult0|mult_o5t:auto_generated|mac_mult1           ; 1       ;
; DATA_OUT[7]~22                                             ; 1       ;
; DATA_OUT[6]~21                                             ; 1       ;
; DATA_OUT[6]~20                                             ; 1       ;
; DATA_OUT[5]~19                                             ; 1       ;
; DATA_OUT[5]~18                                             ; 1       ;
; DATA_OUT[4]~17                                             ; 1       ;
; DATA_OUT[4]~16                                             ; 1       ;
+------------------------------------------------------------+---------+


+-----------------------------------------------------------------------------------------------+
; Fitter DSP Block Usage Summary                                                                ;
+---------------------------------------+-------------+---------------------+-------------------+
; Statistic                             ; Number Used ; Available per Block ; Maximum Available ;
+---------------------------------------+-------------+---------------------+-------------------+
; Simple Multipliers (9-bit)            ; 1           ; 2                   ; 26                ;
; Simple Multipliers (18-bit)           ; 0           ; 1                   ; 13                ;
; Embedded Multiplier Blocks            ; 1           ; --                  ; 13                ;
; Embedded Multiplier 9-bit elements    ; 1           ; 2                   ; 26                ;
; Signed Embedded Multipliers           ; 0           ; --                  ; --                ;
; Unsigned Embedded Multipliers         ; 1           ; --                  ; --                ;
; Mixed Sign Embedded Multipliers       ; 0           ; --                  ; --                ;
; Variable Sign Embedded Multipliers    ; 0           ; --                  ; --                ;
; Dedicated Input Shift Register Chains ; 0           ; --                  ; --                ;
+---------------------------------------+-------------+---------------------+-------------------+


+--------------------------------------------------------------------------------------------------------------------------------------------------------------------------------------------------------------------------------------------------+
; DSP Block Details                                                                                                                                                                                                                                ;
+-----------------------------------------------------+---------------------------+-------------------+---------------------+--------------------------------+-----------------------+-----------------------+-------------------+-----------------+
; Name                                                ; Mode                      ; Location          ; Sign Representation ; Has Input Shift Register Chain ; Data A Input Register ; Data B Input Register ; Pipeline Register ; Output Register ;
+-----------------------------------------------------+---------------------------+-------------------+---------------------+--------------------------------+-----------------------+-----------------------+-------------------+-----------------+
; lpm_mult:Mult0|mult_o5t:auto_generated|mac_out2     ; Simple Multiplier (9-bit) ; DSPOUT_X16_Y8_N2  ;                     ; No                             ;                       ;                       ;                   ; no              ;
;    lpm_mult:Mult0|mult_o5t:auto_generated|mac_mult1 ;                           ; DSPMULT_X16_Y8_N0 ; Variable            ;                                ; no                    ; no                    ; no                ;                 ;
+-----------------------------------------------------+---------------------------+-------------------+---------------------+--------------------------------+-----------------------+-----------------------+-------------------+-----------------+


+----------------------------------------------------+
; Interconnect Usage Summary                         ;
+----------------------------+-----------------------+
; Interconnect Resource Type ; Usage                 ;
+----------------------------+-----------------------+
; Block interconnects        ; 41 / 15,666 ( < 1 % ) ;
; C16 interconnects          ; 14 / 812 ( 2 % )      ;
; C4 interconnects           ; 41 / 11,424 ( < 1 % ) ;
; Direct links               ; 0 / 15,666 ( 0 % )    ;
; Global clocks              ; 1 / 8 ( 13 % )        ;
; Local interconnects        ; 0 / 4,608 ( 0 % )     ;
; R24 interconnects          ; 17 / 652 ( 3 % )      ;
; R4 interconnects           ; 45 / 13,328 ( < 1 % ) ;
+----------------------------+-----------------------+


+--------------------------------------------------------------------------+
; LAB Logic Elements                                                       ;
+--------------------------------------------+-----------------------------+
; Number of Logic Elements  (Average = 4.50) ; Number of LABs  (Total = 2) ;
+--------------------------------------------+-----------------------------+
; 1                                          ; 1                           ;
; 2                                          ; 0                           ;
; 3                                          ; 0                           ;
; 4                                          ; 0                           ;
; 5                                          ; 0                           ;
; 6                                          ; 0                           ;
; 7                                          ; 0                           ;
; 8                                          ; 1                           ;
; 9                                          ; 0                           ;
; 10                                         ; 0                           ;
; 11                                         ; 0                           ;
; 12                                         ; 0                           ;
; 13                                         ; 0                           ;
; 14                                         ; 0                           ;
; 15                                         ; 0                           ;
; 16                                         ; 0                           ;
+--------------------------------------------+-----------------------------+


+------------------------------------------------------------------+
; LAB-wide Signals                                                 ;
+------------------------------------+-----------------------------+
; LAB-wide Signals  (Average = 0.50) ; Number of LABs  (Total = 2) ;
+------------------------------------+-----------------------------+
; 1 Clock                            ; 1                           ;
+------------------------------------+-----------------------------+


+---------------------------------------------------------------------------+
; LAB Signals Sourced                                                       ;
+---------------------------------------------+-----------------------------+
; Number of Signals Sourced  (Average = 8.50) ; Number of LABs  (Total = 2) ;
+---------------------------------------------+-----------------------------+
; 0                                           ; 0                           ;
; 1                                           ; 1                           ;
; 2                                           ; 0                           ;
; 3                                           ; 0                           ;
; 4                                           ; 0                           ;
; 5                                           ; 0                           ;
; 6                                           ; 0                           ;
; 7                                           ; 0                           ;
; 8                                           ; 0                           ;
; 9                                           ; 0                           ;
; 10                                          ; 0                           ;
; 11                                          ; 0                           ;
; 12                                          ; 0                           ;
; 13                                          ; 0                           ;
; 14                                          ; 0                           ;
; 15                                          ; 0                           ;
; 16                                          ; 1                           ;
+---------------------------------------------+-----------------------------+


+-------------------------------------------------------------------------------+
; LAB Signals Sourced Out                                                       ;
+-------------------------------------------------+-----------------------------+
; Number of Signals Sourced Out  (Average = 4.50) ; Number of LABs  (Total = 2) ;
+-------------------------------------------------+-----------------------------+
; 0                                               ; 0                           ;
; 1                                               ; 1                           ;
; 2                                               ; 0                           ;
; 3                                               ; 0                           ;
; 4                                               ; 0                           ;
; 5                                               ; 0                           ;
; 6                                               ; 0                           ;
; 7                                               ; 0                           ;
; 8                                               ; 1                           ;
+-------------------------------------------------+-----------------------------+


+---------------------------------------------------------------------------+
; LAB Distinct Inputs                                                       ;
+---------------------------------------------+-----------------------------+
; Number of Distinct Inputs  (Average = 8.50) ; Number of LABs  (Total = 2) ;
+---------------------------------------------+-----------------------------+
; 0                                           ; 0                           ;
; 1                                           ; 0                           ;
; 2                                           ; 0                           ;
; 3                                           ; 0                           ;
; 4                                           ; 0                           ;
; 5                                           ; 0                           ;
; 6                                           ; 0                           ;
; 7                                           ; 0                           ;
; 8                                           ; 0                           ;
; 9                                           ; 0                           ;
; 10                                          ; 0                           ;
; 11                                          ; 0                           ;
; 12                                          ; 0                           ;
; 13                                          ; 0                           ;
; 14                                          ; 0                           ;
; 15                                          ; 0                           ;
; 16                                          ; 0                           ;
; 17                                          ; 1                           ;
+---------------------------------------------+-----------------------------+


+-------------------------------------------------------------------------+
; Fitter Device Options                                                   ;
+----------------------------------------------+--------------------------+
; Option                                       ; Setting                  ;
+----------------------------------------------+--------------------------+
; Enable user-supplied start-up clock (CLKUSR) ; Off                      ;
; Enable device-wide reset (DEV_CLRn)          ; Off                      ;
; Enable device-wide output enable (DEV_OE)    ; Off                      ;
; Enable INIT_DONE output                      ; Off                      ;
; Configuration scheme                         ; Active Serial            ;
; Error detection CRC                          ; Off                      ;
; nCEO                                         ; As output driving ground ;
; ASDO,nCSO                                    ; As input tri-stated      ;
; Reserve all unused pins                      ; As output driving ground ;
; Base pin-out file on sameframe device        ; Off                      ;
+----------------------------------------------+--------------------------+


+------------------------------------+
; Operating Settings and Conditions  ;
+---------------------------+--------+
; Setting                   ; Value  ;
+---------------------------+--------+
; Nominal Core Voltage      ; 1.20 V ;
; Low Junction Temperature  ; 0 C   ;
; High Junction Temperature ; 85 C  ;
+---------------------------+--------+


+------------------------------------------------------------+
; Estimated Delay Added for Hold Timing                      ;
+-----------------+----------------------+-------------------+
; Source Clock(s) ; Destination Clock(s) ; Delay Added in ns ;
+-----------------+----------------------+-------------------+


+-----------------+
; Fitter Messages ;
+-----------------+
Info: *******************************************************************
Info: Running Quartus II 64-Bit Fitter
    Info: Version 9.1 Build 350 03/24/2010 Service Pack 2 SJ Full Version
    Info: Processing started: Tue Oct 23 00:32:45 2018
Info: Command: quartus_fit --read_settings_files=off --write_settings_files=off regidtr -c registr
Info: Parallel compilation is enabled and will use 4 of the 4 processors detected
Info: Selected device EP2C5T144C6 for design "registr"
Info: Low junction temperature is 0 degrees C
Info: High junction temperature is 85 degrees C
Info: Fitter is performing an Auto Fit compilation, which may decrease Fitter effort to reduce compilation time
Info: Device migration not selected. If you intend to use device migration later, you may need to change the pin assignments as they may be incompatible with other devices
    Info: Device EP2C8T144C6 is compatible
Info: Fitter converted 3 user pins into dedicated programming pins
    Info: Pin ~ASDO~ is reserved at location 1
    Info: Pin ~nCSO~ is reserved at location 2
    Info: Pin ~LVDS41p/nCEO~ is reserved at location 76
Critical Warning: No exact pin location assignment(s) for 33 pins of 33 total pins
    Info: Pin DATA_OUT[0] not assigned to an exact location on the device
    Info: Pin DATA_OUT[1] not assigned to an exact location on the device
    Info: Pin DATA_OUT[2] not assigned to an exact location on the device
    Info: Pin DATA_OUT[3] not assigned to an exact location on the device
    Info: Pin DATA_OUT[4] not assigned to an exact location on the device
    Info: Pin DATA_OUT[5] not assigned to an exact location on the device
    Info: Pin DATA_OUT[6] not assigned to an exact location on the device
    Info: Pin DATA_OUT[7] not assigned to an exact location on the device
    Info: Pin clk not assigned to an exact location on the device
    Info: Pin C[0] not assigned to an exact location on the device
    Info: Pin C[1] not assigned to an exact location on the device
    Info: Pin C[2] not assigned to an exact location on the device
    Info: Pin C[3] not assigned to an exact location on the device
    Info: Pin C[4] not assigned to an exact location on the device
    Info: Pin C[5] not assigned to an exact location on the device
    Info: Pin C[6] not assigned to an exact location on the device
    Info: Pin C[7] not assigned to an exact location on the device
    Info: Pin A[0] not assigned to an exact location on the device
    Info: Pin A[1] not assigned to an exact location on the device
    Info: Pin A[2] not assigned to an exact location on the device
    Info: Pin A[3] not assigned to an exact location on the device
    Info: Pin A[4] not assigned to an exact location on the device
    Info: Pin A[5] not assigned to an exact location on the device
    Info: Pin A[6] not assigned to an exact location on the device
    Info: Pin A[7] not assigned to an exact location on the device
    Info: Pin B[0] not assigned to an exact location on the device
    Info: Pin B[1] not assigned to an exact location on the device
    Info: Pin B[2] not assigned to an exact location on the device
    Info: Pin B[3] not assigned to an exact location on the device
    Info: Pin B[4] not assigned to an exact location on the device
    Info: Pin B[5] not assigned to an exact location on the device
    Info: Pin B[6] not assigned to an exact location on the device
    Info: Pin B[7] not assigned to an exact location on the device
Info: Timing-driven compilation is using the Classic Timing Analyzer
Info: Detected fmax, tsu, tco, and/or tpd requirements -- optimizing circuit to achieve only the specified requirements
Info: Automatically promoted node clk (placed in PIN 17 (CLK0, LVDSCLK0p, Input))
    Info: Automatically promoted destinations to use location or clock signal Global Clock CLKCTRL_G2
Info: Starting register packing
Info: Finished register packing
    Extra Info: No registers were packed into other blocks
Info: Statistics of I/O pins that need to be placed that use the same VCCIO and VREF, before I/O pin placement
    Info: Number of I/O pins in group: 32 (unused VREF, 3.3V VCCIO, 24 input, 8 output, 0 bidirectional)
        Info: I/O standards used: 3.3-V LVTTL.
Info: I/O bank details before I/O pin placement
    Info: Statistics of I/O banks
        Info: I/O bank number 1 does not use VREF pins and has undetermined VCCIO pins. 3 total pin(s) used --  16 pins available
        Info: I/O bank number 2 does not use VREF pins and has undetermined VCCIO pins. 0 total pin(s) used --  23 pins available
        Info: I/O bank number 3 does not use VREF pins and has undetermined VCCIO pins. 1 total pin(s) used --  22 pins available
        Info: I/O bank number 4 does not use VREF pins and has undetermined VCCIO pins. 0 total pin(s) used --  24 pins available
Info: Fitter preparation operations ending: elapsed time is 00:00:00
Info: Fitter placement preparation operations beginning
Info: Fitter placement preparation operations ending: elapsed time is 00:00:00
Info: Fitter placement operations beginning
Info: Fitter placement was successful
Info: Fitter placement operations ending: elapsed time is 00:00:00
Info: Fitter routing operations beginning
Info: Average interconnect usage is 0% of the available device resources
    Info: Peak interconnect usage is 0% of the available device resources in the region that extends from location X0_Y0 to location X13_Y14
Info: Fitter routing operations ending: elapsed time is 00:00:00
Info: The Fitter performed an Auto Fit compilation.  Optimizations were skipped to reduce compilation time.
    Info: Optimizations that may affect the design's routability were skipped
    Info: Optimizations that may affect the design's timing were skipped
Info: Started post-fitting delay annotation
Warning: Found 8 output pins without output pin load capacitance assignment
    Info: Pin "DATA_OUT[0]" has no specified output pin load capacitance -- assuming default load capacitance of 0 pF for timing analysis
    Info: Pin "DATA_OUT[1]" has no specified output pin load capacitance -- assuming default load capacitance of 0 pF for timing analysis
    Info: Pin "DATA_OUT[2]" has no specified output pin load capacitance -- assuming default load capacitance of 0 pF for timing analysis
    Info: Pin "DATA_OUT[3]" has no specified output pin load capacitance -- assuming default load capacitance of 0 pF for timing analysis
    Info: Pin "DATA_OUT[4]" has no specified output pin load capacitance -- assuming default load capacitance of 0 pF for timing analysis
    Info: Pin "DATA_OUT[5]" has no specified output pin load capacitance -- assuming default load capacitance of 0 pF for timing analysis
    Info: Pin "DATA_OUT[6]" has no specified output pin load capacitance -- assuming default load capacitance of 0 pF for timing analysis
    Info: Pin "DATA_OUT[7]" has no specified output pin load capacitance -- assuming default load capacitance of 0 pF for timing analysis
Info: Delay annotation completed successfully
Warning: The Reserve All Unused Pins setting has not been specified, and will default to 'As output driving ground'.
Info: Generated suppressed messages file C:/altera/91sp2/quartus/work2/registr/registr.fit.smsg
Info: Quartus II 64-Bit Fitter was successful. 0 errors, 11 warnings
    Info: Peak virtual memory: 341 megabytes
    Info: Processing ended: Tue Oct 23 00:32:48 2018
    Info: Elapsed time: 00:00:03
    Info: Total CPU time (on all processors): 00:00:03


+----------------------------+
; Fitter Suppressed Messages ;
+----------------------------+
The suppressed messages can be found in C:/altera/91sp2/quartus/work2/registr/registr.fit.smsg.


