Classic Timing Analyzer report for registr
Tue Oct 23 00:32:52 2018
Quartus II 64-Bit Version 9.1 Build 350 03/24/2010 Service Pack 2 SJ Full Version


---------------------
; Table of Contents ;
---------------------
  1. Legal Notice
  2. Timing Analyzer Summary
  3. Timing Analyzer Settings
  4. Clock Settings Summary
  5. Parallel Compilation
  6. tsu
  7. tco
  8. th
  9. Timing Analyzer Messages



----------------
; Legal Notice ;
----------------
Copyright (C) 1991-2010 Altera Corporation
Your use of Altera Corporation's design tools, logic functions 
and other software and tools, and its AMPP partner logic 
functions, and any output files from any of the foregoing 
(including device programming or simulation files), and any 
associated documentation or information are expressly subject 
to the terms and conditions of the Altera Program License 
Subscription Agreement, Altera MegaCore Function License 
Agreement, or other applicable license agreement, including, 
without limitation, that your use is for the sole purpose of 
programming logic devices manufactured by Altera and sold by 
Altera or its authorized distributors.  Please refer to the 
applicable agreement for further details.



+-------------------------------------------------------------------------------------------------------------------------------------------------+
; Timing Analyzer Summary                                                                                                                         ;
+------------------------------+-------+---------------+-------------+------------------+------------------+------------+----------+--------------+
; Type                         ; Slack ; Required Time ; Actual Time ; From             ; To               ; From Clock ; To Clock ; Failed Paths ;
+------------------------------+-------+---------------+-------------+------------------+------------------+------------+----------+--------------+
; Worst-case tsu               ; N/A   ; None          ; 8.998 ns    ; B[3]             ; DATA_OUT[7]~reg0 ; --         ; clk      ; 0            ;
; Worst-case tco               ; N/A   ; None          ; 7.396 ns    ; DATA_OUT[5]~reg0 ; DATA_OUT[5]      ; clk        ; --       ; 0            ;
; Worst-case th                ; N/A   ; None          ; 0.144 ns    ; C[1]             ; DATA_OUT[1]~reg0 ; --         ; clk      ; 0            ;
; Total number of failed paths ;       ;               ;             ;                  ;                  ;            ;          ; 0            ;
+------------------------------+-------+---------------+-------------+------------------+------------------+------------+----------+--------------+


+-----------------------------------------------------------------------------------------------------------------------------------------------------+
; Timing Analyzer Settings                                                                                                                            ;
+------------------------------------------------------------------------------------------------------+--------------------+------+----+-------------+
; Option                                                                                               ; Setting            ; From ; To ; Entity Name ;
+------------------------------------------------------------------------------------------------------+--------------------+------+----+-------------+
; Device Name                                                                                          ; EP2C5T144C6        ;      ;    ;             ;
; Timing Models                                                                                        ; Final              ;      ;    ;             ;
; Default hold multicycle                                                                              ; Same as Multicycle ;      ;    ;             ;
; Cut paths between unrelated clock domains                                                            ; On                 ;      ;    ;             ;
; Cut off read during write signal paths                                                               ; On                 ;      ;    ;             ;
; Cut off feedback from I/O pins                                                                       ; On                 ;      ;    ;             ;
; Report Combined Fast/Slow Timing                                                                     ; Off                ;      ;    ;             ;
; fmax Requirement                                                                                     ; 200 MHz            ;      ;    ;             ;
; Ignore Clock Settings                                                                                ; Off                ;      ;    ;             ;
; Analyze latches as synchronous elements                                                              ; On                 ;      ;    ;             ;
; Enable Recovery/Removal analysis                                                                     ; Off                ;      ;    ;             ;
; Enable Clock Latency                                                                                 ; Off                ;      ;    ;             ;
; Use TimeQuest Timing Analyzer                                                                        ; Off                ;      ;    ;             ;
; Minimum Core Junction Temperature                                                                    ; 0                  ;      ;    ;             ;
; Maximum Core Junction Temperature                                                                    ; 85                 ;      ;    ;             ;
; Number of source nodes to report per destination node                                                ; 10                 ;      ;    ;             ;
; Number of destination nodes to report                                                                ; 10                 ;      ;    ;             ;
; Number of paths to report                                                                            ; 200                ;      ;    ;             ;
; Report Minimum Timing Checks                                                                         ; Off                ;      ;    ;             ;
; Use Fast Timing Models                                                                               ; Off                ;      ;    ;             ;
; Report IO Paths Separately                                                                           ; Off                ;      ;    ;             ;
; Perform Multicorner Analysis                                                                         ; On                 ;      ;    ;             ;
; Reports the worst-case path for each clock domain and analysis                                       ; Off                ;      ;    ;             ;
; Reports worst-case timing paths for each clock domain and analysis                                   ; On                 ;      ;    ;             ;
; Specifies the maximum number of worst-case timing paths to report for each clock domain and analysis ; 100                ;      ;    ;             ;
; Removes common clock path pessimism (CCPP) during slack computation                                  ; Off                ;      ;    ;             ;
; Output I/O Timing Endpoint                                                                           ; Near End           ;      ;    ;             ;
+------------------------------------------------------------------------------------------------------+--------------------+------+----+-------------+


+------------------------------------------------------------------------------------------------------------------------------------------------------------------------------------+
; Clock Settings Summary                                                                                                                                                             ;
+-----------------+--------------------+----------+------------------+---------------+--------------+----------+-----------------------+---------------------+--------+--------------+
; Clock Node Name ; Clock Setting Name ; Type     ; Fmax Requirement ; Early Latency ; Late Latency ; Based on ; Multiply Base Fmax by ; Divide Base Fmax by ; Offset ; Phase offset ;
+-----------------+--------------------+----------+------------------+---------------+--------------+----------+-----------------------+---------------------+--------+--------------+
; clk             ;                    ; User Pin ; 200.0 MHz        ; 0.000 ns      ; 0.000 ns     ; --       ; N/A                   ; N/A                 ; N/A    ;              ;
+-----------------+--------------------+----------+------------------+---------------+--------------+----------+-----------------------+---------------------+--------+--------------+


+------------------------------------------+
; Parallel Compilation                     ;
+----------------------------+-------------+
; Processors                 ; Number      ;
+----------------------------+-------------+
; Number detected on machine ; 4           ;
; Maximum allowed            ; 4           ;
;                            ;             ;
; Average used               ; 1.00        ;
; Maximum used               ; 1           ;
;                            ;             ;
; Usage by Processor         ; % Time Used ;
;     1 processor            ; 100.0%      ;
;     2-4 processors         ;   0.0%      ;
+----------------------------+-------------+


+------------------------------------------------------------------------+
; tsu                                                                    ;
+-------+--------------+------------+------+------------------+----------+
; Slack ; Required tsu ; Actual tsu ; From ; To               ; To Clock ;
+-------+--------------+------------+------+------------------+----------+
; N/A   ; None         ; 8.998 ns   ; B[3] ; DATA_OUT[7]~reg0 ; clk      ;
; N/A   ; None         ; 8.966 ns   ; B[4] ; DATA_OUT[7]~reg0 ; clk      ;
; N/A   ; None         ; 8.957 ns   ; A[4] ; DATA_OUT[7]~reg0 ; clk      ;
; N/A   ; None         ; 8.927 ns   ; B[3] ; DATA_OUT[6]~reg0 ; clk      ;
; N/A   ; None         ; 8.917 ns   ; A[6] ; DATA_OUT[7]~reg0 ; clk      ;
; N/A   ; None         ; 8.910 ns   ; B[5] ; DATA_OUT[7]~reg0 ; clk      ;
; N/A   ; None         ; 8.895 ns   ; B[4] ; DATA_OUT[6]~reg0 ; clk      ;
; N/A   ; None         ; 8.886 ns   ; A[4] ; DATA_OUT[6]~reg0 ; clk      ;
; N/A   ; None         ; 8.886 ns   ; B[2] ; DATA_OUT[7]~reg0 ; clk      ;
; N/A   ; None         ; 8.856 ns   ; B[3] ; DATA_OUT[5]~reg0 ; clk      ;
; N/A   ; None         ; 8.839 ns   ; B[5] ; DATA_OUT[6]~reg0 ; clk      ;
; N/A   ; None         ; 8.824 ns   ; B[4] ; DATA_OUT[5]~reg0 ; clk      ;
; N/A   ; None         ; 8.820 ns   ; A[5] ; DATA_OUT[7]~reg0 ; clk      ;
; N/A   ; None         ; 8.815 ns   ; A[4] ; DATA_OUT[5]~reg0 ; clk      ;
; N/A   ; None         ; 8.815 ns   ; B[2] ; DATA_OUT[6]~reg0 ; clk      ;
; N/A   ; None         ; 8.813 ns   ; A[0] ; DATA_OUT[7]~reg0 ; clk      ;
; N/A   ; None         ; 8.788 ns   ; B[0] ; DATA_OUT[7]~reg0 ; clk      ;
; N/A   ; None         ; 8.785 ns   ; B[3] ; DATA_OUT[4]~reg0 ; clk      ;
; N/A   ; None         ; 8.749 ns   ; A[5] ; DATA_OUT[6]~reg0 ; clk      ;
; N/A   ; None         ; 8.744 ns   ; B[2] ; DATA_OUT[5]~reg0 ; clk      ;
; N/A   ; None         ; 8.742 ns   ; A[0] ; DATA_OUT[6]~reg0 ; clk      ;
; N/A   ; None         ; 8.717 ns   ; B[0] ; DATA_OUT[6]~reg0 ; clk      ;
; N/A   ; None         ; 8.691 ns   ; B[1] ; DATA_OUT[7]~reg0 ; clk      ;
; N/A   ; None         ; 8.673 ns   ; B[2] ; DATA_OUT[4]~reg0 ; clk      ;
; N/A   ; None         ; 8.671 ns   ; A[0] ; DATA_OUT[5]~reg0 ; clk      ;
; N/A   ; None         ; 8.646 ns   ; B[0] ; DATA_OUT[5]~reg0 ; clk      ;
; N/A   ; None         ; 8.620 ns   ; B[1] ; DATA_OUT[6]~reg0 ; clk      ;
; N/A   ; None         ; 8.614 ns   ; A[2] ; DATA_OUT[7]~reg0 ; clk      ;
; N/A   ; None         ; 8.602 ns   ; B[2] ; DATA_OUT[3]~reg0 ; clk      ;
; N/A   ; None         ; 8.600 ns   ; A[0] ; DATA_OUT[4]~reg0 ; clk      ;
; N/A   ; None         ; 8.575 ns   ; A[1] ; DATA_OUT[7]~reg0 ; clk      ;
; N/A   ; None         ; 8.575 ns   ; B[0] ; DATA_OUT[4]~reg0 ; clk      ;
; N/A   ; None         ; 8.549 ns   ; B[1] ; DATA_OUT[5]~reg0 ; clk      ;
; N/A   ; None         ; 8.543 ns   ; A[2] ; DATA_OUT[6]~reg0 ; clk      ;
; N/A   ; None         ; 8.534 ns   ; A[6] ; DATA_OUT[6]~reg0 ; clk      ;
; N/A   ; None         ; 8.529 ns   ; A[0] ; DATA_OUT[3]~reg0 ; clk      ;
; N/A   ; None         ; 8.504 ns   ; A[1] ; DATA_OUT[6]~reg0 ; clk      ;
; N/A   ; None         ; 8.504 ns   ; B[0] ; DATA_OUT[3]~reg0 ; clk      ;
; N/A   ; None         ; 8.478 ns   ; B[1] ; DATA_OUT[4]~reg0 ; clk      ;
; N/A   ; None         ; 8.472 ns   ; A[2] ; DATA_OUT[5]~reg0 ; clk      ;
; N/A   ; None         ; 8.458 ns   ; A[0] ; DATA_OUT[2]~reg0 ; clk      ;
; N/A   ; None         ; 8.452 ns   ; B[5] ; DATA_OUT[5]~reg0 ; clk      ;
; N/A   ; None         ; 8.438 ns   ; B[4] ; DATA_OUT[4]~reg0 ; clk      ;
; N/A   ; None         ; 8.433 ns   ; A[1] ; DATA_OUT[5]~reg0 ; clk      ;
; N/A   ; None         ; 8.433 ns   ; B[0] ; DATA_OUT[2]~reg0 ; clk      ;
; N/A   ; None         ; 8.429 ns   ; A[4] ; DATA_OUT[4]~reg0 ; clk      ;
; N/A   ; None         ; 8.408 ns   ; A[3] ; DATA_OUT[7]~reg0 ; clk      ;
; N/A   ; None         ; 8.407 ns   ; B[1] ; DATA_OUT[3]~reg0 ; clk      ;
; N/A   ; None         ; 8.401 ns   ; A[2] ; DATA_OUT[4]~reg0 ; clk      ;
; N/A   ; None         ; 8.399 ns   ; B[3] ; DATA_OUT[3]~reg0 ; clk      ;
; N/A   ; None         ; 8.387 ns   ; A[0] ; DATA_OUT[1]~reg0 ; clk      ;
; N/A   ; None         ; 8.362 ns   ; A[5] ; DATA_OUT[5]~reg0 ; clk      ;
; N/A   ; None         ; 8.362 ns   ; A[1] ; DATA_OUT[4]~reg0 ; clk      ;
; N/A   ; None         ; 8.362 ns   ; B[0] ; DATA_OUT[1]~reg0 ; clk      ;
; N/A   ; None         ; 8.337 ns   ; A[3] ; DATA_OUT[6]~reg0 ; clk      ;
; N/A   ; None         ; 8.336 ns   ; B[1] ; DATA_OUT[2]~reg0 ; clk      ;
; N/A   ; None         ; 8.330 ns   ; A[2] ; DATA_OUT[3]~reg0 ; clk      ;
; N/A   ; None         ; 8.296 ns   ; B[6] ; DATA_OUT[7]~reg0 ; clk      ;
; N/A   ; None         ; 8.291 ns   ; A[1] ; DATA_OUT[3]~reg0 ; clk      ;
; N/A   ; None         ; 8.266 ns   ; A[3] ; DATA_OUT[5]~reg0 ; clk      ;
; N/A   ; None         ; 8.220 ns   ; A[1] ; DATA_OUT[2]~reg0 ; clk      ;
; N/A   ; None         ; 8.219 ns   ; B[2] ; DATA_OUT[2]~reg0 ; clk      ;
; N/A   ; None         ; 8.195 ns   ; A[3] ; DATA_OUT[4]~reg0 ; clk      ;
; N/A   ; None         ; 8.088 ns   ; B[7] ; DATA_OUT[7]~reg0 ; clk      ;
; N/A   ; None         ; 8.039 ns   ; A[7] ; DATA_OUT[7]~reg0 ; clk      ;
; N/A   ; None         ; 7.950 ns   ; B[1] ; DATA_OUT[1]~reg0 ; clk      ;
; N/A   ; None         ; 7.947 ns   ; A[2] ; DATA_OUT[2]~reg0 ; clk      ;
; N/A   ; None         ; 7.913 ns   ; B[6] ; DATA_OUT[6]~reg0 ; clk      ;
; N/A   ; None         ; 7.912 ns   ; A[0] ; DATA_OUT[0]~reg0 ; clk      ;
; N/A   ; None         ; 7.887 ns   ; B[0] ; DATA_OUT[0]~reg0 ; clk      ;
; N/A   ; None         ; 7.834 ns   ; A[1] ; DATA_OUT[1]~reg0 ; clk      ;
; N/A   ; None         ; 7.809 ns   ; A[3] ; DATA_OUT[3]~reg0 ; clk      ;
; N/A   ; None         ; 5.068 ns   ; C[3] ; DATA_OUT[7]~reg0 ; clk      ;
; N/A   ; None         ; 4.997 ns   ; C[3] ; DATA_OUT[6]~reg0 ; clk      ;
; N/A   ; None         ; 4.926 ns   ; C[3] ; DATA_OUT[5]~reg0 ; clk      ;
; N/A   ; None         ; 4.855 ns   ; C[3] ; DATA_OUT[4]~reg0 ; clk      ;
; N/A   ; None         ; 4.731 ns   ; C[4] ; DATA_OUT[7]~reg0 ; clk      ;
; N/A   ; None         ; 4.683 ns   ; C[5] ; DATA_OUT[7]~reg0 ; clk      ;
; N/A   ; None         ; 4.660 ns   ; C[4] ; DATA_OUT[6]~reg0 ; clk      ;
; N/A   ; None         ; 4.612 ns   ; C[5] ; DATA_OUT[6]~reg0 ; clk      ;
; N/A   ; None         ; 4.589 ns   ; C[4] ; DATA_OUT[5]~reg0 ; clk      ;
; N/A   ; None         ; 4.549 ns   ; C[6] ; DATA_OUT[7]~reg0 ; clk      ;
; N/A   ; None         ; 4.468 ns   ; C[3] ; DATA_OUT[3]~reg0 ; clk      ;
; N/A   ; None         ; 4.226 ns   ; C[5] ; DATA_OUT[5]~reg0 ; clk      ;
; N/A   ; None         ; 4.206 ns   ; C[4] ; DATA_OUT[4]~reg0 ; clk      ;
; N/A   ; None         ; 4.163 ns   ; C[6] ; DATA_OUT[6]~reg0 ; clk      ;
; N/A   ; None         ; 4.085 ns   ; C[7] ; DATA_OUT[7]~reg0 ; clk      ;
; N/A   ; None         ; 1.069 ns   ; C[0] ; DATA_OUT[7]~reg0 ; clk      ;
; N/A   ; None         ; 0.998 ns   ; C[0] ; DATA_OUT[6]~reg0 ; clk      ;
; N/A   ; None         ; 0.927 ns   ; C[0] ; DATA_OUT[5]~reg0 ; clk      ;
; N/A   ; None         ; 0.856 ns   ; C[0] ; DATA_OUT[4]~reg0 ; clk      ;
; N/A   ; None         ; 0.828 ns   ; C[1] ; DATA_OUT[7]~reg0 ; clk      ;
; N/A   ; None         ; 0.785 ns   ; C[0] ; DATA_OUT[3]~reg0 ; clk      ;
; N/A   ; None         ; 0.775 ns   ; C[2] ; DATA_OUT[7]~reg0 ; clk      ;
; N/A   ; None         ; 0.757 ns   ; C[1] ; DATA_OUT[6]~reg0 ; clk      ;
; N/A   ; None         ; 0.714 ns   ; C[0] ; DATA_OUT[2]~reg0 ; clk      ;
; N/A   ; None         ; 0.704 ns   ; C[2] ; DATA_OUT[6]~reg0 ; clk      ;
; N/A   ; None         ; 0.686 ns   ; C[1] ; DATA_OUT[5]~reg0 ; clk      ;
; N/A   ; None         ; 0.643 ns   ; C[0] ; DATA_OUT[1]~reg0 ; clk      ;
; N/A   ; None         ; 0.633 ns   ; C[2] ; DATA_OUT[5]~reg0 ; clk      ;
; N/A   ; None         ; 0.615 ns   ; C[1] ; DATA_OUT[4]~reg0 ; clk      ;
; N/A   ; None         ; 0.562 ns   ; C[2] ; DATA_OUT[4]~reg0 ; clk      ;
; N/A   ; None         ; 0.544 ns   ; C[1] ; DATA_OUT[3]~reg0 ; clk      ;
; N/A   ; None         ; 0.491 ns   ; C[2] ; DATA_OUT[3]~reg0 ; clk      ;
; N/A   ; None         ; 0.473 ns   ; C[1] ; DATA_OUT[2]~reg0 ; clk      ;
; N/A   ; None         ; 0.166 ns   ; C[0] ; DATA_OUT[0]~reg0 ; clk      ;
; N/A   ; None         ; 0.105 ns   ; C[2] ; DATA_OUT[2]~reg0 ; clk      ;
; N/A   ; None         ; 0.086 ns   ; C[1] ; DATA_OUT[1]~reg0 ; clk      ;
+-------+--------------+------------+------+------------------+----------+


+---------------------------------------------------------------------------------+
; tco                                                                             ;
+-------+--------------+------------+------------------+-------------+------------+
; Slack ; Required tco ; Actual tco ; From             ; To          ; From Clock ;
+-------+--------------+------------+------------------+-------------+------------+
; N/A   ; None         ; 7.396 ns   ; DATA_OUT[5]~reg0 ; DATA_OUT[5] ; clk        ;
; N/A   ; None         ; 7.220 ns   ; DATA_OUT[3]~reg0 ; DATA_OUT[3] ; clk        ;
; N/A   ; None         ; 6.890 ns   ; DATA_OUT[7]~reg0 ; DATA_OUT[7] ; clk        ;
; N/A   ; None         ; 6.846 ns   ; DATA_OUT[1]~reg0 ; DATA_OUT[1] ; clk        ;
; N/A   ; None         ; 6.688 ns   ; DATA_OUT[6]~reg0 ; DATA_OUT[6] ; clk        ;
; N/A   ; None         ; 6.674 ns   ; DATA_OUT[2]~reg0 ; DATA_OUT[2] ; clk        ;
; N/A   ; None         ; 6.402 ns   ; DATA_OUT[4]~reg0 ; DATA_OUT[4] ; clk        ;
; N/A   ; None         ; 6.396 ns   ; DATA_OUT[0]~reg0 ; DATA_OUT[0] ; clk        ;
+-------+--------------+------------+------------------+-------------+------------+


+------------------------------------------------------------------------------+
; th                                                                           ;
+---------------+-------------+-----------+------+------------------+----------+
; Minimum Slack ; Required th ; Actual th ; From ; To               ; To Clock ;
+---------------+-------------+-----------+------+------------------+----------+
; N/A           ; None        ; 0.144 ns  ; C[1] ; DATA_OUT[1]~reg0 ; clk      ;
; N/A           ; None        ; 0.125 ns  ; C[2] ; DATA_OUT[2]~reg0 ; clk      ;
; N/A           ; None        ; 0.064 ns  ; C[0] ; DATA_OUT[0]~reg0 ; clk      ;
; N/A           ; None        ; -0.243 ns ; C[1] ; DATA_OUT[2]~reg0 ; clk      ;
; N/A           ; None        ; -0.261 ns ; C[2] ; DATA_OUT[3]~reg0 ; clk      ;
; N/A           ; None        ; -0.314 ns ; C[1] ; DATA_OUT[3]~reg0 ; clk      ;
; N/A           ; None        ; -0.332 ns ; C[2] ; DATA_OUT[4]~reg0 ; clk      ;
; N/A           ; None        ; -0.385 ns ; C[1] ; DATA_OUT[4]~reg0 ; clk      ;
; N/A           ; None        ; -0.403 ns ; C[2] ; DATA_OUT[5]~reg0 ; clk      ;
; N/A           ; None        ; -0.413 ns ; C[0] ; DATA_OUT[1]~reg0 ; clk      ;
; N/A           ; None        ; -0.456 ns ; C[1] ; DATA_OUT[5]~reg0 ; clk      ;
; N/A           ; None        ; -0.474 ns ; C[2] ; DATA_OUT[6]~reg0 ; clk      ;
; N/A           ; None        ; -0.484 ns ; C[0] ; DATA_OUT[2]~reg0 ; clk      ;
; N/A           ; None        ; -0.527 ns ; C[1] ; DATA_OUT[6]~reg0 ; clk      ;
; N/A           ; None        ; -0.545 ns ; C[2] ; DATA_OUT[7]~reg0 ; clk      ;
; N/A           ; None        ; -0.555 ns ; C[0] ; DATA_OUT[3]~reg0 ; clk      ;
; N/A           ; None        ; -0.598 ns ; C[1] ; DATA_OUT[7]~reg0 ; clk      ;
; N/A           ; None        ; -0.626 ns ; C[0] ; DATA_OUT[4]~reg0 ; clk      ;
; N/A           ; None        ; -0.697 ns ; C[0] ; DATA_OUT[5]~reg0 ; clk      ;
; N/A           ; None        ; -0.768 ns ; C[0] ; DATA_OUT[6]~reg0 ; clk      ;
; N/A           ; None        ; -0.839 ns ; C[0] ; DATA_OUT[7]~reg0 ; clk      ;
; N/A           ; None        ; -3.855 ns ; C[7] ; DATA_OUT[7]~reg0 ; clk      ;
; N/A           ; None        ; -3.933 ns ; C[6] ; DATA_OUT[6]~reg0 ; clk      ;
; N/A           ; None        ; -3.976 ns ; C[4] ; DATA_OUT[4]~reg0 ; clk      ;
; N/A           ; None        ; -3.996 ns ; C[5] ; DATA_OUT[5]~reg0 ; clk      ;
; N/A           ; None        ; -4.238 ns ; C[3] ; DATA_OUT[3]~reg0 ; clk      ;
; N/A           ; None        ; -4.319 ns ; C[6] ; DATA_OUT[7]~reg0 ; clk      ;
; N/A           ; None        ; -4.359 ns ; C[4] ; DATA_OUT[5]~reg0 ; clk      ;
; N/A           ; None        ; -4.382 ns ; C[5] ; DATA_OUT[6]~reg0 ; clk      ;
; N/A           ; None        ; -4.430 ns ; C[4] ; DATA_OUT[6]~reg0 ; clk      ;
; N/A           ; None        ; -4.453 ns ; C[5] ; DATA_OUT[7]~reg0 ; clk      ;
; N/A           ; None        ; -4.501 ns ; C[4] ; DATA_OUT[7]~reg0 ; clk      ;
; N/A           ; None        ; -4.625 ns ; C[3] ; DATA_OUT[4]~reg0 ; clk      ;
; N/A           ; None        ; -4.696 ns ; C[3] ; DATA_OUT[5]~reg0 ; clk      ;
; N/A           ; None        ; -4.767 ns ; C[3] ; DATA_OUT[6]~reg0 ; clk      ;
; N/A           ; None        ; -4.838 ns ; C[3] ; DATA_OUT[7]~reg0 ; clk      ;
; N/A           ; None        ; -7.320 ns ; A[3] ; DATA_OUT[7]~reg0 ; clk      ;
; N/A           ; None        ; -7.339 ns ; A[1] ; DATA_OUT[7]~reg0 ; clk      ;
; N/A           ; None        ; -7.411 ns ; B[6] ; DATA_OUT[7]~reg0 ; clk      ;
; N/A           ; None        ; -7.424 ns ; B[0] ; DATA_OUT[7]~reg0 ; clk      ;
; N/A           ; None        ; -7.449 ns ; A[0] ; DATA_OUT[7]~reg0 ; clk      ;
; N/A           ; None        ; -7.455 ns ; B[1] ; DATA_OUT[7]~reg0 ; clk      ;
; N/A           ; None        ; -7.503 ns ; A[2] ; DATA_OUT[7]~reg0 ; clk      ;
; N/A           ; None        ; -7.538 ns ; A[3] ; DATA_OUT[5]~reg0 ; clk      ;
; N/A           ; None        ; -7.553 ns ; A[1] ; DATA_OUT[2]~reg0 ; clk      ;
; N/A           ; None        ; -7.557 ns ; A[1] ; DATA_OUT[5]~reg0 ; clk      ;
; N/A           ; None        ; -7.579 ns ; A[3] ; DATA_OUT[3]~reg0 ; clk      ;
; N/A           ; None        ; -7.592 ns ; A[3] ; DATA_OUT[6]~reg0 ; clk      ;
; N/A           ; None        ; -7.598 ns ; A[1] ; DATA_OUT[3]~reg0 ; clk      ;
; N/A           ; None        ; -7.604 ns ; A[1] ; DATA_OUT[1]~reg0 ; clk      ;
; N/A           ; None        ; -7.611 ns ; A[1] ; DATA_OUT[6]~reg0 ; clk      ;
; N/A           ; None        ; -7.638 ns ; B[0] ; DATA_OUT[2]~reg0 ; clk      ;
; N/A           ; None        ; -7.642 ns ; B[0] ; DATA_OUT[5]~reg0 ; clk      ;
; N/A           ; None        ; -7.649 ns ; A[3] ; DATA_OUT[4]~reg0 ; clk      ;
; N/A           ; None        ; -7.657 ns ; B[0] ; DATA_OUT[0]~reg0 ; clk      ;
; N/A           ; None        ; -7.663 ns ; A[0] ; DATA_OUT[2]~reg0 ; clk      ;
; N/A           ; None        ; -7.667 ns ; A[0] ; DATA_OUT[5]~reg0 ; clk      ;
; N/A           ; None        ; -7.668 ns ; A[1] ; DATA_OUT[4]~reg0 ; clk      ;
; N/A           ; None        ; -7.669 ns ; B[1] ; DATA_OUT[2]~reg0 ; clk      ;
; N/A           ; None        ; -7.673 ns ; B[1] ; DATA_OUT[5]~reg0 ; clk      ;
; N/A           ; None        ; -7.682 ns ; A[0] ; DATA_OUT[0]~reg0 ; clk      ;
; N/A           ; None        ; -7.683 ns ; B[6] ; DATA_OUT[6]~reg0 ; clk      ;
; N/A           ; None        ; -7.683 ns ; B[0] ; DATA_OUT[3]~reg0 ; clk      ;
; N/A           ; None        ; -7.689 ns ; B[0] ; DATA_OUT[1]~reg0 ; clk      ;
; N/A           ; None        ; -7.696 ns ; B[0] ; DATA_OUT[6]~reg0 ; clk      ;
; N/A           ; None        ; -7.708 ns ; A[0] ; DATA_OUT[3]~reg0 ; clk      ;
; N/A           ; None        ; -7.714 ns ; B[1] ; DATA_OUT[3]~reg0 ; clk      ;
; N/A           ; None        ; -7.714 ns ; A[0] ; DATA_OUT[1]~reg0 ; clk      ;
; N/A           ; None        ; -7.717 ns ; A[2] ; DATA_OUT[2]~reg0 ; clk      ;
; N/A           ; None        ; -7.720 ns ; B[1] ; DATA_OUT[1]~reg0 ; clk      ;
; N/A           ; None        ; -7.721 ns ; A[2] ; DATA_OUT[5]~reg0 ; clk      ;
; N/A           ; None        ; -7.721 ns ; A[0] ; DATA_OUT[6]~reg0 ; clk      ;
; N/A           ; None        ; -7.727 ns ; B[1] ; DATA_OUT[6]~reg0 ; clk      ;
; N/A           ; None        ; -7.753 ns ; B[0] ; DATA_OUT[4]~reg0 ; clk      ;
; N/A           ; None        ; -7.762 ns ; A[2] ; DATA_OUT[3]~reg0 ; clk      ;
; N/A           ; None        ; -7.775 ns ; B[2] ; DATA_OUT[7]~reg0 ; clk      ;
; N/A           ; None        ; -7.775 ns ; A[2] ; DATA_OUT[6]~reg0 ; clk      ;
; N/A           ; None        ; -7.778 ns ; A[0] ; DATA_OUT[4]~reg0 ; clk      ;
; N/A           ; None        ; -7.784 ns ; B[1] ; DATA_OUT[4]~reg0 ; clk      ;
; N/A           ; None        ; -7.809 ns ; A[7] ; DATA_OUT[7]~reg0 ; clk      ;
; N/A           ; None        ; -7.832 ns ; A[2] ; DATA_OUT[4]~reg0 ; clk      ;
; N/A           ; None        ; -7.858 ns ; B[7] ; DATA_OUT[7]~reg0 ; clk      ;
; N/A           ; None        ; -7.870 ns ; A[4] ; DATA_OUT[7]~reg0 ; clk      ;
; N/A           ; None        ; -7.879 ns ; B[4] ; DATA_OUT[7]~reg0 ; clk      ;
; N/A           ; None        ; -7.910 ns ; B[3] ; DATA_OUT[7]~reg0 ; clk      ;
; N/A           ; None        ; -7.914 ns ; A[5] ; DATA_OUT[7]~reg0 ; clk      ;
; N/A           ; None        ; -7.989 ns ; B[2] ; DATA_OUT[2]~reg0 ; clk      ;
; N/A           ; None        ; -7.993 ns ; B[2] ; DATA_OUT[5]~reg0 ; clk      ;
; N/A           ; None        ; -8.004 ns ; B[5] ; DATA_OUT[7]~reg0 ; clk      ;
; N/A           ; None        ; -8.032 ns ; A[6] ; DATA_OUT[7]~reg0 ; clk      ;
; N/A           ; None        ; -8.034 ns ; B[2] ; DATA_OUT[3]~reg0 ; clk      ;
; N/A           ; None        ; -8.047 ns ; B[2] ; DATA_OUT[6]~reg0 ; clk      ;
; N/A           ; None        ; -8.088 ns ; A[4] ; DATA_OUT[5]~reg0 ; clk      ;
; N/A           ; None        ; -8.097 ns ; B[4] ; DATA_OUT[5]~reg0 ; clk      ;
; N/A           ; None        ; -8.104 ns ; B[2] ; DATA_OUT[4]~reg0 ; clk      ;
; N/A           ; None        ; -8.128 ns ; B[3] ; DATA_OUT[5]~reg0 ; clk      ;
; N/A           ; None        ; -8.132 ns ; A[5] ; DATA_OUT[5]~reg0 ; clk      ;
; N/A           ; None        ; -8.142 ns ; A[4] ; DATA_OUT[6]~reg0 ; clk      ;
; N/A           ; None        ; -8.151 ns ; B[4] ; DATA_OUT[6]~reg0 ; clk      ;
; N/A           ; None        ; -8.169 ns ; B[3] ; DATA_OUT[3]~reg0 ; clk      ;
; N/A           ; None        ; -8.182 ns ; B[3] ; DATA_OUT[6]~reg0 ; clk      ;
; N/A           ; None        ; -8.186 ns ; A[5] ; DATA_OUT[6]~reg0 ; clk      ;
; N/A           ; None        ; -8.199 ns ; A[4] ; DATA_OUT[4]~reg0 ; clk      ;
; N/A           ; None        ; -8.208 ns ; B[4] ; DATA_OUT[4]~reg0 ; clk      ;
; N/A           ; None        ; -8.222 ns ; B[5] ; DATA_OUT[5]~reg0 ; clk      ;
; N/A           ; None        ; -8.239 ns ; B[3] ; DATA_OUT[4]~reg0 ; clk      ;
; N/A           ; None        ; -8.276 ns ; B[5] ; DATA_OUT[6]~reg0 ; clk      ;
; N/A           ; None        ; -8.304 ns ; A[6] ; DATA_OUT[6]~reg0 ; clk      ;
+---------------+-------------+-----------+------+------------------+----------+


+--------------------------+
; Timing Analyzer Messages ;
+--------------------------+
Info: *******************************************************************
Info: Running Quartus II 64-Bit Classic Timing Analyzer
    Info: Version 9.1 Build 350 03/24/2010 Service Pack 2 SJ Full Version
    Info: Processing started: Tue Oct 23 00:32:51 2018
Info: Command: quartus_tan --read_settings_files=off --write_settings_files=off regidtr -c registr --timing_analysis_only
Info: Parallel compilation is enabled and will use 4 of the 4 processors detected
Warning: Found pins functioning as undefined clocks and/or memory enables
    Info: Assuming node "clk" is an undefined clock
Info: No valid register-to-register data paths exist for clock "clk"
Info: tsu for register "DATA_OUT[7]~reg0" (data pin = "B[3]", clock pin = "clk") is 8.998 ns
    Info: + Longest pin to register delay is 11.390 ns
        Info: 1: + IC(0.000 ns) + CELL(0.850 ns) = 0.850 ns; Loc. = PIN_137; Fanout = 13; PIN Node = 'B[3]'
        Info: 2: + IC(5.608 ns) + CELL(2.358 ns) = 8.816 ns; Loc. = DSPMULT_X16_Y8_N0; Fanout = 1; COMB Node = 'lpm_mult:Mult0|mult_o5t:auto_generated|mac_mult1~DATAOUT3'
        Info: 3: + IC(0.000 ns) + CELL(0.224 ns) = 9.040 ns; Loc. = DSPOUT_X16_Y8_N2; Fanout = 2; COMB Node = 'lpm_mult:Mult0|mult_o5t:auto_generated|mac_out2~DATAOUT3'
        Info: 4: + IC(1.229 ns) + CELL(0.414 ns) = 10.683 ns; Loc. = LCCOMB_X10_Y4_N20; Fanout = 2; COMB Node = 'DATA_OUT[3]~15'
        Info: 5: + IC(0.000 ns) + CELL(0.071 ns) = 10.754 ns; Loc. = LCCOMB_X10_Y4_N22; Fanout = 2; COMB Node = 'DATA_OUT[4]~17'
        Info: 6: + IC(0.000 ns) + CELL(0.071 ns) = 10.825 ns; Loc. = LCCOMB_X10_Y4_N24; Fanout = 2; COMB Node = 'DATA_OUT[5]~19'
        Info: 7: + IC(0.000 ns) + CELL(0.071 ns) = 10.896 ns; Loc. = LCCOMB_X10_Y4_N26; Fanout = 1; COMB Node = 'DATA_OUT[6]~21'
        Info: 8: + IC(0.000 ns) + CELL(0.410 ns) = 11.306 ns; Loc. = LCCOMB_X10_Y4_N28; Fanout = 1; COMB Node = 'DATA_OUT[7]~22'
        Info: 9: + IC(0.000 ns) + CELL(0.084 ns) = 11.390 ns; Loc. = LCFF_X10_Y4_N29; Fanout = 1; REG Node = 'DATA_OUT[7]~reg0'
        Info: Total cell delay = 4.553 ns ( 39.97 % )
        Info: Total interconnect delay = 6.837 ns ( 60.03 % )
    Info: + Micro setup delay of destination is -0.036 ns
    Info: - Shortest clock path from clock "clk" to destination register is 2.356 ns
        Info: 1: + IC(0.000 ns) + CELL(0.989 ns) = 0.989 ns; Loc. = PIN_17; Fanout = 1; CLK Node = 'clk'
        Info: 2: + IC(0.122 ns) + CELL(0.000 ns) = 1.111 ns; Loc. = CLKCTRL_G2; Fanout = 8; COMB Node = 'clk~clkctrl'
        Info: 3: + IC(0.708 ns) + CELL(0.537 ns) = 2.356 ns; Loc. = LCFF_X10_Y4_N29; Fanout = 1; REG Node = 'DATA_OUT[7]~reg0'
        Info: Total cell delay = 1.526 ns ( 64.77 % )
        Info: Total interconnect delay = 0.830 ns ( 35.23 % )
Info: tco from clock "clk" to destination pin "DATA_OUT[5]" through register "DATA_OUT[5]~reg0" is 7.396 ns
    Info: + Longest clock path from clock "clk" to source register is 2.356 ns
        Info: 1: + IC(0.000 ns) + CELL(0.989 ns) = 0.989 ns; Loc. = PIN_17; Fanout = 1; CLK Node = 'clk'
        Info: 2: + IC(0.122 ns) + CELL(0.000 ns) = 1.111 ns; Loc. = CLKCTRL_G2; Fanout = 8; COMB Node = 'clk~clkctrl'
        Info: 3: + IC(0.708 ns) + CELL(0.537 ns) = 2.356 ns; Loc. = LCFF_X10_Y4_N25; Fanout = 1; REG Node = 'DATA_OUT[5]~reg0'
        Info: Total cell delay = 1.526 ns ( 64.77 % )
        Info: Total interconnect delay = 0.830 ns ( 35.23 % )
    Info: + Micro clock to output delay of source is 0.250 ns
    Info: + Longest register to pin delay is 4.790 ns
        Info: 1: + IC(0.000 ns) + CELL(0.000 ns) = 0.000 ns; Loc. = LCFF_X10_Y4_N25; Fanout = 1; REG Node = 'DATA_OUT[5]~reg0'
        Info: 2: + IC(1.992 ns) + CELL(2.798 ns) = 4.790 ns; Loc. = PIN_122; Fanout = 0; PIN Node = 'DATA_OUT[5]'
        Info: Total cell delay = 2.798 ns ( 58.41 % )
        Info: Total interconnect delay = 1.992 ns ( 41.59 % )
Info: th for register "DATA_OUT[1]~reg0" (data pin = "C[1]", clock pin = "clk") is 0.144 ns
    Info: + Longest clock path from clock "clk" to destination register is 2.356 ns
        Info: 1: + IC(0.000 ns) + CELL(0.989 ns) = 0.989 ns; Loc. = PIN_17; Fanout = 1; CLK Node = 'clk'
        Info: 2: + IC(0.122 ns) + CELL(0.000 ns) = 1.111 ns; Loc. = CLKCTRL_G2; Fanout = 8; COMB Node = 'clk~clkctrl'
        Info: 3: + IC(0.708 ns) + CELL(0.537 ns) = 2.356 ns; Loc. = LCFF_X10_Y4_N17; Fanout = 1; REG Node = 'DATA_OUT[1]~reg0'
        Info: Total cell delay = 1.526 ns ( 64.77 % )
        Info: Total interconnect delay = 0.830 ns ( 35.23 % )
    Info: + Micro hold delay of destination is 0.266 ns
    Info: - Shortest pin to register delay is 2.478 ns
        Info: 1: + IC(0.000 ns) + CELL(0.989 ns) = 0.989 ns; Loc. = PIN_21; Fanout = 2; PIN Node = 'C[1]'
        Info: 2: + IC(0.989 ns) + CELL(0.416 ns) = 2.394 ns; Loc. = LCCOMB_X10_Y4_N16; Fanout = 1; COMB Node = 'DATA_OUT[1]~10'
        Info: 3: + IC(0.000 ns) + CELL(0.084 ns) = 2.478 ns; Loc. = LCFF_X10_Y4_N17; Fanout = 1; REG Node = 'DATA_OUT[1]~reg0'
        Info: Total cell delay = 1.489 ns ( 60.09 % )
        Info: Total interconnect delay = 0.989 ns ( 39.91 % )
Info: Quartus II 64-Bit Classic Timing Analyzer was successful. 0 errors, 9 warnings
    Info: Peak virtual memory: 224 megabytes
    Info: Processing ended: Tue Oct 23 00:32:52 2018
    Info: Elapsed time: 00:00:01
    Info: Total CPU time (on all processors): 00:00:00


