Flow report for task1
Sun Oct 28 19:49:06 2018
Quartus II Version 9.1 Build 350 03/24/2010 Service Pack 2 SJ Full Version


---------------------
; Table of Contents ;
---------------------
  1. Legal Notice
  2. Flow Summary
  3. Flow Settings
  4. Flow Non-Default Global Settings
  5. Flow Elapsed Time
  6. Flow OS Summary
  7. Flow Log



----------------
; Legal Notice ;
----------------
Copyright (C) 1991-2010 Altera Corporation
Your use of Altera Corporation's design tools, logic functions 
and other software and tools, and its AMPP partner logic 
functions, and any output files from any of the foregoing 
(including device programming or simulation files), and any 
associated documentation or information are expressly subject 
to the terms and conditions of the Altera Program License 
Subscription Agreement, Altera MegaCore Function License 
Agreement, or other applicable license agreement, including, 
without limitation, that your use is for the sole purpose of 
programming logic devices manufactured by Altera and sold by 
Altera or its authorized distributors.  Please refer to the 
applicable agreement for further details.



+------------------------------------------------------------------------------------+
; Flow Summary                                                                       ;
+------------------------------------+-----------------------------------------------+
; Flow Status                        ; Successful - Sun Oct 28 19:49:05 2018         ;
; Quartus II Version                 ; 9.1 Build 350 03/24/2010 SP 2 SJ Full Version ;
; Revision Name                      ; task1                                         ;
; Top-level Entity Name              ; task1                                         ;
; Family                             ; Cyclone III                                   ;
; Met timing requirements            ; N/A                                           ;
; Total logic elements               ; 1 / 5,136 ( < 1 % )                           ;
;     Total combinational functions  ; 1 / 5,136 ( < 1 % )                           ;
;     Dedicated logic registers      ; 0 / 5,136 ( 0 % )                             ;
; Total registers                    ; 0                                             ;
; Total pins                         ; 3 / 183 ( 2 % )                               ;
; Total virtual pins                 ; 0                                             ;
; Total memory bits                  ; 0 / 423,936 ( 0 % )                           ;
; Embedded Multiplier 9-bit elements ; 0 / 46 ( 0 % )                                ;
; Total PLLs                         ; 0 / 2 ( 0 % )                                 ;
; Device                             ; EP3C5F256C6                                   ;
; Timing Models                      ; Final                                         ;
+------------------------------------+-----------------------------------------------+


+-----------------------------------------+
; Flow Settings                           ;
+-------------------+---------------------+
; Option            ; Setting             ;
+-------------------+---------------------+
; Start date & time ; 10/28/2018 19:48:51 ;
; Main task         ; Compilation         ;
; Revision Name     ; task1               ;
+-------------------+---------------------+


+---------------------------------------------------------------------------------------------------------------------+
; Flow Non-Default Global Settings                                                                                    ;
+------------------------------------+---------------------------------+---------------+-------------+----------------+
; Assignment Name                    ; Value                           ; Default Value ; Entity Name ; Section Id     ;
+------------------------------------+---------------------------------+---------------+-------------+----------------+
; COMPILER_SIGNATURE_ID              ; 105852882198163.154073093112480 ; --            ; --          ; --             ;
; PARTITION_COLOR                    ; 16764057                        ; --            ; --          ; Top            ;
; PARTITION_NETLIST_TYPE             ; SOURCE                          ; --            ; --          ; Top            ;
; USE_GENERATED_PHYSICAL_CONSTRAINTS ; Off                             ; --            ; --          ; eda_blast_fpga ;
+------------------------------------+---------------------------------+---------------+-------------+----------------+


+-------------------------------------------------------------------------------------------------------------------------------+
; Flow Elapsed Time                                                                                                             ;
+---------------------------+--------------+-------------------------+---------------------+------------------------------------+
; Module Name               ; Elapsed Time ; Average Processors Used ; Peak Virtual Memory ; Total CPU Time (on all processors) ;
+---------------------------+--------------+-------------------------+---------------------+------------------------------------+
; Analysis & Synthesis      ; 00:00:02     ; 1.0                     ; 251 MB              ; 00:00:01                           ;
; Fitter                    ; 00:00:06     ; 1.0                     ; 378 MB              ; 00:00:06                           ;
; TimeQuest Timing Analyzer ; 00:00:04     ; 1.0                     ; 318 MB              ; 00:00:02                           ;
; Assembler                 ; 00:00:01     ; 1.0                     ; 242 MB              ; 00:00:01                           ;
; Total                     ; 00:00:12     ; --                      ; --                  ; 00:00:09                           ;
+---------------------------+--------------+-------------------------+---------------------+------------------------------------+


+--------------------------------------------------------------------------------------------+
; Flow OS Summary                                                                            ;
+---------------------------+------------------+---------------+------------+----------------+
; Module Name               ; Machine Hostname ; OS Name       ; OS Version ; Processor type ;
+---------------------------+------------------+---------------+------------+----------------+
; Analysis & Synthesis      ; DESKTOP-JO9U4EE  ; Windows Vista ; 6.2        ; x86_64         ;
; Fitter                    ; DESKTOP-JO9U4EE  ; Windows Vista ; 6.2        ; x86_64         ;
; Assembler                 ; DESKTOP-JO9U4EE  ; Windows Vista ; 6.2        ; x86_64         ;
; TimeQuest Timing Analyzer ; DESKTOP-JO9U4EE  ; Windows Vista ; 6.2        ; x86_64         ;
+---------------------------+------------------+---------------+------------+----------------+


------------
; Flow Log ;
------------
quartus_map --read_settings_files=on --write_settings_files=off task1 -c task1
quartus_fit --read_settings_files=off --write_settings_files=off task1 -c task1
quartus_asm --read_settings_files=off --write_settings_files=off task1 -c task1
quartus_sta task1 -c task1



